Сихів
Тарас Гродзіцький
Applicaton is started
initialized
5
Tab added
Tab added
Tab added
Tab added
Tab added
DUPLICATE ROZROBKA ON PRODUCT Норі *KS gold, 1уп/50шт -Норі -Норі
fillTotalSheet
fillConsumptionSheet
1091
1704
3010
1016
3042
1002
3170
3195
1036
3080
1023
3161
adding to list
clearing dishmap
sorting list
start write
end write
fillPurchaseSheet
fillShiftSheet
fillRozrobkaSheet
fillProdSheet
fillIngredientSheet
fillProdIngSheet
fillTehcardSheet
fillTotalSheet
fillConsumptionSheet
1091
1704
3010
1016
3042
1002
3170
3195
1036
3080
1023
3161
adding to list
clearing dishmap
sorting list
start write
end write
fillPurchaseSheet
fillShiftSheet
fillRozrobkaSheet
fillProdSheet
fillIngredientSheet
fillProdIngSheet
fillTehcardSheet
fillTotalSheet
fillConsumptionSheet
1009
3050
1076
1703
1708
3001
3164
3198
1093
1046
3099
1020
3132
adding to list
clearing dishmap
sorting list
start write
end write
fillPurchaseSheet
fillShiftSheet
fillRozrobkaSheet
fillProdSheet
fillIngredientSheet
fillProdIngSheet
fillTehcardSheet
