Сихів
Тарас Гродзіцький
Applicaton is started
initialized
ROW_COUNT = 20
Імбир
Авокадо
Ананас Консервований
Апельсин
Артишок
Базилік
Банан
Бекон
Борошно
Борошно Темпура
Бринза
Вакаме
Васабі порошок
Вершки
Вода
Вугор
Гірчиця
Дріжді
Каперси
Кетчуп
Ковбаса Папероні
Комбо
Копчене куряче філе
Кріп
Креветка
Кукурудза консервована
Кунжут смажений
Лапша
Лимон
Листя салату
Лосось
Лосось копчений
Мірін
Місопаста
Міцукан
Майонез
Мамінорі
Маслини
Масло 72%
Мед
Мисливські Ковбаски 
Морква
Мюнхенські Ковбаски 
Норі
НФ Васабі
НФ Заправка для рису
НФ Рис для суші
НФ Соус Альфредо
НФ Соус Барбекю
НФ Соус від Панди
НФ Соус Горіховий 
НФ Соус соєвий для суші
НФ Соус Спайс
НФ Соус Унагі
НФ Соус Цезар
НФ Суміш Темпура
НФ Тісто для піци
Огірок
Огірок Маринований
Окунь червоний
Олія оливкова
Оливки
Орегано
Перець болгарський
Перець консервований Халапеньйо
Перець мелений
Перець Чілі
Петрушка
Печериці
Полуниця
Помідори
Помідори Пелатті
Помідори Чері
Рис
Розпушувач
Руккола
Сіль
Салат Айсберг
Салат Чука
Сир Дорблю
Сир Мармуровий
Сир Моцарела
Сир Пармезан
Сир тостовий
Сир Тофу
Сир Філадельфія
Сир Фета
Сніжний краб
Соєвий соус концентрат
Соус Чілі
Стружка тунця
Сухарі
Тобіко червоне
Тунець
Тунець консервований
Хондаші
Цибуля зел
Цибуля Кримська
Цукор
Часник свіжий
Чорний кунжут
Шинка
Широмісу
Шпинат
Яйце перепелине
Борошно
Маслини
Сир Мармуровий
Тунець консервований
Шинка
Продукт/Інгредієнт/НФ
 -  -  -  -  -  - 
Продукт/Інгредієнт/НФ
 -  -  -  -  -  - 
Борошно
 - #,### - #,### гр - #,### - #,### гр -  - 
НФ Тісто для піци
 - #,### - #,### гр - #,### - #,### гр -  - 
Борошно вищий гатунок *Богомила, 1уп/50кг
 - #,### мішок - #,### гр - #,### мішок - #,### гр -  - 

 -  -  -  -  -  - 
Маслини
 - #,### - #,### гр - #,### - #,### гр -  - 
Маслини *Iberica, 1уп/0.115гр
 - #,### банка - #,### гр - #,### банка - #,### гр -  - 
Маслини *Iberica, 1уп/0.170гр.
 - #,### банка - #,### гр - #,### банка - #,### гр -  - 
Маслини *Exelencia, 1банка/2кг
 - #,### банка - #,### гр - #,### банка - #,### гр -  - 

 -  -  -  -  -  - 
Сир Мармуровий
 - #,### - #,### гр - #,### - #,### гр -  - 
Сир Мармуровий *Чортків, ваговий 
 - #,### - #,### гр - #,### - #,### гр -  - 

 -  -  -  -  -  - 
Тунець консервований
 - #,### - #,### гр - #,### - #,### гр -  - 
Тунець консервований *OceanSteamer, 1уп/0.195гр
 - #,### банка - #,### гр - #,### банка - #,### гр -  - 
Тунець консервований *Fish Line, 1уп/185г
 - #,### банка - #,### гр - #,### банка - #,### гр -  - 

 -  -  -  -  -  - 
Шинка
 - #,### - #,### гр - #,### - #,### гр -  - 
Шинка вагова
 - #,### - #,### гр - #,### - #,### гр -  - 
