java.net.ConnectException: Connection refused: connect
	at java.net.DualStackPlainSocketImpl.connect0(Native Method)
	at java.net.DualStackPlainSocketImpl.socketConnect(DualStackPlainSocketImpl.java:79)
	at java.net.AbstractPlainSocketImpl.doConnect(AbstractPlainSocketImpl.java:350)
	at java.net.AbstractPlainSocketImpl.connectToAddress(AbstractPlainSocketImpl.java:206)
	at java.net.AbstractPlainSocketImpl.connect(AbstractPlainSocketImpl.java:188)
	at java.net.PlainSocketImpl.connect(PlainSocketImpl.java:172)
	at java.net.SocksSocketImpl.connect(SocksSocketImpl.java:392)
	at java.net.Socket.connect(Socket.java:589)
	at java.net.Socket.connect(Socket.java:538)
	at sun.net.NetworkClient.doConnect(NetworkClient.java:180)
	at sun.net.www.http.HttpClient.openServer(HttpClient.java:432)
	at sun.net.www.http.HttpClient.openServer(HttpClient.java:527)
	at sun.net.www.http.HttpClient.<init>(HttpClient.java:211)
	at sun.net.www.http.HttpClient.New(HttpClient.java:308)
	at sun.net.www.http.HttpClient.New(HttpClient.java:326)
	at sun.net.www.protocol.http.HttpURLConnection.getNewHttpClient(HttpURLConnection.java:1202)
	at sun.net.www.protocol.http.HttpURLConnection.plainConnect0(HttpURLConnection.java:1138)
	at sun.net.www.protocol.http.HttpURLConnection.plainConnect(HttpURLConnection.java:1032)
	at sun.net.www.protocol.http.HttpURLConnection.connect(HttpURLConnection.java:966)
	at sun.net.www.protocol.http.HttpURLConnection.getOutputStream0(HttpURLConnection.java:1316)
	at sun.net.www.protocol.http.HttpURLConnection.getOutputStream(HttpURLConnection.java:1291)
	at ua.com.pandasushi.main.GlobalPandaApp.getConfig(GlobalPandaApp.java:233)
	at ua.com.pandasushi.main.GlobalPandaApp.lambda$showLoginStage$3(GlobalPandaApp.java:173)
	at com.sun.javafx.event.CompositeEventHandler.dispatchBubblingEvent(CompositeEventHandler.java:86)
	at com.sun.javafx.event.EventHandlerManager.dispatchBubblingEvent(EventHandlerManager.java:238)
	at com.sun.javafx.event.EventHandlerManager.dispatchBubblingEvent(EventHandlerManager.java:191)
	at com.sun.javafx.event.CompositeEventDispatcher.dispatchBubblingEvent(CompositeEventDispatcher.java:59)
	at com.sun.javafx.event.BasicEventDispatcher.dispatchEvent(BasicEventDispatcher.java:58)
	at com.sun.javafx.event.EventDispatchChainImpl.dispatchEvent(EventDispatchChainImpl.java:114)
	at com.sun.javafx.event.BasicEventDispatcher.dispatchEvent(BasicEventDispatcher.java:56)
	at com.sun.javafx.event.EventDispatchChainImpl.dispatchEvent(EventDispatchChainImpl.java:114)
	at com.sun.javafx.event.BasicEventDispatcher.dispatchEvent(BasicEventDispatcher.java:56)
	at com.sun.javafx.event.EventDispatchChainImpl.dispatchEvent(EventDispatchChainImpl.java:114)
	at com.sun.javafx.event.EventUtil.fireEventImpl(EventUtil.java:74)
	at com.sun.javafx.event.EventUtil.fireEvent(EventUtil.java:49)
	at javafx.event.Event.fireEvent(Event.java:198)
	at javafx.scene.Node.fireEvent(Node.java:8413)
	at com.sun.javafx.scene.control.behavior.TextFieldBehavior.fire(TextFieldBehavior.java:179)
	at com.sun.javafx.scene.control.behavior.TextInputControlBehavior.callAction(TextInputControlBehavior.java:178)
	at com.sun.javafx.scene.control.behavior.BehaviorBase.callActionForEvent(BehaviorBase.java:218)
	at com.sun.javafx.scene.control.behavior.TextInputControlBehavior.callActionForEvent(TextInputControlBehavior.java:127)
	at com.sun.javafx.scene.control.behavior.BehaviorBase.lambda$new$74(BehaviorBase.java:135)
	at com.sun.javafx.event.CompositeEventHandler$NormalEventHandlerRecord.handleBubblingEvent(CompositeEventHandler.java:218)
	at com.sun.javafx.event.CompositeEventHandler.dispatchBubblingEvent(CompositeEventHandler.java:80)
	at com.sun.javafx.event.EventHandlerManager.dispatchBubblingEvent(EventHandlerManager.java:238)
	at com.sun.javafx.event.EventHandlerManager.dispatchBubblingEvent(EventHandlerManager.java:191)
	at com.sun.javafx.event.CompositeEventDispatcher.dispatchBubblingEvent(CompositeEventDispatcher.java:59)
	at com.sun.javafx.event.BasicEventDispatcher.dispatchEvent(BasicEventDispatcher.java:58)
	at com.sun.javafx.event.EventDispatchChainImpl.dispatchEvent(EventDispatchChainImpl.java:114)
	at com.sun.javafx.event.BasicEventDispatcher.dispatchEvent(BasicEventDispatcher.java:56)
	at com.sun.javafx.event.EventDispatchChainImpl.dispatchEvent(EventDispatchChainImpl.java:114)
	at com.sun.javafx.event.BasicEventDispatcher.dispatchEvent(BasicEventDispatcher.java:56)
	at com.sun.javafx.event.EventDispatchChainImpl.dispatchEvent(EventDispatchChainImpl.java:114)
	at com.sun.javafx.event.EventUtil.fireEventImpl(EventUtil.java:74)
	at com.sun.javafx.event.EventUtil.fireEvent(EventUtil.java:54)
	at javafx.event.Event.fireEvent(Event.java:198)
	at javafx.scene.Scene$KeyHandler.process(Scene.java:3964)
	at javafx.scene.Scene$KeyHandler.access$1800(Scene.java:3910)
	at javafx.scene.Scene.impl_processKeyEvent(Scene.java:2040)
	at javafx.scene.Scene$ScenePeerListener.keyEvent(Scene.java:2501)
	at com.sun.javafx.tk.quantum.GlassViewEventHandler$KeyEventNotification.run(GlassViewEventHandler.java:217)
	at com.sun.javafx.tk.quantum.GlassViewEventHandler$KeyEventNotification.run(GlassViewEventHandler.java:149)
	at java.security.AccessController.doPrivileged(Native Method)
	at com.sun.javafx.tk.quantum.GlassViewEventHandler.lambda$handleKeyEvent$353(GlassViewEventHandler.java:248)
	at com.sun.javafx.tk.quantum.QuantumToolkit.runWithoutRenderLock(QuantumToolkit.java:389)
	at com.sun.javafx.tk.quantum.GlassViewEventHandler.handleKeyEvent(GlassViewEventHandler.java:247)
	at com.sun.glass.ui.View.handleKeyEvent(View.java:546)
	at com.sun.glass.ui.View.notifyKey(View.java:966)
	at com.sun.glass.ui.win.WinApplication._runLoop(Native Method)
	at com.sun.glass.ui.win.WinApplication.lambda$null$148(WinApplication.java:191)
	at java.lang.Thread.run(Thread.java:745)
Exception in thread "JavaFX Application Thread" java.lang.NullPointerException
	at ua.com.pandasushi.main.GlobalPandaApp.getConfig(GlobalPandaApp.java:245)
	at ua.com.pandasushi.main.GlobalPandaApp.lambda$showLoginStage$3(GlobalPandaApp.java:173)
	at com.sun.javafx.event.CompositeEventHandler.dispatchBubblingEvent(CompositeEventHandler.java:86)
	at com.sun.javafx.event.EventHandlerManager.dispatchBubblingEvent(EventHandlerManager.java:238)
	at com.sun.javafx.event.EventHandlerManager.dispatchBubblingEvent(EventHandlerManager.java:191)
	at com.sun.javafx.event.CompositeEventDispatcher.dispatchBubblingEvent(CompositeEventDispatcher.java:59)
	at com.sun.javafx.event.BasicEventDispatcher.dispatchEvent(BasicEventDispatcher.java:58)
	at com.sun.javafx.event.EventDispatchChainImpl.dispatchEvent(EventDispatchChainImpl.java:114)
	at com.sun.javafx.event.BasicEventDispatcher.dispatchEvent(BasicEventDispatcher.java:56)
	at com.sun.javafx.event.EventDispatchChainImpl.dispatchEvent(EventDispatchChainImpl.java:114)
	at com.sun.javafx.event.BasicEventDispatcher.dispatchEvent(BasicEventDispatcher.java:56)
	at com.sun.javafx.event.EventDispatchChainImpl.dispatchEvent(EventDispatchChainImpl.java:114)
	at com.sun.javafx.event.EventUtil.fireEventImpl(EventUtil.java:74)
	at com.sun.javafx.event.EventUtil.fireEvent(EventUtil.java:49)
	at javafx.event.Event.fireEvent(Event.java:198)
	at javafx.scene.Node.fireEvent(Node.java:8413)
	at com.sun.javafx.scene.control.behavior.TextFieldBehavior.fire(TextFieldBehavior.java:179)
	at com.sun.javafx.scene.control.behavior.TextInputControlBehavior.callAction(TextInputControlBehavior.java:178)
	at com.sun.javafx.scene.control.behavior.BehaviorBase.callActionForEvent(BehaviorBase.java:218)
	at com.sun.javafx.scene.control.behavior.TextInputControlBehavior.callActionForEvent(TextInputControlBehavior.java:127)
	at com.sun.javafx.scene.control.behavior.BehaviorBase.lambda$new$74(BehaviorBase.java:135)
	at com.sun.javafx.event.CompositeEventHandler$NormalEventHandlerRecord.handleBubblingEvent(CompositeEventHandler.java:218)
	at com.sun.javafx.event.CompositeEventHandler.dispatchBubblingEvent(CompositeEventHandler.java:80)
	at com.sun.javafx.event.EventHandlerManager.dispatchBubblingEvent(EventHandlerManager.java:238)
	at com.sun.javafx.event.EventHandlerManager.dispatchBubblingEvent(EventHandlerManager.java:191)
	at com.sun.javafx.event.CompositeEventDispatcher.dispatchBubblingEvent(CompositeEventDispatcher.java:59)
	at com.sun.javafx.event.BasicEventDispatcher.dispatchEvent(BasicEventDispatcher.java:58)
	at com.sun.javafx.event.EventDispatchChainImpl.dispatchEvent(EventDispatchChainImpl.java:114)
	at com.sun.javafx.event.BasicEventDispatcher.dispatchEvent(BasicEventDispatcher.java:56)
	at com.sun.javafx.event.EventDispatchChainImpl.dispatchEvent(EventDispatchChainImpl.java:114)
	at com.sun.javafx.event.BasicEventDispatcher.dispatchEvent(BasicEventDispatcher.java:56)
	at com.sun.javafx.event.EventDispatchChainImpl.dispatchEvent(EventDispatchChainImpl.java:114)
	at com.sun.javafx.event.EventUtil.fireEventImpl(EventUtil.java:74)
	at com.sun.javafx.event.EventUtil.fireEvent(EventUtil.java:54)
	at javafx.event.Event.fireEvent(Event.java:198)
	at javafx.scene.Scene$KeyHandler.process(Scene.java:3964)
	at javafx.scene.Scene$KeyHandler.access$1800(Scene.java:3910)
	at javafx.scene.Scene.impl_processKeyEvent(Scene.java:2040)
	at javafx.scene.Scene$ScenePeerListener.keyEvent(Scene.java:2501)
	at com.sun.javafx.tk.quantum.GlassViewEventHandler$KeyEventNotification.run(GlassViewEventHandler.java:217)
	at com.sun.javafx.tk.quantum.GlassViewEventHandler$KeyEventNotification.run(GlassViewEventHandler.java:149)
	at java.security.AccessController.doPrivileged(Native Method)
	at com.sun.javafx.tk.quantum.GlassViewEventHandler.lambda$handleKeyEvent$353(GlassViewEventHandler.java:248)
	at com.sun.javafx.tk.quantum.QuantumToolkit.runWithoutRenderLock(QuantumToolkit.java:389)
	at com.sun.javafx.tk.quantum.GlassViewEventHandler.handleKeyEvent(GlassViewEventHandler.java:247)
	at com.sun.glass.ui.View.handleKeyEvent(View.java:546)
	at com.sun.glass.ui.View.notifyKey(View.java:966)
	at com.sun.glass.ui.win.WinApplication._runLoop(Native Method)
	at com.sun.glass.ui.win.WinApplication.lambda$null$148(WinApplication.java:191)
	at java.lang.Thread.run(Thread.java:745)
Сихів
Тарас Гродзіцький
Applicaton is started
initialized
Selected : Борошно
Selected : Маслини
Selected : Сир Мармуровий
Selected : Тунець консервований
Selected : Шинка
 - Selected : Борошно
 - Selected : Маслини
 - Selected : Сир Мармуровий
 - Selected : Тунець консервований
 - Selected : Шинка
Імбир
Авокадо
Ананас Консервований
Апельсин
Артишок
Базилік
Банан
Бекон
Борошно
Борошно Темпура
Бринза
Вакаме
Васабі порошок
Вершки
Вода
Вугор
Гірчиця
Дріжді
Каперси
Кетчуп
Ковбаса Папероні
Комбо
Копчене куряче філе
Кріп
Креветка
Кукурудза консервована
Кунжут смажений
Лапша
Лимон
Листя салату
Лосось
Лосось копчений
Мірін
Місопаста
Міцукан
Майонез
Мамінорі
Маслини
Масло 72%
Мед
Мисливські Ковбаски 
Морква
Мюнхенські Ковбаски 
Норі
НФ Васабі
НФ Заправка для рису
НФ Рис для суші
НФ Соус Альфредо
НФ Соус Барбекю
НФ Соус від Панди
НФ Соус Горіховий 
НФ Соус соєвий для суші
НФ Соус Спайс
НФ Соус Унагі
НФ Соус Цезар
НФ Суміш Темпура
НФ Тісто для піци
Огірок
Огірок Маринований
Окунь червоний
Олія оливкова
Оливки
Орегано
Перець болгарський
Перець консервований Халапеньйо
Перець мелений
Перець Чілі
Петрушка
Печериці
Полуниця
Помідори
Помідори Пелатті
Помідори Чері
Рис
Розпушувач
Руккола
Сіль
Салат Айсберг
Салат Чука
Сир Дорблю
Сир Мармуровий
Сир Моцарела
Сир Пармезан
Сир тостовий
Сир Тофу
Сир Філадельфія
Сир Фета
Сніжний краб
Соєвий соус концентрат
Соус Чілі
Стружка тунця
Сухарі
Тобіко червоне
Тунець
Тунець консервований
Хондаші
Цибуля зел
Цибуля Кримська
Цукор
Часник свіжий
Чорний кунжут
Шинка
Широмісу
Шпинат
Яйце перепелине

##############
1004 - 03.05.17 - Сихів

--- Рахуємо : Борошно
------Додаємо 30000 з попередньої інвентаризації
------Додаємо 0 з переміщення
------Віднімаємо 50340 з розходу

--- Рахуємо : НФ Тісто для піци
------Додаємо 21240 з попередньої інвентаризації
------Додаємо -4980 з переміщення
------Віднімаємо 624300 з розходу
------З коефіцієнтом 0.6317119393556538 переводимо в інг. Рез : -384106

--- Рахуємо : Борошно вищий гатунок *Богомила, 1уп/50кг
------Додаємо 350000 з попередньої інвентаризації
------Додаємо 500000 з приходу
------Додаємо 0 з переміщення
------Розроблено 0 отримано 0
------Переводимо з коеф 1.04 отримуємо 817307

##############
1039 - 03.05.17 - Сихів

--- Рахуємо : Маслини
------Додаємо 100 з попередньої інвентаризації
------Додаємо -25 з переміщення
------Віднімаємо 2590 з розходу

--- Рахуємо : Маслини *Iberica, 1уп/0.170гр.
------Додаємо 1870 з попередньої інвентаризації
------Додаємо 0 з приходу
------Додаємо 0 з переміщення
------Розроблено 0 отримано 0
------Переводимо з коеф 1.03 отримуємо 1815

--- Рахуємо : Маслини *Iberica, 1уп/0.115гр
------Додаємо 0 з попередньої інвентаризації
------Додаємо 0 з приходу
------Додаємо 0 з переміщення
------Розроблено 0 отримано 0
------Переводимо з коеф 1.03 отримуємо 0

--- Рахуємо : Маслини *Exelencia, 1банка/2кг
------Додаємо 0 з попередньої інвентаризації
------Додаємо 0 з приходу
------Додаємо 0 з переміщення
------Розроблено 0 отримано 0
------Переводимо з коеф 1.01 отримуємо 0

##############
1032 - 03.05.17 - Сихів

--- Рахуємо : Сир Мармуровий
------Додаємо 316 з попередньої інвентаризації
------Додаємо -30 з переміщення
------Віднімаємо 670 з розходу

--- Рахуємо : Сир Мармуровий *Чортків, ваговий 
------Додаємо 425 з попередньої інвентаризації
------Додаємо 1648 з приходу
------Додаємо 0 з переміщення
------Розроблено 0 отримано 0
------Переводимо з коеф 1.05 отримуємо 1974

##############
1056 - 03.05.17 - Сихів

--- Рахуємо : Тунець консервований
------Додаємо 10 з попередньої інвентаризації
------Додаємо 0 з переміщення
------Віднімаємо 300 з розходу

--- Рахуємо : Тунець консервований *OceanSteamer, 1уп/0.195гр
------Додаємо 975 з попередньої інвентаризації
------Додаємо 3900 з приходу
------Додаємо 0 з переміщення
------Розроблено 0 отримано 0
------Переводимо з коеф 1.39 отримуємо 3507

--- Рахуємо : Тунець консервований *Fish Line, 1уп/185г
------Додаємо 1295 з попередньої інвентаризації
------Додаємо 0 з приходу
------Додаємо 0 з переміщення
------Розроблено 0 отримано 0
------Переводимо з коеф 1.39 отримуємо 931

##############
1020 - 03.05.17 - Сихів

--- Рахуємо : Шинка
------Додаємо 995 з попередньої інвентаризації
------Додаємо 0 з переміщення
------Віднімаємо 3840 з розходу

--- Рахуємо : Шинка вагова
------Додаємо 9887 з попередньої інвентаризації
------Додаємо 12510 з приходу
------Додаємо 0 з переміщення
------Розроблено 0 отримано 0
------Переводимо з коеф 1.09 отримуємо 20547
ROW_COUNT = 20
Борошно
Маслини
Сир Мармуровий
Тунець консервований
Шинка
Продукт/Інгредієнт/НФ
 -  -  -  -  -  - 
Продукт/Інгредієнт/НФ
 -  -  -  -  -  - 
Борошно
 - #,### - #,### гр - #,### - #,### гр -  - 
НФ Тісто для піци
 - #,### - #,### гр - #,### - #,### гр -  - 
Борошно вищий гатунок *Богомила, 1уп/50кг
 - #,### мішок - #,### гр - #,### мішок - #,### гр -  - 

 -  -  -  -  -  - 
Маслини
 - #,### - #,### гр - #,### - #,### гр -  - 
Маслини *Iberica, 1уп/0.115гр
 - #,### банка - #,### гр - #,### банка - #,### гр -  - 
Маслини *Iberica, 1уп/0.170гр.
 - #,### банка - #,### гр - #,### банка - #,### гр -  - 
Маслини *Exelencia, 1банка/2кг
 - #,### банка - #,### гр - #,### банка - #,### гр -  - 

 -  -  -  -  -  - 
Сир Мармуровий
 - #,### - #,### гр - #,### - #,### гр -  - 
Сир Мармуровий *Чортків, ваговий 
 - #,### - #,### гр - #,### - #,### гр -  - 

 -  -  -  -  -  - 
Тунець консервований
 - #,### - #,### гр - #,### - #,### гр -  - 
Тунець консервований *OceanSteamer, 1уп/0.195гр
 - #,### банка - #,### гр - #,### банка - #,### гр -  - 
Тунець консервований *Fish Line, 1уп/185г
 - #,### банка - #,### гр - #,### банка - #,### гр -  - 

 -  -  -  -  -  - 
Шинка
 - #,### - #,### гр - #,### - #,### гр -  - 
Шинка вагова
 - #,### - #,### гр - #,### - #,### гр -  - 
Exception in thread "JavaFX Application Thread" java.lang.NullPointerException
	at ua.com.pandasushi.controller.kitchen.inventory.InventoryPdf.createPdf(InventoryPdf.java:162)
	at ua.com.pandasushi.controller.kitchen.inventory.InventoryTabController.handle(InventoryTabController.java:538)
	at ua.com.pandasushi.controller.kitchen.inventory.InventoryTabController.handle(InventoryTabController.java:46)
	at com.sun.javafx.event.CompositeEventHandler.dispatchBubblingEvent(CompositeEventHandler.java:86)
	at com.sun.javafx.event.EventHandlerManager.dispatchBubblingEvent(EventHandlerManager.java:238)
	at com.sun.javafx.event.EventHandlerManager.dispatchBubblingEvent(EventHandlerManager.java:191)
	at com.sun.javafx.event.CompositeEventDispatcher.dispatchBubblingEvent(CompositeEventDispatcher.java:59)
	at com.sun.javafx.event.BasicEventDispatcher.dispatchEvent(BasicEventDispatcher.java:58)
	at com.sun.javafx.event.EventDispatchChainImpl.dispatchEvent(EventDispatchChainImpl.java:114)
	at com.sun.javafx.event.BasicEventDispatcher.dispatchEvent(BasicEventDispatcher.java:56)
	at com.sun.javafx.event.EventDispatchChainImpl.dispatchEvent(EventDispatchChainImpl.java:114)
	at com.sun.javafx.event.BasicEventDispatcher.dispatchEvent(BasicEventDispatcher.java:56)
	at com.sun.javafx.event.EventDispatchChainImpl.dispatchEvent(EventDispatchChainImpl.java:114)
	at com.sun.javafx.event.BasicEventDispatcher.dispatchEvent(BasicEventDispatcher.java:56)
	at com.sun.javafx.event.EventDispatchChainImpl.dispatchEvent(EventDispatchChainImpl.java:114)
	at com.sun.javafx.event.BasicEventDispatcher.dispatchEvent(BasicEventDispatcher.java:56)
	at com.sun.javafx.event.EventDispatchChainImpl.dispatchEvent(EventDispatchChainImpl.java:114)
	at com.sun.javafx.event.EventUtil.fireEventImpl(EventUtil.java:74)
	at com.sun.javafx.event.EventUtil.fireEvent(EventUtil.java:49)
	at javafx.event.Event.fireEvent(Event.java:198)
	at javafx.scene.Node.fireEvent(Node.java:8413)
	at javafx.scene.control.Button.fire(Button.java:185)
	at com.sun.javafx.scene.control.behavior.ButtonBehavior.mouseReleased(ButtonBehavior.java:182)
	at com.sun.javafx.scene.control.skin.BehaviorSkinBase$1.handle(BehaviorSkinBase.java:96)
	at com.sun.javafx.scene.control.skin.BehaviorSkinBase$1.handle(BehaviorSkinBase.java:89)
	at com.sun.javafx.event.CompositeEventHandler$NormalEventHandlerRecord.handleBubblingEvent(CompositeEventHandler.java:218)
	at com.sun.javafx.event.CompositeEventHandler.dispatchBubblingEvent(CompositeEventHandler.java:80)
	at com.sun.javafx.event.EventHandlerManager.dispatchBubblingEvent(EventHandlerManager.java:238)
	at com.sun.javafx.event.EventHandlerManager.dispatchBubblingEvent(EventHandlerManager.java:191)
	at com.sun.javafx.event.CompositeEventDispatcher.dispatchBubblingEvent(CompositeEventDispatcher.java:59)
	at com.sun.javafx.event.BasicEventDispatcher.dispatchEvent(BasicEventDispatcher.java:58)
	at com.sun.javafx.event.EventDispatchChainImpl.dispatchEvent(EventDispatchChainImpl.java:114)
	at com.sun.javafx.event.BasicEventDispatcher.dispatchEvent(BasicEventDispatcher.java:56)
	at com.sun.javafx.event.EventDispatchChainImpl.dispatchEvent(EventDispatchChainImpl.java:114)
	at com.sun.javafx.event.BasicEventDispatcher.dispatchEvent(BasicEventDispatcher.java:56)
	at com.sun.javafx.event.EventDispatchChainImpl.dispatchEvent(EventDispatchChainImpl.java:114)
	at com.sun.javafx.event.BasicEventDispatcher.dispatchEvent(BasicEventDispatcher.java:56)
	at com.sun.javafx.event.EventDispatchChainImpl.dispatchEvent(EventDispatchChainImpl.java:114)
	at com.sun.javafx.event.BasicEventDispatcher.dispatchEvent(BasicEventDispatcher.java:56)
	at com.sun.javafx.event.EventDispatchChainImpl.dispatchEvent(EventDispatchChainImpl.java:114)
	at com.sun.javafx.event.EventUtil.fireEventImpl(EventUtil.java:74)
	at com.sun.javafx.event.EventUtil.fireEvent(EventUtil.java:54)
	at javafx.event.Event.fireEvent(Event.java:198)
	at javafx.scene.Scene$MouseHandler.process(Scene.java:3757)
	at javafx.scene.Scene$MouseHandler.access$1500(Scene.java:3485)
	at javafx.scene.Scene.impl_processMouseEvent(Scene.java:1762)
	at javafx.scene.Scene$ScenePeerListener.mouseEvent(Scene.java:2494)
	at com.sun.javafx.tk.quantum.GlassViewEventHandler$MouseEventNotification.run(GlassViewEventHandler.java:381)
	at com.sun.javafx.tk.quantum.GlassViewEventHandler$MouseEventNotification.run(GlassViewEventHandler.java:295)
	at java.security.AccessController.doPrivileged(Native Method)
	at com.sun.javafx.tk.quantum.GlassViewEventHandler.lambda$handleMouseEvent$354(GlassViewEventHandler.java:417)
	at com.sun.javafx.tk.quantum.QuantumToolkit.runWithoutRenderLock(QuantumToolkit.java:389)
	at com.sun.javafx.tk.quantum.GlassViewEventHandler.handleMouseEvent(GlassViewEventHandler.java:416)
	at com.sun.glass.ui.View.handleMouseEvent(View.java:555)
	at com.sun.glass.ui.View.notifyMouse(View.java:937)
	at com.sun.glass.ui.win.WinApplication._runLoop(Native Method)
	at com.sun.glass.ui.win.WinApplication.lambda$null$148(WinApplication.java:191)
	at java.lang.Thread.run(Thread.java:745)
ROW_COUNT = 20
Борошно
Маслини
Сир Мармуровий
Тунець консервований
Шинка
Продукт/Інгредієнт/НФ
 -  -  -  -  -  - 
Продукт/Інгредієнт/НФ
 -  -  -  -  -  - 
Борошно
 - #,### - #,### гр - #,### - #,### гр -  - 
НФ Тісто для піци
 - #,### - #,### гр - #,### - #,### гр -  - 
Борошно вищий гатунок *Богомила, 1уп/50кг
 - #,### мішок - #,### гр - #,### мішок - #,### гр -  - 

 -  -  -  -  -  - 
Маслини
 - #,### - #,### гр - #,### - #,### гр -  - 
Маслини *Iberica, 1уп/0.115гр
 - #,### банка - #,### гр - #,### банка - #,### гр -  - 
Маслини *Iberica, 1уп/0.170гр.
 - #,### банка - #,### гр - #,### банка - #,### гр -  - 
Маслини *Exelencia, 1банка/2кг
 - #,### банка - #,### гр - #,### банка - #,### гр -  - 

 -  -  -  -  -  - 
Сир Мармуровий
 - #,### - #,### гр - #,### - #,### гр -  - 
Сир Мармуровий *Чортків, ваговий 
 - #,### - #,### гр - #,### - #,### гр -  - 

 -  -  -  -  -  - 
Тунець консервований
 - #,### - #,### гр - #,### - #,### гр -  - 
Тунець консервований *OceanSteamer, 1уп/0.195гр
 - #,### банка - #,### гр - #,### банка - #,### гр -  - 
Тунець консервований *Fish Line, 1уп/185г
 - #,### банка - #,### гр - #,### банка - #,### гр -  - 

 -  -  -  -  -  - 
Шинка
 - #,### - #,### гр - #,### - #,### гр -  - 
Шинка вагова
 - #,### - #,### гр - #,### - #,### гр -  - 
ROW_COUNT = 20
Борошно
Маслини
Сир Мармуровий
Тунець консервований
Шинка
Продукт/Інгредієнт/НФ
 -  -  -  -  -  - 
Продукт/Інгредієнт/НФ
 -  -  -  -  -  - 
Борошно
 - #,### - #,### гр - #,### - #,### гр -  - 
НФ Тісто для піци
 - #,### - #,### гр - #,### - #,### гр -  - 
Борошно вищий гатунок *Богомила, 1уп/50кг
 - #,### мішок - #,### гр - #,### мішок - #,### гр -  - 

 -  -  -  -  -  - 
Маслини
 - #,### - #,### гр - #,### - #,### гр -  - 
Маслини *Iberica, 1уп/0.115гр
 - #,### банка - #,### гр - #,### банка - #,### гр -  - 
Маслини *Iberica, 1уп/0.170гр.
 - #,### банка - #,### гр - #,### банка - #,### гр -  - 
Маслини *Exelencia, 1банка/2кг
 - #,### банка - #,### гр - #,### банка - #,### гр -  - 

 -  -  -  -  -  - 
Сир Мармуровий
 - #,### - #,### гр - #,### - #,### гр -  - 
Сир Мармуровий *Чортків, ваговий 
 - #,### - #,### гр - #,### - #,### гр -  - 

 -  -  -  -  -  - 
Тунець консервований
 - #,### - #,### гр - #,### - #,### гр -  - 
Тунець консервований *OceanSteamer, 1уп/0.195гр
 - #,### банка - #,### гр - #,### банка - #,### гр -  - 
Тунець консервований *Fish Line, 1уп/185г
 - #,### банка - #,### гр - #,### банка - #,### гр -  - 

 -  -  -  -  -  - 
Шинка
 - #,### - #,### гр - #,### - #,### гр -  - 
Шинка вагова
 - #,### - #,### гр - #,### - #,### гр -  - 
java.io.FileNotFoundException: C:\Users\Taras\Desktop\03.05.17 - Сихів.xlsx (The process cannot access the file because it is being used by another process)
	at java.io.FileOutputStream.open0(Native Method)
	at java.io.FileOutputStream.open(FileOutputStream.java:270)
	at java.io.FileOutputStream.<init>(FileOutputStream.java:213)
	at java.io.FileOutputStream.<init>(FileOutputStream.java:162)
	at ua.com.pandasushi.controller.kitchen.inventory.InventoryTabController.lambda$makeReport$7(InventoryTabController.java:998)
	at com.sun.javafx.binding.ExpressionHelper$SingleChange.fireValueChangedEvent(ExpressionHelper.java:182)
	at com.sun.javafx.binding.ExpressionHelper.fireValueChangedEvent(ExpressionHelper.java:81)
	at javafx.beans.property.ObjectPropertyBase.fireValueChangedEvent(ObjectPropertyBase.java:105)
	at javafx.beans.property.ObjectPropertyBase.markInvalid(ObjectPropertyBase.java:112)
	at javafx.beans.property.ObjectPropertyBase.set(ObjectPropertyBase.java:146)
	at javafx.concurrent.Task.updateValue(Task.java:1201)
	at javafx.concurrent.Task$TaskCallable.lambda$call$500(Task.java:1433)
	at com.sun.javafx.application.PlatformImpl.lambda$null$173(PlatformImpl.java:295)
	at java.security.AccessController.doPrivileged(Native Method)
	at com.sun.javafx.application.PlatformImpl.lambda$runLater$174(PlatformImpl.java:294)
	at com.sun.glass.ui.InvokeLaterDispatcher$Future.run(InvokeLaterDispatcher.java:95)
	at com.sun.glass.ui.win.WinApplication._runLoop(Native Method)
	at com.sun.glass.ui.win.WinApplication.lambda$null$148(WinApplication.java:191)
	at java.lang.Thread.run(Thread.java:745)
Сихів
Тарас Гродзіцький
Applicaton is started
initialized
Selected : Борошно
Selected : Маслини
Selected : Сир Мармуровий
Selected : Тунець консервований
Selected : Шинка
 - Selected : Борошно
 - Selected : Маслини
 - Selected : Сир Мармуровий
 - Selected : Тунець консервований
 - Selected : Шинка

##############
1004 - 03.05.17 - Сихів

--- Рахуємо : Борошно
------Додаємо 30000 з попередньої інвентаризації
------Додаємо 0 з переміщення
------Віднімаємо 50340 з розходу

--- Рахуємо : НФ Тісто для піци
------Додаємо 21240 з попередньої інвентаризації
------Додаємо -4980 з переміщення
------Віднімаємо 624300 з розходу
------З коефіцієнтом 0.6317119393556538 переводимо в інг. Рез : -384106

--- Рахуємо : Борошно вищий гатунок *Богомила, 1уп/50кг
------Додаємо 350000 з попередньої інвентаризації
------Додаємо 500000 з приходу
------Додаємо 0 з переміщення
------Розроблено 0 отримано 0
------Переводимо з коеф 1.04 отримуємо 817307

##############
1039 - 03.05.17 - Сихів

--- Рахуємо : Маслини
------Додаємо 100 з попередньої інвентаризації
------Додаємо -25 з переміщення
------Віднімаємо 2590 з розходу

--- Рахуємо : Маслини *Iberica, 1уп/0.170гр.
------Додаємо 1870 з попередньої інвентаризації
------Додаємо 0 з приходу
------Додаємо 0 з переміщення
------Розроблено 0 отримано 0
------Переводимо з коеф 1.03 отримуємо 1815

--- Рахуємо : Маслини *Iberica, 1уп/0.115гр
------Додаємо 0 з попередньої інвентаризації
------Додаємо 0 з приходу
------Додаємо 0 з переміщення
------Розроблено 0 отримано 0
------Переводимо з коеф 1.03 отримуємо 0

--- Рахуємо : Маслини *Exelencia, 1банка/2кг
------Додаємо 0 з попередньої інвентаризації
------Додаємо 0 з приходу
------Додаємо 0 з переміщення
------Розроблено 0 отримано 0
------Переводимо з коеф 1.01 отримуємо 0

##############
1032 - 03.05.17 - Сихів

--- Рахуємо : Сир Мармуровий
------Додаємо 316 з попередньої інвентаризації
------Додаємо -30 з переміщення
------Віднімаємо 670 з розходу

--- Рахуємо : Сир Мармуровий *Чортків, ваговий 
------Додаємо 425 з попередньої інвентаризації
------Додаємо 1648 з приходу
------Додаємо 0 з переміщення
------Розроблено 0 отримано 0
------Переводимо з коеф 1.05 отримуємо 1974

##############
1056 - 03.05.17 - Сихів

--- Рахуємо : Тунець консервований
------Додаємо 10 з попередньої інвентаризації
------Додаємо 0 з переміщення
------Віднімаємо 300 з розходу

--- Рахуємо : Тунець консервований *OceanSteamer, 1уп/0.195гр
------Додаємо 975 з попередньої інвентаризації
------Додаємо 3900 з приходу
------Додаємо 0 з переміщення
------Розроблено 0 отримано 0
------Переводимо з коеф 1.39 отримуємо 3507

--- Рахуємо : Тунець консервований *Fish Line, 1уп/185г
------Додаємо 1295 з попередньої інвентаризації
------Додаємо 0 з приходу
------Додаємо 0 з переміщення
------Розроблено 0 отримано 0
------Переводимо з коеф 1.39 отримуємо 931

##############
1020 - 03.05.17 - Сихів

--- Рахуємо : Шинка
------Додаємо 995 з попередньої інвентаризації
------Додаємо 0 з переміщення
------Віднімаємо 3840 з розходу

--- Рахуємо : Шинка вагова
------Додаємо 9887 з попередньої інвентаризації
------Додаємо 12510 з приходу
------Додаємо 0 з переміщення
------Розроблено 0 отримано 0
------Переводимо з коеф 1.09 отримуємо 20547
ROW_COUNT = 20
Борошно
Маслини
Сир Мармуровий
Тунець консервований
Шинка
Продукт/Інгредієнт/НФ
 -  -  -  -  -  - 
Продукт/Інгредієнт/НФ
 -  -  -  -  -  - 
Борошно
 - #,### - #,### гр - #,### - #,### гр -  - 
НФ Тісто для піци
 - #,### - #,### гр - #,### - #,### гр -  - 
Борошно вищий гатунок *Богомила, 1уп/50кг
 - #,### мішок - #,### гр - #,### мішок - #,### гр -  - 

 -  -  -  -  -  - 
Маслини
 - #,### - #,### гр - #,### - #,### гр -  - 
Маслини *Iberica, 1уп/0.115гр
 - #,### банка - #,### гр - #,### банка - #,### гр -  - 
Маслини *Iberica, 1уп/0.170гр.
 - #,### банка - #,### гр - #,### банка - #,### гр -  - 
Маслини *Exelencia, 1банка/2кг
 - #,### банка - #,### гр - #,### банка - #,### гр -  - 

 -  -  -  -  -  - 
Сир Мармуровий
 - #,### - #,### гр - #,### - #,### гр -  - 
Сир Мармуровий *Чортків, ваговий 
 - #,### - #,### гр - #,### - #,### гр -  - 

 -  -  -  -  -  - 
Тунець консервований
 - #,### - #,### гр - #,### - #,### гр -  - 
Тунець консервований *OceanSteamer, 1уп/0.195гр
 - #,### банка - #,### гр - #,### банка - #,### гр -  - 
Тунець консервований *Fish Line, 1уп/185г
 - #,### банка - #,### гр - #,### банка - #,### гр -  - 

 -  -  -  -  -  - 
Шинка
 - #,### - #,### гр - #,### - #,### гр -  - 
Шинка вагова
 - #,### - #,### гр - #,### - #,### гр -  - 
Exception in thread "JavaFX Application Thread" java.lang.NullPointerException
	at ua.com.pandasushi.controller.kitchen.inventory.InventoryPdf.createPdf(InventoryPdf.java:162)
	at ua.com.pandasushi.controller.kitchen.inventory.InventoryTabController.handle(InventoryTabController.java:538)
	at ua.com.pandasushi.controller.kitchen.inventory.InventoryTabController.handle(InventoryTabController.java:46)
	at com.sun.javafx.event.CompositeEventHandler.dispatchBubblingEvent(CompositeEventHandler.java:86)
	at com.sun.javafx.event.EventHandlerManager.dispatchBubblingEvent(EventHandlerManager.java:238)
	at com.sun.javafx.event.EventHandlerManager.dispatchBubblingEvent(EventHandlerManager.java:191)
	at com.sun.javafx.event.CompositeEventDispatcher.dispatchBubblingEvent(CompositeEventDispatcher.java:59)
	at com.sun.javafx.event.BasicEventDispatcher.dispatchEvent(BasicEventDispatcher.java:58)
	at com.sun.javafx.event.EventDispatchChainImpl.dispatchEvent(EventDispatchChainImpl.java:114)
	at com.sun.javafx.event.BasicEventDispatcher.dispatchEvent(BasicEventDispatcher.java:56)
	at com.sun.javafx.event.EventDispatchChainImpl.dispatchEvent(EventDispatchChainImpl.java:114)
	at com.sun.javafx.event.BasicEventDispatcher.dispatchEvent(BasicEventDispatcher.java:56)
	at com.sun.javafx.event.EventDispatchChainImpl.dispatchEvent(EventDispatchChainImpl.java:114)
	at com.sun.javafx.event.BasicEventDispatcher.dispatchEvent(BasicEventDispatcher.java:56)
	at com.sun.javafx.event.EventDispatchChainImpl.dispatchEvent(EventDispatchChainImpl.java:114)
	at com.sun.javafx.event.BasicEventDispatcher.dispatchEvent(BasicEventDispatcher.java:56)
	at com.sun.javafx.event.EventDispatchChainImpl.dispatchEvent(EventDispatchChainImpl.java:114)
	at com.sun.javafx.event.EventUtil.fireEventImpl(EventUtil.java:74)
	at com.sun.javafx.event.EventUtil.fireEvent(EventUtil.java:49)
	at javafx.event.Event.fireEvent(Event.java:198)
	at javafx.scene.Node.fireEvent(Node.java:8413)
	at javafx.scene.control.Button.fire(Button.java:185)
	at com.sun.javafx.scene.control.behavior.ButtonBehavior.mouseReleased(ButtonBehavior.java:182)
	at com.sun.javafx.scene.control.skin.BehaviorSkinBase$1.handle(BehaviorSkinBase.java:96)
	at com.sun.javafx.scene.control.skin.BehaviorSkinBase$1.handle(BehaviorSkinBase.java:89)
	at com.sun.javafx.event.CompositeEventHandler$NormalEventHandlerRecord.handleBubblingEvent(CompositeEventHandler.java:218)
	at com.sun.javafx.event.CompositeEventHandler.dispatchBubblingEvent(CompositeEventHandler.java:80)
	at com.sun.javafx.event.EventHandlerManager.dispatchBubblingEvent(EventHandlerManager.java:238)
	at com.sun.javafx.event.EventHandlerManager.dispatchBubblingEvent(EventHandlerManager.java:191)
	at com.sun.javafx.event.CompositeEventDispatcher.dispatchBubblingEvent(CompositeEventDispatcher.java:59)
	at com.sun.javafx.event.BasicEventDispatcher.dispatchEvent(BasicEventDispatcher.java:58)
	at com.sun.javafx.event.EventDispatchChainImpl.dispatchEvent(EventDispatchChainImpl.java:114)
	at com.sun.javafx.event.BasicEventDispatcher.dispatchEvent(BasicEventDispatcher.java:56)
	at com.sun.javafx.event.EventDispatchChainImpl.dispatchEvent(EventDispatchChainImpl.java:114)
	at com.sun.javafx.event.BasicEventDispatcher.dispatchEvent(BasicEventDispatcher.java:56)
	at com.sun.javafx.event.EventDispatchChainImpl.dispatchEvent(EventDispatchChainImpl.java:114)
	at com.sun.javafx.event.BasicEventDispatcher.dispatchEvent(BasicEventDispatcher.java:56)
	at com.sun.javafx.event.EventDispatchChainImpl.dispatchEvent(EventDispatchChainImpl.java:114)
	at com.sun.javafx.event.BasicEventDispatcher.dispatchEvent(BasicEventDispatcher.java:56)
	at com.sun.javafx.event.EventDispatchChainImpl.dispatchEvent(EventDispatchChainImpl.java:114)
	at com.sun.javafx.event.EventUtil.fireEventImpl(EventUtil.java:74)
	at com.sun.javafx.event.EventUtil.fireEvent(EventUtil.java:54)
	at javafx.event.Event.fireEvent(Event.java:198)
	at javafx.scene.Scene$MouseHandler.process(Scene.java:3757)
	at javafx.scene.Scene$MouseHandler.access$1500(Scene.java:3485)
	at javafx.scene.Scene.impl_processMouseEvent(Scene.java:1762)
	at javafx.scene.Scene$ScenePeerListener.mouseEvent(Scene.java:2494)
	at com.sun.javafx.tk.quantum.GlassViewEventHandler$MouseEventNotification.run(GlassViewEventHandler.java:381)
	at com.sun.javafx.tk.quantum.GlassViewEventHandler$MouseEventNotification.run(GlassViewEventHandler.java:295)
	at java.security.AccessController.doPrivileged(Native Method)
	at com.sun.javafx.tk.quantum.GlassViewEventHandler.lambda$handleMouseEvent$354(GlassViewEventHandler.java:417)
	at com.sun.javafx.tk.quantum.QuantumToolkit.runWithoutRenderLock(QuantumToolkit.java:389)
	at com.sun.javafx.tk.quantum.GlassViewEventHandler.handleMouseEvent(GlassViewEventHandler.java:416)
	at com.sun.glass.ui.View.handleMouseEvent(View.java:555)
	at com.sun.glass.ui.View.notifyMouse(View.java:937)
	at com.sun.glass.ui.win.WinApplication._runLoop(Native Method)
	at com.sun.glass.ui.win.WinApplication.lambda$null$148(WinApplication.java:191)
	at java.lang.Thread.run(Thread.java:745)
ROW_COUNT = 20
Борошно
Маслини
Сир Мармуровий
Тунець консервований
Шинка
Продукт/Інгредієнт/НФ
 -  -  -  -  -  - 
Продукт/Інгредієнт/НФ
 -  -  -  -  -  - 
Борошно
 - #,### - #,### гр - #,### - #,### гр -  - 
НФ Тісто для піци
 - #,### - #,### гр - #,### - #,### гр -  - 
Борошно вищий гатунок *Богомила, 1уп/50кг
 - #,### мішок - #,### гр - #,### мішок - #,### гр -  - 

 -  -  -  -  -  - 
Маслини
 - #,### - #,### гр - #,### - #,### гр -  - 
Маслини *Iberica, 1уп/0.115гр
 - #,### банка - #,### гр - #,### банка - #,### гр -  - 
Маслини *Iberica, 1уп/0.170гр.
 - #,### банка - #,### гр - #,### банка - #,### гр -  - 
Маслини *Exelencia, 1банка/2кг
 - #,### банка - #,### гр - #,### банка - #,### гр -  - 

 -  -  -  -  -  - 
Сир Мармуровий
 - #,### - #,### гр - #,### - #,### гр -  - 
Сир Мармуровий *Чортків, ваговий 
 - #,### - #,### гр - #,### - #,### гр -  - 

 -  -  -  -  -  - 
Тунець консервований
 - #,### - #,### гр - #,### - #,### гр -  - 
Тунець консервований *OceanSteamer, 1уп/0.195гр
 - #,### банка - #,### гр - #,### банка - #,### гр -  - 
Тунець консервований *Fish Line, 1уп/185г
 - #,### банка - #,### гр - #,### банка - #,### гр -  - 

 -  -  -  -  -  - 
Шинка
 - #,### - #,### гр - #,### - #,### гр -  - 
Шинка вагова
 - #,### - #,### гр - #,### - #,### гр -  - 
ROW_COUNT = 20
Борошно
Маслини
Сир Мармуровий
Тунець консервований
Шинка
Продукт/Інгредієнт/НФ
 -  -  -  -  -  - 
Продукт/Інгредієнт/НФ
 -  -  -  -  -  - 
Борошно
 - #,### - #,### гр - #,### - #,### гр -  - 
НФ Тісто для піци
 - #,### - #,### гр - #,### - #,### гр -  - 
Борошно вищий гатунок *Богомила, 1уп/50кг
 - #,### мішок - #,### гр - #,### мішок - #,### гр -  - 

 -  -  -  -  -  - 
Маслини
 - #,### - #,### гр - #,### - #,### гр -  - 
Маслини *Iberica, 1уп/0.115гр
 - #,### банка - #,### гр - #,### банка - #,### гр -  - 
Маслини *Iberica, 1уп/0.170гр.
 - #,### банка - #,### гр - #,### банка - #,### гр -  - 
Маслини *Exelencia, 1банка/2кг
 - #,### банка - #,### гр - #,### банка - #,### гр -  - 

 -  -  -  -  -  - 
Сир Мармуровий
 - #,### - #,### гр - #,### - #,### гр -  - 
Сир Мармуровий *Чортків, ваговий 
 - #,### - #,### гр - #,### - #,### гр -  - 

 -  -  -  -  -  - 
Тунець консервований
 - #,### - #,### гр - #,### - #,### гр -  - 
Тунець консервований *OceanSteamer, 1уп/0.195гр
 - #,### банка - #,### гр - #,### банка - #,### гр -  - 
Тунець консервований *Fish Line, 1уп/185г
 - #,### банка - #,### гр - #,### банка - #,### гр -  - 

 -  -  -  -  -  - 
Шинка
 - #,### - #,### гр - #,### - #,### гр -  - 
Шинка вагова
 - #,### - #,### гр - #,### - #,### гр -  - 
java.io.FileNotFoundException: inv#100040_done.pdf (The process cannot access the file because it is being used by another process)
	at java.io.FileOutputStream.open0(Native Method)
	at java.io.FileOutputStream.open(FileOutputStream.java:270)
	at java.io.FileOutputStream.<init>(FileOutputStream.java:213)
	at java.io.FileOutputStream.<init>(FileOutputStream.java:101)
	at ua.com.pandasushi.controller.kitchen.inventory.InventoryPdf.<init>(InventoryPdf.java:46)
	at ua.com.pandasushi.controller.kitchen.inventory.InventoryTabController.writeToDB(InventoryTabController.java:950)
	at sun.reflect.NativeMethodAccessorImpl.invoke0(Native Method)
	at sun.reflect.NativeMethodAccessorImpl.invoke(NativeMethodAccessorImpl.java:62)
	at sun.reflect.DelegatingMethodAccessorImpl.invoke(DelegatingMethodAccessorImpl.java:43)
	at java.lang.reflect.Method.invoke(Method.java:498)
	at sun.reflect.misc.Trampoline.invoke(MethodUtil.java:71)
	at sun.reflect.GeneratedMethodAccessor1.invoke(Unknown Source)
	at sun.reflect.DelegatingMethodAccessorImpl.invoke(DelegatingMethodAccessorImpl.java:43)
	at java.lang.reflect.Method.invoke(Method.java:498)
	at sun.reflect.misc.MethodUtil.invoke(MethodUtil.java:275)
	at javafx.fxml.FXMLLoader$MethodHandler.invoke(FXMLLoader.java:1769)
	at javafx.fxml.FXMLLoader$ControllerMethodEventHandler.handle(FXMLLoader.java:1657)
	at com.sun.javafx.event.CompositeEventHandler.dispatchBubblingEvent(CompositeEventHandler.java:86)
	at com.sun.javafx.event.EventHandlerManager.dispatchBubblingEvent(EventHandlerManager.java:238)
	at com.sun.javafx.event.EventHandlerManager.dispatchBubblingEvent(EventHandlerManager.java:191)
	at com.sun.javafx.event.CompositeEventDispatcher.dispatchBubblingEvent(CompositeEventDispatcher.java:59)
	at com.sun.javafx.event.BasicEventDispatcher.dispatchEvent(BasicEventDispatcher.java:58)
	at com.sun.javafx.event.EventDispatchChainImpl.dispatchEvent(EventDispatchChainImpl.java:114)
	at com.sun.javafx.event.BasicEventDispatcher.dispatchEvent(BasicEventDispatcher.java:56)
	at com.sun.javafx.event.EventDispatchChainImpl.dispatchEvent(EventDispatchChainImpl.java:114)
	at com.sun.javafx.event.BasicEventDispatcher.dispatchEvent(BasicEventDispatcher.java:56)
	at com.sun.javafx.event.EventDispatchChainImpl.dispatchEvent(EventDispatchChainImpl.java:114)
	at com.sun.javafx.event.BasicEventDispatcher.dispatchEvent(BasicEventDispatcher.java:56)
	at com.sun.javafx.event.EventDispatchChainImpl.dispatchEvent(EventDispatchChainImpl.java:114)
	at com.sun.javafx.event.BasicEventDispatcher.dispatchEvent(BasicEventDispatcher.java:56)
	at com.sun.javafx.event.EventDispatchChainImpl.dispatchEvent(EventDispatchChainImpl.java:114)
	at com.sun.javafx.event.EventUtil.fireEventImpl(EventUtil.java:74)
	at com.sun.javafx.event.EventUtil.fireEvent(EventUtil.java:49)
	at javafx.event.Event.fireEvent(Event.java:198)
	at javafx.scene.Node.fireEvent(Node.java:8413)
	at javafx.scene.control.Button.fire(Button.java:185)
	at com.sun.javafx.scene.control.behavior.ButtonBehavior.mouseReleased(ButtonBehavior.java:182)
	at com.sun.javafx.scene.control.skin.BehaviorSkinBase$1.handle(BehaviorSkinBase.java:96)
	at com.sun.javafx.scene.control.skin.BehaviorSkinBase$1.handle(BehaviorSkinBase.java:89)
	at com.sun.javafx.event.CompositeEventHandler$NormalEventHandlerRecord.handleBubblingEvent(CompositeEventHandler.java:218)
	at com.sun.javafx.event.CompositeEventHandler.dispatchBubblingEvent(CompositeEventHandler.java:80)
	at com.sun.javafx.event.EventHandlerManager.dispatchBubblingEvent(EventHandlerManager.java:238)
	at com.sun.javafx.event.EventHandlerManager.dispatchBubblingEvent(EventHandlerManager.java:191)
	at com.sun.javafx.event.CompositeEventDispatcher.dispatchBubblingEvent(CompositeEventDispatcher.java:59)
	at com.sun.javafx.event.BasicEventDispatcher.dispatchEvent(BasicEventDispatcher.java:58)
	at com.sun.javafx.event.EventDispatchChainImpl.dispatchEvent(EventDispatchChainImpl.java:114)
	at com.sun.javafx.event.BasicEventDispatcher.dispatchEvent(BasicEventDispatcher.java:56)
	at com.sun.javafx.event.EventDispatchChainImpl.dispatchEvent(EventDispatchChainImpl.java:114)
	at com.sun.javafx.event.BasicEventDispatcher.dispatchEvent(BasicEventDispatcher.java:56)
	at com.sun.javafx.event.EventDispatchChainImpl.dispatchEvent(EventDispatchChainImpl.java:114)
	at com.sun.javafx.event.BasicEventDispatcher.dispatchEvent(BasicEventDispatcher.java:56)
	at com.sun.javafx.event.EventDispatchChainImpl.dispatchEvent(EventDispatchChainImpl.java:114)
	at com.sun.javafx.event.BasicEventDispatcher.dispatchEvent(BasicEventDispatcher.java:56)
	at com.sun.javafx.event.EventDispatchChainImpl.dispatchEvent(EventDispatchChainImpl.java:114)
	at com.sun.javafx.event.EventUtil.fireEventImpl(EventUtil.java:74)
	at com.sun.javafx.event.EventUtil.fireEvent(EventUtil.java:54)
	at javafx.event.Event.fireEvent(Event.java:198)
	at javafx.scene.Scene$MouseHandler.process(Scene.java:3757)
	at javafx.scene.Scene$MouseHandler.access$1500(Scene.java:3485)
	at javafx.scene.Scene.impl_processMouseEvent(Scene.java:1762)
	at javafx.scene.Scene$ScenePeerListener.mouseEvent(Scene.java:2494)
	at com.sun.javafx.tk.quantum.GlassViewEventHandler$MouseEventNotification.run(GlassViewEventHandler.java:381)
	at com.sun.javafx.tk.quantum.GlassViewEventHandler$MouseEventNotification.run(GlassViewEventHandler.java:295)
	at java.security.AccessController.doPrivileged(Native Method)
	at com.sun.javafx.tk.quantum.GlassViewEventHandler.lambda$handleMouseEvent$354(GlassViewEventHandler.java:417)
	at com.sun.javafx.tk.quantum.QuantumToolkit.runWithoutRenderLock(QuantumToolkit.java:389)
	at com.sun.javafx.tk.quantum.GlassViewEventHandler.handleMouseEvent(GlassViewEventHandler.java:416)
	at com.sun.glass.ui.View.handleMouseEvent(View.java:555)
	at com.sun.glass.ui.View.notifyMouse(View.java:937)
	at com.sun.glass.ui.win.WinApplication._runLoop(Native Method)
	at com.sun.glass.ui.win.WinApplication.lambda$null$148(WinApplication.java:191)
	at java.lang.Thread.run(Thread.java:745)
