Сихів
Тарас Гродзіцький
Applicaton is started
initialized
Selected : Копчене куряче філе
Selected : Помідори Пелатті
Selected : Сир Дорблю
Selected : Сир Філадельфія
Selected : Соєвий соус концентрат
 - Selected : Копчене куряче філе
 - Selected : Помідори Пелатті
 - Selected : Сир Дорблю
 - Selected : Сир Філадельфія
 - Selected : Соєвий соус концентрат
Імбир
Авокадо
Ананас Консервований
Анчоус
Апельсин
Артишок
Базилік
Банан
Бекон
Борошно
Борошно Темпура
Бринза
Вакаме
Васабі порошок
Вершки
Вода
Вугор
Гірчиця
Дріжді
Каперси
Кетчуп
Ковбаса Папероні
Комбо
Копчене куряче філе
Кріп
Креветка
Кукурудза консервована
Кунжут смажений
Лапша
Лимон
Листя салату
Лосось
Лосось копчений
Мірін
Місопаста
Міцукан
Майонез
Мамінорі
Маслини
Масло 72%
Мед
Мисливські Ковбаски 
Морква
Мюнхенські Ковбаски 
Норі
НФ Васабі
НФ Заправка для рису
НФ Рис для суші
НФ Соус Альфредо
НФ Соус Барбекю
НФ Соус від Панди
НФ Соус Горіховий 
НФ Соус соєвий для суші
НФ Соус Спайс
НФ Соус Унагі
НФ Соус Цезар
НФ Суміш Темпура
НФ Тісто для піци
Огірок
Огірок Маринований
Окунь червоний
Олія оливкова
Оливки
Орегано
Перець болгарський
Перець консервований Халапеньйо
Перець мелений
Перець Чілі
Петрушка
Печериці
Полуниця
Помідори
Помідори Пелатті
Помідори Чері
Рис
Розпушувач
Руккола
Сіль
Салат Айсберг
Салат Чука
Сир Дорблю
Сир Мармуровий
Сир Моцарела
Сир Пармезан
Сир тостовий
Сир Тофу
Сир Філадельфія
Сир Фета
Сніжний краб
Соєвий соус концентрат
Соус Чілі
Стружка тунця
Сухарі
Тобіко червоне
Тунець
Тунець консервований
Хондаші
Цибуля зел
Цибуля Кримська
Цукор
Часник свіжий
Чорний кунжут
Шинка
Широмісу
Шпинат
Яйце перепелине

##############
1016 - 05.05.17 - Сихів

--- Рахуємо : Копчене куряче філе
------Додаємо 1376 з попередньої інвентаризації
------Додаємо -30 з переміщення
------Віднімаємо 21425 з розходу

--- Рахуємо : Копчене куряче філе *ІКО, вагове
------Додаємо 16465 з попередньої інвентаризації
------Додаємо 16285 з приходу
------Додаємо 0 з переміщення
------Розроблено 0 отримано 0
------Переводимо з коеф 1.06 отримуємо 30896

##############
1078 - 05.05.17 - Сихів

--- Рахуємо : Помідори Пелатті
------Додаємо 0 з попередньої інвентаризації
------Додаємо 0 з переміщення
------Віднімаємо 0 з розходу

--- Рахуємо : НФ Соус від Панди
------Додаємо 1850 з попередньої інвентаризації
------Додаємо -250 з переміщення
------Віднімаємо 97340 з розходу
------З коефіцієнтом 0.9568480300187617 переводимо в інг. Рез : -91608

--- Рахуємо : Помідори Пелатті *NOVI, 1шт/2.500гр
------Додаємо 87500 з попередньої інвентаризації
------Додаємо 0 з приходу
------Додаємо 0 з переміщення
------Розроблено 0 отримано 0
------Переводимо з коеф 0.99 отримуємо 88383

##############
1046 - 05.05.17 - Сихів

--- Рахуємо : Сир Дорблю
------Додаємо 295 з попередньої інвентаризації
------Додаємо 0 з переміщення
------Віднімаємо 120 з розходу

--- Рахуємо : Сир Дорблю ваговий
------Додаємо 1060 з попередньої інвентаризації
------Додаємо 0 з приходу
------Додаємо 0 з переміщення
------Розроблено 0 отримано 0
------Переводимо з коеф 1.05 отримуємо 1009

##############
1005 - 05.05.17 - Сихів

--- Рахуємо : Сир Філадельфія
------Додаємо 1414 з попередньої інвентаризації
------Додаємо -340 з переміщення
------Віднімаємо 37810 з розходу

--- Рахуємо : Сир Філадельфія ORIGINAL, Mondelez, 1уп/1,65кг
------Додаємо 26400 з попередньої інвентаризації
------Додаємо 33000 з приходу
------Додаємо -1650 з переміщення
------Розроблено 0 отримано 0
------Переводимо з коеф 1.07 отримуємо 53971

##############
1076 - 05.05.17 - Сихів

--- Рахуємо : Kikkoman Концентрат
------Додаємо 28480 з попередньої інвентаризації
------Додаємо -500 з переміщення
------Віднімаємо 0 з розходу

--- Рахуємо : НФ Соус соєвий для суші
------Додаємо 18620 з попередньої інвентаризації
------Додаємо 0 з переміщення
------Віднімаємо 91200 з розходу
------З коефіцієнтом 0.38461538461538464 переводимо в інг. Рез : -27915

--- Рахуємо : Концентрат Соєвого соусу *Kikkoman, 1уп/19л
------Додаємо 38000 з попередньої інвентаризації
------Додаємо 38000 з приходу
------Додаємо 0 з переміщення
------Розроблено 0 отримано 0
------Переводимо з коеф 1.0 отримуємо 76000

--- Рахуємо : Соєвий соус *Kikkoman, 1шт/20л
------Додаємо 0 з попередньої інвентаризації
------Додаємо 0 з приходу
------Додаємо 0 з переміщення
------Розроблено 0 отримано 0
------Переводимо з коеф 1.01 отримуємо 0
ROW_COUNT = 19
Копчене куряче філе
Помідори Пелатті
Сир Дорблю
Сир Філадельфія
Соєвий соус концентрат
Продукт/Інгредієнт/НФ
 -  -  -  -  -  - 
Продукт/Інгредієнт/НФ
 -  -  -  -  -  - 
Копчене куряче філе
 - #,### - #,### гр - #,### - #,### гр -  - 
Копчене куряче філе *ІКО, вагове
 - #,### - #,### гр - #,### - #,### гр -  - 

 -  -  -  -  -  - 
Помідори Пелатті
 - #,### - #,### гр - #,### - #,### гр -  - 
НФ Соус від Панди
 - #,### - #,### гр - #,### - #,### гр -  - 
Помідори Пелатті *NOVI, 1шт/2.500гр
 - #,### банка - #,### гр - #,### банка - #,### гр -  - 

 -  -  -  -  -  - 
Сир Дорблю
 - #,### - #,### гр - #,### - #,### гр -  - 
Сир Дорблю ваговий
 - #,### - #,### гр - #,### - #,### гр -  - 

 -  -  -  -  -  - 
Сир Філадельфія
 - #,### - #,### гр - #,### - #,### гр -  - 
Сир Філадельфія ORIGINAL, Mondelez, 1уп/1,65кг
 - #,### банка - #,### гр - #,### банка - #,### гр -  - 

 -  -  -  -  -  - 
Соєвий соус концентрат
 - #,### - #,### мл - #,### - #,### мл -  - 
НФ Соус соєвий для суші
 - #,### - #,### гр - #,### - #,### гр -  - 
Концентрат Соєвого соусу *Kikkoman, 1уп/19л
 - #,### уп - #,### гр - #,### уп - #,### гр -  - 
Соєвий соус *Kikkoman, 1шт/20л
 - #,### коробка - #,### мл - #,### коробка - #,### мл -  - 
ROW_COUNT = 19
Копчене куряче філе
Помідори Пелатті
Сир Дорблю
Сир Філадельфія
Соєвий соус концентрат
Продукт/Інгредієнт/НФ
 -  -  -  -  -  - 
Продукт/Інгредієнт/НФ
 -  -  -  -  -  - 
Копчене куряче філе
 - #,### - #,### гр - #,### - #,### гр -  - 
Копчене куряче філе *ІКО, вагове
 - #,### - #,### гр - #,### - #,### гр -  - 

 -  -  -  -  -  - 
Помідори Пелатті
 - #,### - #,### гр - #,### - #,### гр -  - 
НФ Соус від Панди
 - #,### - #,### гр - #,### - #,### гр -  - 
Помідори Пелатті *NOVI, 1шт/2.500гр
 - #,### банка - #,### гр - #,### банка - #,### гр -  - 

 -  -  -  -  -  - 
Сир Дорблю
 - #,### - #,### гр - #,### - #,### гр -  - 
Сир Дорблю ваговий
 - #,### - #,### гр - #,### - #,### гр -  - 

 -  -  -  -  -  - 
Сир Філадельфія
 - #,### - #,### гр - #,### - #,### гр -  - 
Сир Філадельфія ORIGINAL, Mondelez, 1уп/1,65кг
 - #,### банка - #,### гр - #,### банка - #,### гр -  - 

 -  -  -  -  -  - 
Соєвий соус концентрат
 - #,### - #,### мл - #,### - #,### мл -  - 
НФ Соус соєвий для суші
 - #,### - #,### гр - #,### - #,### гр -  - 
Концентрат Соєвого соусу *Kikkoman, 1уп/19л
 - #,### уп - #,### гр - #,### уп - #,### гр -  - 
Соєвий соус *Kikkoman, 1шт/20л
 - #,### коробка - #,### мл - #,### коробка - #,### мл -  - 
ROW_COUNT = 19
Копчене куряче філе
Помідори Пелатті
Сир Дорблю
Сир Філадельфія
Соєвий соус концентрат
Продукт/Інгредієнт/НФ
 -  -  -  -  -  - 
Продукт/Інгредієнт/НФ
 -  -  -  -  -  - 
Копчене куряче філе
 - #,### - #,### гр - #,### - #,### гр -  - 
Копчене куряче філе *ІКО, вагове
 - #,### - #,### гр - #,### - #,### гр -  - 

 -  -  -  -  -  - 
Помідори Пелатті
 - #,### - #,### гр - #,### - #,### гр -  - 
НФ Соус від Панди
 - #,### - #,### гр - #,### - #,### гр -  - 
Помідори Пелатті *NOVI, 1шт/2.500гр
 - #,### банка - #,### гр - #,### банка - #,### гр -  - 

 -  -  -  -  -  - 
Сир Дорблю
 - #,### - #,### гр - #,### - #,### гр -  - 
Сир Дорблю ваговий
 - #,### - #,### гр - #,### - #,### гр -  - 

 -  -  -  -  -  - 
Сир Філадельфія
 - #,### - #,### гр - #,### - #,### гр -  - 
Сир Філадельфія ORIGINAL, Mondelez, 1уп/1,65кг
 - #,### банка - #,### гр - #,### банка - #,### гр -  - 

 -  -  -  -  -  - 
Соєвий соус концентрат
 - #,### - #,### мл - #,### - #,### мл -  - 
НФ Соус соєвий для суші
 - #,### - #,### гр - #,### - #,### гр -  - 
Концентрат Соєвого соусу *Kikkoman, 1уп/19л
 - #,### уп - #,### гр - #,### уп - #,### гр -  - 
Соєвий соус *Kikkoman, 1шт/20л
 - #,### коробка - #,### мл - #,### коробка - #,### мл -  - 
