Сихів
Тарас Гродзіцький
Applicaton is started
initialized
5
Tab added
Tab added
Tab added
Tab added
Tab added
DUPLICATE ROZROBKA ON PRODUCT Норі *KS gold, 1уп/50шт -Норі -Норі
fillTotalSheet
fillConsumptionSheet
1060
3184
1019
3036
1004
1701
3009
3183
1036
3080
1053
3103
adding to list
clearing dishmap
sorting list
start write
end write
fillPurchaseSheet
fillShiftSheet
fillRozrobkaSheet
fillProdSheet
fillIngredientSheet
fillProdIngSheet
fillTehcardSheet
fillTotalSheet
fillConsumptionSheet
1009
3050
1012
3121
3122
3189
1095
3181
1034
3106
1051
3013
adding to list
clearing dishmap
sorting list
start write
end write
fillPurchaseSheet
fillShiftSheet
fillRozrobkaSheet
fillProdSheet
fillIngredientSheet
fillProdIngSheet
fillTehcardSheet
