Сихів
Тарас Гродзіцький
Applicaton is started
initialized
Selected : Борошно
Selected : Копчене куряче філе
Selected : Перець консервований Халапеньйо
Selected : Сир Мармуровий
Selected : Тунець
 - Selected : Борошно
 - Selected : Копчене куряче філе
 - Selected : Перець консервований Халапеньйо
 - Selected : Сир Мармуровий
 - Selected : Тунець
Імбир
Авокадо
Ананас Консервований
Анчоус
Апельсин
Артишок
Базилік
Банан
Бекон
Борошно
Борошно Темпура
Бринза
Вакаме
Васабі порошок
Вершки
Вода
Вугор
Гірчиця
Дріжді
Каперси
Кетчуп
Ковбаса Папероні
Комбо
Копчене куряче філе
Кріп
Креветка
Кукурудза консервована
Кунжут смажений
Лапша
Лимон
Листя салату
Лосось
Лосось копчений
Мірін
Місопаста
Міцукан
Майонез
Мамінорі
Маслини
Масло 72%
Мед
Мисливські Ковбаски 
Морква
Мюнхенські Ковбаски 
Норі
НФ Васабі
НФ Заправка для рису
НФ Рис для суші
НФ Соус Альфредо
НФ Соус Барбекю
НФ Соус від Панди
НФ Соус Горіховий 
НФ Соус соєвий для суші
НФ Соус Спайс
НФ Соус Унагі
НФ Соус Цезар
НФ Суміш Темпура
НФ Тісто для піци
Огірок
Огірок Маринований
Окунь червоний
Олія оливкова
Оливки
Орегано
Перець болгарський
Перець консервований Халапеньйо
Перець мелений
Перець Чілі
Петрушка
Печериці
Полуниця
Помідори
Помідори Пелатті
Помідори Чері
Рис
Розпушувач
Руккола
Сіль
Салат Айсберг
Салат Чука
Сир Дорблю
Сир Мармуровий
Сир Моцарела
Сир Пармезан
Сир тостовий
Сир Тофу
Сир Філадельфія
Сир Фета
Сніжний краб
Соєвий соус концентрат
Соус Чілі
Стружка тунця
Сухарі
Тобіко червоне
Тунець
Тунець консервований
Хондаші
Цибуля зел
Цибуля Кримська
Цукор
Часник свіжий
Чорний кунжут
Шинка
Широмісу
Шпинат
Яйце перепелине

##############
1004 - 08.05.17 - Сихів

--- Рахуємо : Борошно
------Додаємо 16995 з попередньої інвентаризації
------Додаємо 0 з переміщення
------Віднімаємо 11620 з розходу

--- Рахуємо : НФ Тісто для піци
------Додаємо 13200 з попередньої інвентаризації
------Додаємо 0 з переміщення
------Віднімаємо 141780 з розходу
------З коефіцієнтом 0.6317119393556538 переводимо в інг. Рез : -81225

--- Рахуємо : Борошно вищий гатунок *Богомила, 1уп/50кг
------Додаємо 450000 з попередньої інвентаризації
------Додаємо 0 з приходу
------Додаємо 0 з переміщення
------Розроблено 0 отримано 0
------Переводимо з коеф 1.04 отримуємо 432692

##############
1016 - 08.05.17 - Сихів

--- Рахуємо : Копчене куряче філе
------Додаємо 725 з попередньої інвентаризації
------Додаємо 0 з переміщення
------Віднімаємо 8320 з розходу

--- Рахуємо : Копчене куряче філе *ІКО, вагове
------Додаємо 12872 з попередньої інвентаризації
------Додаємо 31300 з приходу
------Додаємо 0 з переміщення
------Розроблено 0 отримано 0
------Переводимо з коеф 1.06 отримуємо 41671

##############
1092 - 08.05.17 - Сихів

##############
1032 - 08.05.17 - Сихів

--- Рахуємо : Сир Мармуровий
------Додаємо 223 з попередньої інвентаризації
------Додаємо 0 з переміщення
------Віднімаємо 2070 з розходу

--- Рахуємо : Сир Мармуровий *Чортків, ваговий 
------Додаємо 1518 з попередньої інвентаризації
------Додаємо 690 з приходу
------Додаємо 0 з переміщення
------Розроблено 0 отримано 0
------Переводимо з коеф 1.05 отримуємо 2102

##############
1024 - 08.05.17 - Сихів

--- Рахуємо : Тунець
------Додаємо 155 з попередньої інвентаризації
------Додаємо 0 з переміщення
------Віднімаємо 175 з розходу

--- Рахуємо : Тунець ваговий *yellowfin
------Додаємо 5403 з попередньої інвентаризації
------Додаємо 0 з приходу
------Додаємо 0 з переміщення
------Розроблено 242 отримано 228
------Переводимо з коеф 1.08429 отримуємо 5206
ROW_COUNT = 17
Борошно
Копчене куряче філе
Перець консервований Халапеньйо
Сир Мармуровий
Тунець
Продукт/Інгредієнт/НФ
 -  -  -  -  -  - 
Продукт/Інгредієнт/НФ
 -  -  -  -  -  - 
Борошно
 - #,### - #,### гр - #,### - #,### гр -  - 
НФ Тісто для піци
 - #,### - #,### гр - #,### - #,### гр -  - 
Борошно вищий гатунок *Богомила, 1уп/50кг
 - #,### мішок - #,### гр - #,### мішок - #,### гр -  - 

 -  -  -  -  -  - 
Копчене куряче філе
 - #,### - #,### гр - #,### - #,### гр -  - 
Копчене куряче філе *ІКО, вагове
 - #,### - #,### гр - #,### - #,### гр -  - 

 -  -  -  -  -  - 
Перець консервований Халапеньйо
 - #,### - #,### гр - #,### - #,### гр -  - 
Перець Халапеньйо *Manolito, 1банка/1,5кг
 - #,### банка - #,### гр - #,### банка - #,### гр -  - 

 -  -  -  -  -  - 
Сир Мармуровий
 - #,### - #,### гр - #,### - #,### гр -  - 
Сир Мармуровий *Чортків, ваговий 
 - #,### - #,### гр - #,### - #,### гр -  - 

 -  -  -  -  -  - 
Тунець
 - #,### - #,### гр - #,### - #,### гр -  - 
Тунець ваговий *yellowfin
 - #,### шт - #,### гр - #,### шт - #,### гр -  - 
ROW_COUNT = 17
Борошно
Копчене куряче філе
Перець консервований Халапеньйо
Сир Мармуровий
Тунець
Продукт/Інгредієнт/НФ
 -  -  -  -  -  - 
Продукт/Інгредієнт/НФ
 -  -  -  -  -  - 
Борошно
 - #,### - #,### гр - #,### - #,### гр -  - 
НФ Тісто для піци
 - #,### - #,### гр - #,### - #,### гр -  - 
Борошно вищий гатунок *Богомила, 1уп/50кг
 - #,### мішок - #,### гр - #,### мішок - #,### гр -  - 

 -  -  -  -  -  - 
Копчене куряче філе
 - #,### - #,### гр - #,### - #,### гр -  - 
Копчене куряче філе *ІКО, вагове
 - #,### - #,### гр - #,### - #,### гр -  - 

 -  -  -  -  -  - 
Перець консервований Халапеньйо
 - #,### - #,### гр - #,### - #,### гр -  - 
Перець Халапеньйо *Manolito, 1банка/1,5кг
 - #,### банка - #,### гр - #,### банка - #,### гр -  - 

 -  -  -  -  -  - 
Сир Мармуровий
 - #,### - #,### гр - #,### - #,### гр -  - 
Сир Мармуровий *Чортків, ваговий 
 - #,### - #,### гр - #,### - #,### гр -  - 

 -  -  -  -  -  - 
Тунець
 - #,### - #,### гр - #,### - #,### гр -  - 
Тунець ваговий *yellowfin
 - #,### шт - #,### гр - #,### шт - #,### гр -  - 
ROW_COUNT = 17
Борошно
Копчене куряче філе
Перець консервований Халапеньйо
Сир Мармуровий
Тунець
Продукт/Інгредієнт/НФ
 -  -  -  -  -  - 
Продукт/Інгредієнт/НФ
 -  -  -  -  -  - 
Борошно
 - #,### - #,### гр - #,### - #,### гр -  - 
НФ Тісто для піци
 - #,### - #,### гр - #,### - #,### гр -  - 
Борошно вищий гатунок *Богомила, 1уп/50кг
 - #,### мішок - #,### гр - #,### мішок - #,### гр -  - 

 -  -  -  -  -  - 
Копчене куряче філе
 - #,### - #,### гр - #,### - #,### гр -  - 
Копчене куряче філе *ІКО, вагове
 - #,### - #,### гр - #,### - #,### гр -  - 

 -  -  -  -  -  - 
Перець консервований Халапеньйо
 - #,### - #,### гр - #,### - #,### гр -  - 
Перець Халапеньйо *Manolito, 1банка/1,5кг
 - #,### банка - #,### гр - #,### банка - #,### гр -  - 

 -  -  -  -  -  - 
Сир Мармуровий
 - #,### - #,### гр - #,### - #,### гр -  - 
Сир Мармуровий *Чортків, ваговий 
 - #,### - #,### гр - #,### - #,### гр -  - 

 -  -  -  -  -  - 
Тунець
 - #,### - #,### гр - #,### - #,### гр -  - 
Тунець ваговий *yellowfin
 - #,### шт - #,### гр - #,### шт - #,### гр -  - 
