Сихів
Тарас Гродзіцький
Applicaton is started
initialized
4
Tab added
Tab added
Tab added
Tab added
fillTotalSheet
fillConsumptionSheet
Downloading consumption for 1024
DishMap size = 38
Downloading consumption for 1088
DishMap size = 38
Downloading consumption for 1706
DishMap size = 315
Downloading consumption for 1025
DishMap size = 382
Downloading consumption for 1028
DishMap size = 423
Downloading consumption for 1707
DishMap size = 730
Downloading consumption for 1029
DishMap size = 740
Downloading consumption for 1032
DishMap size = 741
Downloading consumption for 1033
DishMap size = 741
Downloading consumption for 1034
DishMap size = 765
Downloading consumption for 1035
DishMap size = 785
Downloading consumption for 1701
DishMap size = 1470
Downloading consumption for 1702
DishMap size = 1470
Downloading consumption for 1707
DishMap size = 1470
Downloading consumption for 1036
DishMap size = 1568
Downloading consumption for 1038
DishMap size = 1568
Downloading consumption for 1039
DishMap size = 1568
Downloading consumption for 1041
DishMap size = 1569
Downloading consumption for 1042
DishMap size = 1571
Downloading consumption for 1044
DishMap size = 1571
Downloading consumption for 1045
DishMap size = 1571
Downloading consumption for 1046
DishMap size = 1572
Downloading consumption for 1049
DishMap size = 1581
Downloading consumption for 1053
DishMap size = 1611
Downloading consumption for 1056
DishMap size = 1611
Downloading consumption for 1060
DishMap size = 1862
Downloading consumption for 1001
DishMap size = 1862
Downloading consumption for 1709
DishMap size = 3316
Downloading consumption for 1065
DishMap size = 3318
Downloading consumption for 1002
DishMap size = 3318
Downloading consumption for 1003
DishMap size = 3322
Downloading consumption for 1004
DishMap size = 3322
Downloading consumption for 1701
DishMap size = 3322
Downloading consumption for 1005
DishMap size = 3685
Downloading consumption for 1009
DishMap size = 3691
Downloading consumption for 1010
DishMap size = 3693
Downloading consumption for 1074
DishMap size = 3693
Downloading consumption for 1075
DishMap size = 3693
Downloading consumption for 1713
DishMap size = 4546
Downloading consumption for 1012
DishMap size = 4561
Downloading consumption for 1076
DishMap size = 4561
Downloading consumption for 1708
DishMap size = 5386
Downloading consumption for 1078
DishMap size = 5386
Downloading consumption for 1702
DishMap size = 5386
Downloading consumption for 1015
DishMap size = 5388
Downloading consumption for 1016
DishMap size = 5392
Downloading consumption for 1017
DishMap size = 5392
Downloading consumption for 1703
DishMap size = 5410
Downloading consumption for 1019
DishMap size = 5410
Downloading consumption for 1020
DishMap size = 5410
Downloading consumption for 1021
DishMap size = 5410
Downloading consumption for 1706
DishMap size = 5410
Downloading consumption for 1022
DishMap size = 5410
Downloading consumption for 1023
DishMap size = 5410
