Сихів
Тарас Гродзіцький
Applicaton is started
initialized
4
Tab added
Tab added
Tab added
Tab added
Selected : Імбир
Selected : Авокадо
Selected : Ананас Консервований
Selected : Анчоус
Selected : Артишок
Selected : Бекон
Selected : Борошно
Selected : Борошно Темпура
Selected : Бринза
Selected : Вакаме
Selected : Васабі порошок
Selected : Вершки
Selected : Вугор
Selected : Каперси
Selected : Ковбаса Папероні
Selected : Копчене куряче філе
Selected : Креветка
Selected : Кукурудза консервована
Selected : Лосось
Selected : Лосось копчений
Selected : Мамінорі
Selected : Маслини
Selected : Мисливські Ковбаски 
Selected : Мюнхенські Ковбаски 
Selected : Норі
Selected : Огірок
Selected : Огірок Маринований
Selected : Окунь червоний
Selected : Оливки
Selected : Олія оливкова
Selected : Перець болгарський
Selected : Перець консервований Халапеньйо
Selected : Печериці
Selected : Помідори Пелатті
Selected : Рис
Selected : Салат Чука
Selected : Сир Дорблю
Selected : Сир Мармуровий
Selected : Сир Моцарела
Selected : Сир Пармезан
Selected : Сир Фета
Selected : Сир Філадельфія
Selected : Сир тостовий
Selected : Сніжний краб
Selected : Соєвий соус концентрат
Selected : Тобіко червоне
Selected : Тунець
Selected : Тунець консервований
Selected : Шинка
 - Selected : Імбир
 - Selected : Авокадо
 - Selected : Ананас Консервований
 - Selected : Анчоус
 - Selected : Артишок
 - Selected : Бекон
 - Selected : Борошно
 - Selected : Борошно Темпура
 - Selected : Бринза
 - Selected : Вакаме
 - Selected : Васабі порошок
 - Selected : Вершки
 - Selected : Вугор
 - Selected : Каперси
 - Selected : Ковбаса Папероні
 - Selected : Копчене куряче філе
 - Selected : Креветка
 - Selected : Кукурудза консервована
 - Selected : Лосось
 - Selected : Лосось копчений
 - Selected : Мамінорі
 - Selected : Маслини
 - Selected : Мисливські Ковбаски 
 - Selected : Мюнхенські Ковбаски 
 - Selected : Норі
 - Selected : Огірок
 - Selected : Огірок Маринований
 - Selected : Окунь червоний
 - Selected : Оливки
 - Selected : Олія оливкова
 - Selected : Перець болгарський
 - Selected : Перець консервований Халапеньйо
 - Selected : Печериці
 - Selected : Помідори Пелатті
 - Selected : Рис
 - Selected : Салат Чука
 - Selected : Сир Дорблю
 - Selected : Сир Мармуровий
 - Selected : Сир Моцарела
 - Selected : Сир Пармезан
 - Selected : Сир Фета
 - Selected : Сир Філадельфія
 - Selected : Сир тостовий
 - Selected : Сніжний краб
 - Selected : Соєвий соус концентрат
 - Selected : Тобіко червоне
 - Selected : Тунець
 - Selected : Тунець консервований
 - Selected : Шинка
Імбир
Авокадо
Ананас Консервований
Анчоус
Апельсин
Артишок
Базилік
Банан
Бекон
Борошно
Борошно Темпура
Бринза
Вакаме
Васабі порошок
Вершки
Вода
Вугор
Гірчиця
Гарбуз
Дріжді
Каперси
Кетчуп
Ковбаса Папероні
Комбо
Копчене куряче філе
Кріп
Креветка
Кукурудза консервована
Кунжут смажений
Лапша
Лимон
Листя салату
Лосось
Лосось копчений
Мірін
Місопаста
Міцукан
Майонез
Мамінорі
Маслини
Масло 72%
Мед
Мисливські Ковбаски 
Морква
Мюнхенські Ковбаски 
Норі
НФ Васабі
НФ Заправка для рису
НФ Рис для суші
НФ Соус Альфредо
НФ Соус Барбекю
НФ Соус від Панди
НФ Соус Горіховий 
НФ Соус соєвий для суші
НФ Соус Спайс
НФ Соус Унагі
НФ Соус Цезар
НФ Суміш Темпура
НФ Тісто для піци
Огірок
Огірок Маринований
Окунь червоний
Олія оливкова
Оливки
Орегано
Перець болгарський
Перець консервований Халапеньйо
Перець мелений
Перець Чілі
Петрушка
Печериці
Полуниця
Помідори
Помідори Пелатті
Помідори Чері
Редька
Рис
Розпушувач
Руккола
Сіль
Салат Айсберг
Салат Чука
Сир Дорблю
Сир Мармуровий
Сир Моцарела
Сир Пармезан
Сир тостовий
Сир Тофу
Сир Філадельфія
Сир Фета
Сніжний краб
Соєвий соус концентрат
Соус Чілі
Стружка тунця
Сухарі
Тобіко червоне
Тунець
Тунець консервований
Хондаші
Цибуля зел
Цибуля Кримська
Цукор
Часник свіжий
Чорний кунжут
Шинка
Широмісу
Шпинат
Яйце перепелине

##############
1060 - 12.05.17 - Сихів

--- Рахуємо : Імбир
------Додаємо 5680 з попередньої інвентаризації
------Додаємо 0 з переміщення
------Віднімаємо 21580 з розходу

--- Рахуємо : Імбир маринований рожевий JnP 1уп/1.5кг
------Додаємо 45000 з попередньої інвентаризації
------Додаємо 0 з приходу
------Додаємо 0 з переміщення
------Розроблено 0 отримано 0
------Переводимо з коеф 1.76 отримуємо 25568

--- Рахуємо : Імбир маринований рожевий SaP 1уп/1.4кг
------Додаємо 0 з попередньої інвентаризації
------Додаємо 0 з приходу
------Додаємо 0 з переміщення
------Розроблено 0 отримано 0
------Переводимо з коеф 1.76 отримуємо 0

##############
1007 - 12.05.17 - Сихів

--- Рахуємо : Авокадо
------Додаємо 80 з попередньої інвентаризації
------Додаємо -50 з переміщення
------Віднімаємо 66350 з розходу

--- Рахуємо : Авокадо ваговий
------Додаємо 10080 з попередньої інвентаризації
------Додаємо 195185 з приходу
------Додаємо 0 з переміщення
------Розроблено 0 отримано 0
------Переводимо з коеф 1.67 отримуємо 122913

##############
1041 - 12.05.17 - Сихів

--- Рахуємо : Ананас Консервований
------Додаємо 0 з попередньої інвентаризації
------Додаємо 0 з переміщення
------Віднімаємо 1700 з розходу

--- Рахуємо : Ананас консервований *ARO, 1уп/490г
------Додаємо 9800 з попередньої інвентаризації
------Додаємо 0 з приходу
------Додаємо 0 з переміщення
------Розроблено 0 отримано 0
------Переводимо з коеф 1.0 отримуємо 9800

##############
1093 - 12.05.17 - Сихів

##############
1044 - 12.05.17 - Сихів

--- Рахуємо : Артишок
------Додаємо 800 з попередньої інвентаризації
------Додаємо 0 з переміщення
------Віднімаємо 1175 з розходу

--- Рахуємо : Артишок *iGoloSi ,1уп/1.7кг
------Додаємо 1700 з попередньої інвентаризації
------Додаємо 1700 з приходу
------Додаємо 0 з переміщення
------Розроблено 0 отримано 0
------Переводимо з коеф 1.42 отримуємо 2394

##############
1015 - 12.05.17 - Сихів

--- Рахуємо : Бекон
------Додаємо 1728 з попередньої інвентаризації
------Додаємо -499 з переміщення
------Віднімаємо 48342 з розходу

--- Рахуємо : Бекон *Барком, ваговий
------Додаємо 12048 з попередньої інвентаризації
------Додаємо 47980 з приходу
------Додаємо 0 з переміщення
------Розроблено 0 отримано 0
------Переводимо з коеф 1.14 отримуємо 52656

##############
1004 - 12.05.17 - Сихів

--- Рахуємо : Борошно
------Додаємо 25625 з попередньої інвентаризації
------Додаємо 0 з переміщення
------Віднімаємо 8680 з розходу

--- Рахуємо : НФ Тісто для піци
------Додаємо 24060 з попередньої інвентаризації
------Додаємо 0 з переміщення
------Віднімаємо 106560 з розходу
------З коефіцієнтом 0.6317119393556538 переводимо в інг. Рез : -52116

--- Рахуємо : Борошно вищий гатунок *Богомила, 1уп/50кг
------Додаємо 350000 з попередньої інвентаризації
------Додаємо 0 з приходу
------Додаємо 0 з переміщення
------Розроблено 0 отримано 0
------Переводимо з коеф 1.04 отримуємо 336538

##############
1091 - 12.05.17 - Сихів

--- Рахуємо : Борошно Темпура
------Додаємо 2330 з попередньої інвентаризації
------Додаємо 0 з переміщення
------Віднімаємо 0 з розходу

--- Рахуємо : НФ Суміш Темпура
------Додаємо 133 з попередньої інвентаризації
------Додаємо 0 з переміщення
------Віднімаємо 2220 з розходу
------З коефіцієнтом 0.5 переводимо в інг. Рез : -1043

--- Рахуємо : Борошно Темпура *JNP (ЮВІ), 1уп/18.14кг
------Додаємо 18140 з попередньої інвентаризації
------Додаємо 0 з приходу
------Додаємо 0 з переміщення
------Розроблено 0 отримано 0
------Переводимо з коеф 1.04 отримуємо 17442

##############
1074 - 12.05.17 - Сихів

--- Рахуємо : Бринза
------Додаємо 167 з попередньої інвентаризації
------Додаємо 0 з переміщення
------Віднімаємо 420 з розходу

--- Рахуємо : Сир Бринза *Premiale 1уп/0.250гр
------Додаємо 750 з попередньої інвентаризації
------Додаємо 500 з приходу
------Додаємо 0 з переміщення
------Розроблено 0 отримано 0
------Переводимо з коеф 1.06 отримуємо 1179

##############
1051 - 12.05.17 - Сихів

--- Рахуємо : Вакаме
------Додаємо 465 з попередньої інвентаризації
------Додаємо 0 з переміщення
------Віднімаємо 20 з розходу

##############
1075 - 12.05.17 - Сихів

--- Рахуємо : Васабі порошок
------Додаємо 0 з попередньої інвентаризації
------Додаємо 0 з переміщення
------Віднімаємо 0 з розходу

--- Рахуємо : НФ Васабі
------Додаємо 1590 з попередньої інвентаризації
------Додаємо 0 з переміщення
------Віднімаємо 32836 з розходу
------З коефіцієнтом 0.4166666666666667 переводимо в інг. Рез : -13019

--- Рахуємо : Васабі преміум *SaP, 1уп/1кг
------Додаємо 9000 з попередньої інвентаризації
------Додаємо 16000 з приходу
------Додаємо 0 з переміщення
------Розроблено 0 отримано 0
------Переводимо з коеф 1.0 отримуємо 25000

##############
1088 - 12.05.17 - Сихів

--- Рахуємо : Вершки
------Додаємо 0 з попередньої інвентаризації
------Додаємо 0 з переміщення
------Віднімаємо 0 з розходу

--- Рахуємо : НФ Соус Альфредо
------Додаємо 1197 з попередньої інвентаризації
------Додаємо 0 з переміщення
------Віднімаємо 16060 з розходу
------З коефіцієнтом 0.8718395815170009 переводимо в інг. Рез : -12958

--- Рахуємо : Вершки 30% *СмачноШеф ,1уп/1л
------Додаємо 6000 з попередньої інвентаризації
------Додаємо 9000 з приходу
------Додаємо 0 з переміщення
------Розроблено 0 отримано 0
------Переводимо з коеф 1.02 отримуємо 14705

##############
1017 - 12.05.17 - Сихів

--- Рахуємо : Вугор
------Додаємо 308 з попередньої інвентаризації
------Додаємо 0 з переміщення
------Віднімаємо 3205 з розходу

--- Рахуємо : НФ Соус Унагі
------Додаємо 1697 з попередньої інвентаризації
------Додаємо 0 з переміщення
------Віднімаємо 2068 з розходу
------З коефіцієнтом 0.08108108108108109 переводимо в інг. Рез : -30

--- Рахуємо : Вугор *JnP 9 N ,в в/у ваговий
------Додаємо 4315 з попередньої інвентаризації
------Додаємо 0 з приходу
------Додаємо 0 з переміщення
------Розроблено 4775 отримано 2996
------Переводимо з коеф 1.64158 отримуємо 5537

--- Рахуємо : Вугор *JnP 9 ,в в/у ваговий
------Додаємо 0 з попередньої інвентаризації
------Додаємо 0 з приходу
------Додаємо 0 з переміщення
------Розроблено 0 отримано 0
------Переводимо з коеф 1.64625 отримуємо 0

--- Рахуємо : Вугор обсмажений "Unagi Gold" Premium
------Додаємо 0 з попередньої інвентаризації
------Додаємо 0 з приходу
------Додаємо 0 з переміщення
------Розроблено 0 отримано 0
------Переводимо з коеф 1.0 отримуємо 0

##############
1045 - 12.05.17 - Сихів

--- Рахуємо : Каперси
------Додаємо 100 з попередньої інвентаризації
------Додаємо 0 з переміщення
------Віднімаємо 575 з розходу

--- Рахуємо : Каперси *VariaGusto, 1банка/120г
------Додаємо 360 з попередньої інвентаризації
------Додаємо 0 з приходу
------Додаємо 0 з переміщення
------Розроблено 0 отримано 0
------Переводимо з коеф 1.01 отримуємо 356

--- Рахуємо : Каперси *Luxeapers, 1уп/0.550гр
------Додаємо 0 з попередньої інвентаризації
------Додаємо 0 з приходу
------Додаємо 0 з переміщення
------Розроблено 0 отримано 0
------Переводимо з коеф 1.04 отримуємо 0

--- Рахуємо : Каперси *Iberica, 1банка/60г
------Додаємо 0 з попередньої інвентаризації
------Додаємо 0 з приходу
------Додаємо 0 з переміщення
------Розроблено 0 отримано 0
------Переводимо з коеф 1.01 отримуємо 0

##############
1019 - 12.05.17 - Сихів

--- Рахуємо : Ковбаса Папероні
------Додаємо 1182 з попередньої інвентаризації
------Додаємо 0 з переміщення
------Віднімаємо 14290 з розходу

--- Рахуємо : Ковбаса Папероні *Глобино вагова
------Додаємо 9625 з попередньої інвентаризації
------Додаємо 15476 з приходу
------Додаємо 0 з переміщення
------Розроблено 0 отримано 0
------Переводимо з коеф 1.12 отримуємо 22411

##############
1016 - 12.05.17 - Сихів

--- Рахуємо : Копчене куряче філе
------Додаємо 1376 з попередньої інвентаризації
------Додаємо 0 з переміщення
------Віднімаємо 2145 з розходу

--- Рахуємо : Копчене куряче філе *ІКО, вагове
------Додаємо 25925 з попередньої інвентаризації
------Додаємо 0 з приходу
------Додаємо 0 з переміщення
------Розроблено 0 отримано 0
------Переводимо з коеф 1.06 отримуємо 24457

##############
1022 - 12.05.17 - Сихів

--- Рахуємо : Креветка
------Додаємо 469 з попередньої інвентаризації
------Додаємо -15 з переміщення
------Віднімаємо 3740 з розходу

--- Рахуємо : Креветка SaP б/г 16/20, 1уп/1кг
------Додаємо 5000 з попередньої інвентаризації
------Додаємо 10000 з приходу
------Додаємо 0 з переміщення
------Розроблено 9000 отримано 4417
------Переводимо з коеф 2.03143 отримуємо 11814

##############
1023 - 12.05.17 - Сихів

--- Рахуємо : Кукурудза консервована
------Додаємо 158 з попередньої інвентаризації
------Додаємо 0 з переміщення
------Віднімаємо 8270 з розходу

--- Рахуємо : Кукурудза консервована *Верес, 1уп/275г
------Додаємо 4950 з попередньої інвентаризації
------Додаємо 3300 з приходу
------Додаємо 0 з переміщення
------Розроблено 0 отримано 0
------Переводимо з коеф 1.2 отримуємо 6874

##############
1009 - 12.05.17 - Сихів

--- Рахуємо : Лосось
------Додаємо 34555 з попередньої інвентаризації
------Додаємо -136 з переміщення
------Віднімаємо 36830 з розходу

--- Рахуємо : Лосось філе, в в/у ваговий
------Додаємо 0 з попередньої інвентаризації
------Додаємо 99535 з приходу
------Додаємо 0 з переміщення
------Розроблено 37075 отримано 28245
------Переводимо з коеф 1.308 отримуємо 104441

##############
1025 - 12.05.17 - Сихів

--- Рахуємо : Лосось копчений
------Додаємо 1313 з попередньої інвентаризації
------Додаємо -40 з переміщення
------Віднімаємо 975 з розходу

--- Рахуємо : Лосось Х/К філе, в в/у ваговий, С.Х.
------Додаємо 6365 з попередньої інвентаризації
------Додаємо 0 з приходу
------Додаємо 0 з переміщення
------Розроблено 0 отримано 0
------Переводимо з коеф 1.3 отримуємо 4896

##############
1065 - 12.05.17 - Сихів

--- Рахуємо : Мамінорі
------Додаємо 17 з попередньої інвентаризації
------Додаємо 0 з переміщення
------Віднімаємо 3 з розходу

--- Рахуємо : Папір соєвий жовтогарячий Мамінорі *SushiParty, 1уп/20 лист 
------Додаємо 20 з попередньої інвентаризації
------Додаємо 0 з приходу
------Додаємо 0 з переміщення
------Розроблено 0 отримано 0
------Переводимо з коеф 1.0 отримуємо 20

##############
1039 - 12.05.17 - Сихів

--- Рахуємо : Маслини
------Додаємо 2200 з попередньої інвентаризації
------Додаємо 0 з переміщення
------Віднімаємо 1090 з розходу

--- Рахуємо : Маслини *Iberica, 1уп/0.170гр.
------Додаємо 0 з попередньої інвентаризації
------Додаємо 0 з приходу
------Додаємо 0 з переміщення
------Розроблено 0 отримано 0
------Переводимо з коеф 1.03 отримуємо 0

--- Рахуємо : Маслини *Iberica, 1уп/0.115гр
------Додаємо 2415 з попередньої інвентаризації
------Додаємо 0 з приходу
------Додаємо 0 з переміщення
------Розроблено 0 отримано 0
------Переводимо з коеф 1.03 отримуємо 2344

--- Рахуємо : Маслини *Exelencia, 1банка/2кг
------Додаємо 0 з попередньої інвентаризації
------Додаємо 0 з приходу
------Додаємо 0 з переміщення
------Розроблено 0 отримано 0
------Переводимо з коеф 1.01 отримуємо 0

##############
1033 - 12.05.17 - Сихів

--- Рахуємо : Мисливські Ковбаски 
------Додаємо 677 з попередньої інвентаризації
------Додаємо 0 з переміщення
------Віднімаємо 1080 з розходу

--- Рахуємо : Мисливські Ковбаски *СвітМ'яса
------Додаємо 4855 з попередньої інвентаризації
------Додаємо 0 з приходу
------Додаємо 0 з переміщення
------Розроблено 0 отримано 0
------Переводимо з коеф 1.09 отримуємо 4454

##############
1038 - 12.05.17 - Сихів

--- Рахуємо : Мюнхенські Ковбаски 
------Додаємо 236 з попередньої інвентаризації
------Додаємо 0 з переміщення
------Віднімаємо 640 з розходу

--- Рахуємо : Мюнхенські Ковбаски *Ходорівський М.К. вагові/шт
------Додаємо 7665 з попередньої інвентаризації
------Додаємо 0 з приходу
------Додаємо 0 з переміщення
------Розроблено 0 отримано 0
------Переводимо з коеф 1.07 отримуємо 7163

##############
1002 - 12.05.17 - Сихів

--- Рахуємо : Норі
------Додаємо 46 з попередньої інвентаризації
------Додаємо 0 з переміщення
------Віднімаємо 2974 з розходу

--- Рахуємо : Водорості см/прес. Норі Голд *JnP 1уп/50шт, С.Х.
------Додаємо 900 з попередньої інвентаризації
------Додаємо 0 з приходу
------Додаємо -50 з переміщення
------Розроблено 0 отримано 0
------Переводимо з коеф 1.04 отримуємо 817

--- Рахуємо : Водорості Норі "Nori Premium" 1уп/50 шт, МД
------Додаємо 0 з попередньої інвентаризації
------Додаємо 0 з приходу
------Додаємо 0 з переміщення
------Розроблено 0 отримано 0
------Переводимо з коеф 1.0 отримуємо 0

--- Рахуємо : Норі *KS gold, 1уп/50шт
------Додаємо 0 з попередньої інвентаризації
------Додаємо 0 з приходу
------Додаємо 0 з переміщення
------Розроблено 0 отримано 0
------Переводимо з коеф 1.01 отримуємо 0

--- Рахуємо : Норі *KS silver, 1уп/50шт
------Додаємо 0 з попередньої інвентаризації
------Додаємо 0 з приходу
------Додаємо 0 з переміщення
------Розроблено 0 отримано 0
------Переводимо з коеф 1.01 отримуємо 0

--- Рахуємо : Норі *BBN gold, 1уп/50шт
------Додаємо 0 з попередньої інвентаризації
------Додаємо 0 з приходу
------Додаємо 0 з переміщення
------Розроблено 0 отримано 0
------Переводимо з коеф 1.01 отримуємо 0

##############
1006 - 12.05.17 - Сихів

--- Рахуємо : Огірок
------Додаємо 514 з попередньої інвентаризації
------Додаємо 0 з переміщення
------Віднімаємо 2605 з розходу

--- Рахуємо : Огірок Тепличний ваговий
------Додаємо 3820 з попередньої інвентаризації
------Додаємо 8486 з приходу
------Додаємо 0 з переміщення
------Розроблено 0 отримано 0
------Переводимо з коеф 1.97 отримуємо 6246

--- Рахуємо : Огірок Грунтовий ваговий
------Додаємо 0 з попередньої інвентаризації
------Додаємо 0 з приходу
------Додаємо 0 з переміщення
------Розроблено 0 отримано 0
------Переводимо з коеф 2.86 отримуємо 0

##############
1037 - 12.05.17 - Сихів

--- Рахуємо : Огірок Маринований
------Додаємо 4100 з попередньої інвентаризації
------Додаємо 0 з переміщення
------Віднімаємо 3250 з розходу

--- Рахуємо : Огірок Маринований ваговий
------Додаємо 0 з попередньої інвентаризації
------Додаємо 0 з приходу
------Додаємо 0 з переміщення
------Розроблено 0 отримано 0
------Переводимо з коеф 1.25 отримуємо 0

##############
1036 - 12.05.17 - Сихів

--- Рахуємо : Окунь червоний
------Додаємо 87 з попередньої інвентаризації
------Додаємо 0 з переміщення
------Віднімаємо 285 з розходу

--- Рахуємо : Окунь морский (філе тілапії), в в/у ваговий
------Додаємо 4050 з попередньої інвентаризації
------Додаємо 0 з приходу
------Додаємо 0 з переміщення
------Розроблено 546 отримано 458
------Переводимо з коеф 1.23619 отримуємо 3717

##############
1042 - 12.05.17 - Сихів

--- Рахуємо : Оливки
------Додаємо 1896 з попередньої інвентаризації
------Додаємо 0 з переміщення
------Віднімаємо 50 з розходу

--- Рахуємо : Оливки *Iberica, 1шт/170гр
------Додаємо 2890 з попередньої інвентаризації
------Додаємо 0 з приходу
------Додаємо 0 з переміщення
------Розроблено 0 отримано 0
------Переводимо з коеф 1.03 отримуємо 2805

--- Рахуємо : Оливки *Exelencia, 1банка/2кг
------Додаємо 0 з попередньої інвентаризації
------Додаємо 0 з приходу
------Додаємо 0 з переміщення
------Розроблено 0 отримано 0
------Переводимо з коеф 1.01 отримуємо 0

##############
1035 - 12.05.17 - Сихів

--- Рахуємо : Олія оливкова
------Додаємо 4040 з попередньої інвентаризації
------Додаємо 0 з переміщення
------Віднімаємо 265 з розходу

--- Рахуємо : НФ Тісто для піци
------Додаємо 1950 з попередньої інвентаризації
------Додаємо 0 з переміщення
------Віднімаємо 280140 з розходу
------З коефіцієнтом 0.018951358180669616 переводимо в інг. Рез : -5272

--- Рахуємо : НФ Соус Барбекю
------Додаємо 539 з попередньої інвентаризації
------Додаємо 0 з переміщення
------Віднімаємо 15890 з розходу
------З коефіцієнтом 0.0660377358490566 переводимо в інг. Рез : -1013

--- Рахуємо : НФ Соус від Панди
------Додаємо 1070 з попередньої інвентаризації
------Додаємо 0 з переміщення
------Віднімаємо 38580 з розходу
------З коефіцієнтом 0.026985350809560524 переводимо в інг. Рез : -1012

--- Рахуємо : Олія оливкова *DeCecco, 1уп/1л
------Додаємо 5000 з попередньої інвентаризації
------Додаємо 0 з приходу
------Додаємо 0 з переміщення
------Розроблено 0 отримано 0
------Переводимо з коеф 1.1 отримуємо 4545

--- Рахуємо : Оливкова олія *Vesuvio 1шт/5л
------Додаємо 40000 з попередньої інвентаризації
------Додаємо 0 з приходу
------Додаємо 0 з переміщення
------Розроблено 0 отримано 0
------Переводимо з коеф 1.01 отримуємо 39603

##############
1028 - 12.05.17 - Сихів

--- Рахуємо : Перець болгарський
------Додаємо 407 з попередньої інвентаризації
------Додаємо 0 з переміщення
------Віднімаємо 2025 з розходу

--- Рахуємо : НФ Соус Барбекю
------Додаємо 1000 з попередньої інвентаризації
------Додаємо 0 з переміщення
------Віднімаємо 47530 з розходу
------З коефіцієнтом 0.11320754716981132 переводимо в інг. Рез : -5267

--- Рахуємо : Перець болгарський ваговий
------Додаємо 790 з попередньої інвентаризації
------Додаємо 9073 з приходу
------Додаємо 0 з переміщення
------Розроблено 0 отримано 0
------Переводимо з коеф 1.3 отримуємо 7586

##############
1092 - 12.05.17 - Сихів

--- Рахуємо : Перець консервований Халапеньйо
------Додаємо 0 з попередньої інвентаризації
------Додаємо 0 з переміщення
------Віднімаємо 0 з розходу

--- Рахуємо : Перець Халапеньйо *Manolito, 1банка/1,5кг
------Додаємо 1500 з попередньої інвентаризації
------Додаємо 0 з приходу
------Додаємо 0 з переміщення
------Розроблено 0 отримано 0
------Переводимо з коеф 1.01 отримуємо 1485

##############
1010 - 12.05.17 - Сихів

--- Рахуємо : Печериці
------Додаємо 980 з попередньої інвентаризації
------Додаємо -3630 з переміщення
------Віднімаємо 20100 з розходу

--- Рахуємо : Печериці вагові
------Додаємо 9495 з попередньої інвентаризації
------Додаємо 23062 з приходу
------Додаємо -120 з переміщення
------Розроблено 0 отримано 0
------Переводимо з коеф 1.16 отримуємо 27962

##############
1078 - 12.05.17 - Сихів

--- Рахуємо : Помідори Пелатті
------Додаємо 0 з попередньої інвентаризації
------Додаємо 0 з переміщення
------Віднімаємо 0 з розходу

--- Рахуємо : НФ Соус від Панди
------Додаємо 1074 з попередньої інвентаризації
------Додаємо 0 з переміщення
------Віднімаємо 27600 з розходу
------З коефіцієнтом 0.9830377794911334 переводимо в інг. Рез : -26076

--- Рахуємо : Помідори Пелатті *NOVI, 1шт/2.500гр
------Додаємо 25000 з попередньої інвентаризації
------Додаємо 90000 з приходу
------Додаємо 0 з переміщення
------Розроблено 0 отримано 0
------Переводимо з коеф 1.0 отримуємо 115000

##############
1001 - 12.05.17 - Сихів

--- Рахуємо : Рис
------Додаємо 19520 з попередньої інвентаризації
------Додаємо -3000 з переміщення
------Віднімаємо 0 з розходу

--- Рахуємо : НФ Рис для суші
------Додаємо 6360 з попередньої інвентаризації
------Додаємо -5398 з переміщення
------Віднімаємо 466710 з розходу
------З коефіцієнтом 0.47877433769549954 переводимо в інг. Рез : -222988

--- Рахуємо : Рис для суші *Sun West, 1шт/22.680гр
------Додаємо 158760 з попередньої інвентаризації
------Додаємо 226800 з приходу
------Додаємо 0 з переміщення
------Розроблено 0 отримано 0
------Переводимо з коеф 0.99 отримуємо 389454

--- Рахуємо : Рис для суші *Kimpo, 1міш/9кг
------Додаємо 9000 з попередньої інвентаризації
------Додаємо 0 з приходу
------Додаємо 0 з переміщення
------Розроблено 0 отримано 0
------Переводимо з коеф 1.01 отримуємо 8910

--- Рахуємо : Рис *Seijou, 1мішок/9,07кг
------Додаємо 0 з попередньої інвентаризації
------Додаємо 0 з приходу
------Додаємо 0 з переміщення
------Розроблено 0 отримано 0
------Переводимо з коеф 0.99 отримуємо 0

##############
1049 - 12.05.17 - Сихів

--- Рахуємо : Салат Чука
------Додаємо 46 з попередньої інвентаризації
------Додаємо 0 з переміщення
------Віднімаємо 5100 з розходу

--- Рахуємо : Салат Чука *JNP, С.Х., 1уп/1кг
------Додаємо 5000 з попередньої інвентаризації
------Додаємо 8000 з приходу
------Додаємо 0 з переміщення
------Розроблено 0 отримано 0
------Переводимо з коеф 1.39 отримуємо 9352

##############
1046 - 12.05.17 - Сихів

--- Рахуємо : Сир Дорблю
------Додаємо 135 з попередньої інвентаризації
------Додаємо 0 з переміщення
------Віднімаємо 200 з розходу

--- Рахуємо : Сир Дорблю ваговий
------Додаємо 1352 з попередньої інвентаризації
------Додаємо 0 з приходу
------Додаємо 0 з переміщення
------Розроблено 0 отримано 0
------Переводимо з коеф 1.05 отримуємо 1287

##############
1032 - 12.05.17 - Сихів

--- Рахуємо : Сир Мармуровий
------Додаємо 66 з попередньої інвентаризації
------Додаємо 0 з переміщення
------Віднімаємо 265 з розходу

--- Рахуємо : Сир Мармуровий *Чортків, ваговий 
------Додаємо 1010 з попередньої інвентаризації
------Додаємо 0 з приходу
------Додаємо 0 з переміщення
------Розроблено 0 отримано 0
------Переводимо з коеф 1.05 отримуємо 961

##############
1003 - 12.05.17 - Сихів

--- Рахуємо : Сир Моцарела
------Додаємо 13616 з попередньої інвентаризації
------Додаємо -300 з переміщення
------Віднімаємо 175731 з розходу

--- Рахуємо : Сир Моцарела, Івано - Франківськ, ваговий
------Додаємо 6395 з попередньої інвентаризації
------Додаємо 160000 з приходу
------Додаємо 0 з переміщення
------Розроблено 0 отримано 0
------Переводимо з коеф 1.0 отримуємо 166395

##############
1021 - 12.05.17 - Сихів

--- Рахуємо : Сир Пармезан
------Додаємо 165 з попередньої інвентаризації
------Додаємо -30 з переміщення
------Віднімаємо 11285 з розходу

--- Рахуємо : НФ Соус Альфредо
------Додаємо 740 з попередньої інвентаризації
------Додаємо 0 з переміщення
------Віднімаємо 26700 з розходу
------З коефіцієнтом 0.08718395815170009 переводимо в інг. Рез : -2263

--- Рахуємо : Сир Пармезан *Rokiskio, ваговий
------Додаємо 4290 з попередньої інвентаризації
------Додаємо 6540 з приходу
------Додаємо 0 з переміщення
------Розроблено 0 отримано 0
------Переводимо з коеф 1.05 отримуємо 10314

--- Рахуємо : Сир Пармезан *Spomlek, ваговий
------Додаємо 0 з попередньої інвентаризації
------Додаємо 0 з приходу
------Додаємо 0 з переміщення
------Розроблено 0 отримано 0
------Переводимо з коеф 1.28 отримуємо 0

##############
1034 - 12.05.17 - Сихів

--- Рахуємо : Сир Фета
------Додаємо 125 з попередньої інвентаризації
------Додаємо 0 з переміщення
------Віднімаємо 3090 з розходу

--- Рахуємо : Сир Фета *Premiale, 1шт/0.500гр
------Додаємо 1500 з попередньої інвентаризації
------Додаємо 0 з приходу
------Додаємо 0 з переміщення
------Розроблено 0 отримано 0
------Переводимо з коеф 1.09 отримуємо 1376

--- Рахуємо : Сир Фета *Premiale, 1шп/0.250гр
------Додаємо 1500 з попередньої інвентаризації
------Додаємо 1500 з приходу
------Додаємо 0 з переміщення
------Розроблено 0 отримано 0
------Переводимо з коеф 1.09 отримуємо 2752

##############
1005 - 12.05.17 - Сихів

--- Рахуємо : Сир Філадельфія
------Додаємо 1064 з попередньої інвентаризації
------Додаємо -20 з переміщення
------Віднімаємо 16460 з розходу

--- Рахуємо : Сир Філадельфія ORIGINAL, Mondelez, 1уп/1,65кг
Exception in thread "JavaFX Application Thread" java.lang.NullPointerException
	at ua.com.pandasushi.database.site.dao.NewDAOSiteImpl.getSumProdShift(NewDAOSiteImpl.java:768)
	at ua.com.pandasushi.controller.kitchen.inventory.InventoryTabController.handle(InventoryTabController.java:481)
	at ua.com.pandasushi.controller.kitchen.inventory.InventoryTabController.handle(InventoryTabController.java:46)
	at com.sun.javafx.event.CompositeEventHandler.dispatchBubblingEvent(CompositeEventHandler.java:86)
	at com.sun.javafx.event.EventHandlerManager.dispatchBubblingEvent(EventHandlerManager.java:238)
	at com.sun.javafx.event.EventHandlerManager.dispatchBubblingEvent(EventHandlerManager.java:191)
	at com.sun.javafx.event.CompositeEventDispatcher.dispatchBubblingEvent(CompositeEventDispatcher.java:59)
	at com.sun.javafx.event.BasicEventDispatcher.dispatchEvent(BasicEventDispatcher.java:58)
	at com.sun.javafx.event.EventDispatchChainImpl.dispatchEvent(EventDispatchChainImpl.java:114)
	at com.sun.javafx.event.BasicEventDispatcher.dispatchEvent(BasicEventDispatcher.java:56)
	at com.sun.javafx.event.EventDispatchChainImpl.dispatchEvent(EventDispatchChainImpl.java:114)
	at com.sun.javafx.event.BasicEventDispatcher.dispatchEvent(BasicEventDispatcher.java:56)
	at com.sun.javafx.event.EventDispatchChainImpl.dispatchEvent(EventDispatchChainImpl.java:114)
	at com.sun.javafx.event.BasicEventDispatcher.dispatchEvent(BasicEventDispatcher.java:56)
	at com.sun.javafx.event.EventDispatchChainImpl.dispatchEvent(EventDispatchChainImpl.java:114)
	at com.sun.javafx.event.BasicEventDispatcher.dispatchEvent(BasicEventDispatcher.java:56)
	at com.sun.javafx.event.EventDispatchChainImpl.dispatchEvent(EventDispatchChainImpl.java:114)
	at com.sun.javafx.event.EventUtil.fireEventImpl(EventUtil.java:74)
	at com.sun.javafx.event.EventUtil.fireEvent(EventUtil.java:49)
	at javafx.event.Event.fireEvent(Event.java:198)
	at javafx.scene.Node.fireEvent(Node.java:8413)
	at javafx.scene.control.Button.fire(Button.java:185)
	at com.sun.javafx.scene.control.behavior.ButtonBehavior.mouseReleased(ButtonBehavior.java:182)
	at com.sun.javafx.scene.control.skin.BehaviorSkinBase$1.handle(BehaviorSkinBase.java:96)
	at com.sun.javafx.scene.control.skin.BehaviorSkinBase$1.handle(BehaviorSkinBase.java:89)
	at com.sun.javafx.event.CompositeEventHandler$NormalEventHandlerRecord.handleBubblingEvent(CompositeEventHandler.java:218)
	at com.sun.javafx.event.CompositeEventHandler.dispatchBubblingEvent(CompositeEventHandler.java:80)
	at com.sun.javafx.event.EventHandlerManager.dispatchBubblingEvent(EventHandlerManager.java:238)
	at com.sun.javafx.event.EventHandlerManager.dispatchBubblingEvent(EventHandlerManager.java:191)
	at com.sun.javafx.event.CompositeEventDispatcher.dispatchBubblingEvent(CompositeEventDispatcher.java:59)
	at com.sun.javafx.event.BasicEventDispatcher.dispatchEvent(BasicEventDispatcher.java:58)
	at com.sun.javafx.event.EventDispatchChainImpl.dispatchEvent(EventDispatchChainImpl.java:114)
	at com.sun.javafx.event.BasicEventDispatcher.dispatchEvent(BasicEventDispatcher.java:56)
	at com.sun.javafx.event.EventDispatchChainImpl.dispatchEvent(EventDispatchChainImpl.java:114)
	at com.sun.javafx.event.BasicEventDispatcher.dispatchEvent(BasicEventDispatcher.java:56)
	at com.sun.javafx.event.EventDispatchChainImpl.dispatchEvent(EventDispatchChainImpl.java:114)
	at com.sun.javafx.event.BasicEventDispatcher.dispatchEvent(BasicEventDispatcher.java:56)
	at com.sun.javafx.event.EventDispatchChainImpl.dispatchEvent(EventDispatchChainImpl.java:114)
	at com.sun.javafx.event.BasicEventDispatcher.dispatchEvent(BasicEventDispatcher.java:56)
	at com.sun.javafx.event.EventDispatchChainImpl.dispatchEvent(EventDispatchChainImpl.java:114)
	at com.sun.javafx.event.EventUtil.fireEventImpl(EventUtil.java:74)
	at com.sun.javafx.event.EventUtil.fireEvent(EventUtil.java:54)
	at javafx.event.Event.fireEvent(Event.java:198)
	at javafx.scene.Scene$MouseHandler.process(Scene.java:3757)
	at javafx.scene.Scene$MouseHandler.access$1500(Scene.java:3485)
	at javafx.scene.Scene.impl_processMouseEvent(Scene.java:1762)
	at javafx.scene.Scene$ScenePeerListener.mouseEvent(Scene.java:2494)
	at com.sun.javafx.tk.quantum.GlassViewEventHandler$MouseEventNotification.run(GlassViewEventHandler.java:381)
	at com.sun.javafx.tk.quantum.GlassViewEventHandler$MouseEventNotification.run(GlassViewEventHandler.java:295)
	at java.security.AccessController.doPrivileged(Native Method)
	at com.sun.javafx.tk.quantum.GlassViewEventHandler.lambda$handleMouseEvent$354(GlassViewEventHandler.java:417)
	at com.sun.javafx.tk.quantum.QuantumToolkit.runWithoutRenderLock(QuantumToolkit.java:389)
	at com.sun.javafx.tk.quantum.GlassViewEventHandler.handleMouseEvent(GlassViewEventHandler.java:416)
	at com.sun.glass.ui.View.handleMouseEvent(View.java:555)
	at com.sun.glass.ui.View.notifyMouse(View.java:937)
	at com.sun.glass.ui.win.WinApplication._runLoop(Native Method)
	at com.sun.glass.ui.win.WinApplication.lambda$null$148(WinApplication.java:191)
	at java.lang.Thread.run(Thread.java:745)
