Сихів
Тарас Гродзіцький
Applicaton is started
initialized
4
Tab added
Tab added
Tab added
Tab added
Імбир
Авокадо
Ананас Консервований
Анчоус
Апельсин
Артишок
Базилік
Банан
Бекон
Борошно
Борошно Темпура
Бринза
Вакаме
Васабі порошок
Вершки
Вода
Вугор
Гірчиця
Гарбуз
Дріжді
Каперси
Кетчуп
Ковбаса Папероні
Комбо
Копчене куряче філе
Кріп
Креветка
Кукурудза консервована
Кунжут смажений
Лапша
Лимон
Листя салату
Лосось
Лосось копчений
Мірін
Місопаста
Міцукан
Майонез
Мамінорі
Маслини
Масло 72%
Мед
Мисливські Ковбаски 
Морква
Мюнхенські Ковбаски 
Норі
НФ Васабі
НФ Заправка для рису
НФ Рис для суші
НФ Соус Альфредо
НФ Соус Барбекю
НФ Соус від Панди
НФ Соус Горіховий 
НФ Соус соєвий для суші
НФ Соус Спайс
НФ Соус Унагі
НФ Соус Цезар
НФ Суміш Темпура
НФ Тісто для піци
Огірок
Огірок Маринований
Окунь червоний
Олія оливкова
Оливки
Орегано
Перець болгарський
Перець консервований Халапеньйо
Перець мелений
Перець Чілі
Петрушка
Печериці
Полуниця
Помідори
Помідори Пелатті
Помідори Чері
Редька
Рис
Розпушувач
Руккола
Сіль
Салат Айсберг
Салат Чука
Сир Дорблю
Сир Мармуровий
Сир Моцарела
Сир Пармезан
Сир тостовий
Сир Тофу
Сир Філадельфія
Сир Фета
Сніжний краб
Соєвий соус концентрат
Соус Чілі
Стружка тунця
Сухарі
Тобіко червоне
Тунець
Тунець консервований
Хондаші
Цибуля зел
Цибуля Кримська
Цукор
Часник свіжий
Чорний кунжут
Шинка
Широмісу
Шпинат
Яйце перепелине

##############
1065 - 15.05.17 - Сихів

--- Рахуємо : Мамінорі
------Додаємо 34 з попередньої інвентаризації
------Додаємо 0 з переміщення
------Віднімаємо 1 з розходу

##############
1038 - 15.05.17 - Сихів

--- Рахуємо : Мюнхенські Ковбаски 
------Додаємо 95 з попередньої інвентаризації
------Додаємо 0 з переміщення
------Віднімаємо 1500 з розходу

--- Рахуємо : Мюнхенські Ковбаски *Ходорівський М.К. вагові/шт
------Додаємо 7120 з попередньої інвентаризації
------Додаємо 0 з приходу
------Додаємо 0 з переміщення
------Розроблено 0 отримано 0
------Переводимо з коеф 1.07 отримуємо 6654

##############
1060 - 15.05.17 - Сихів

--- Рахуємо : Імбир
------Додаємо 1840 з попередньої інвентаризації
------Додаємо 0 з переміщення
------Віднімаємо 5860 з розходу

--- Рахуємо : Імбир маринований рожевий JnP 1уп/1.5кг
------Додаємо 55500 з попередньої інвентаризації
------Додаємо 0 з приходу
------Додаємо 0 з переміщення
------Розроблено 0 отримано 0
------Переводимо з коеф 1.76 отримуємо 31534

##############
1035 - 15.05.17 - Сихів

--- Рахуємо : Олія оливкова
------Додаємо 300 з попередньої інвентаризації
------Додаємо 0 з переміщення
------Віднімаємо 35 з розходу

--- Рахуємо : НФ Тісто для піци
------Додаємо 32760 з попередньої інвентаризації
------Додаємо 0 з переміщення
------Віднімаємо 122040 з розходу
------З коефіцієнтом 0.018951358180669616 переводимо в інг. Рез : -1691

--- Рахуємо : НФ Соус Барбекю
------Додаємо 1296 з попередньої інвентаризації
------Додаємо 0 з переміщення
------Віднімаємо 7280 з розходу
------З коефіцієнтом 0.0660377358490566 переводимо в інг. Рез : -395

--- Рахуємо : НФ Соус від Панди
------Додаємо 1700 з попередньої інвентаризації
------Додаємо 0 з переміщення
------Віднімаємо 18990 з розходу
------З коефіцієнтом 0.026985350809560524 переводимо в інг. Рез : -466

--- Рахуємо : Олія оливкова *DeCecco, 1уп/1л
------Додаємо 5000 з попередньої інвентаризації
------Додаємо 0 з приходу
------Додаємо 0 з переміщення
------Розроблено 0 отримано 0
------Переводимо з коеф 1.1 отримуємо 4545

--- Рахуємо : Оливкова олія *Vesuvio 1шт/5л
------Додаємо 35000 з попередньої інвентаризації
------Додаємо 0 з приходу
------Додаємо 0 з переміщення
------Розроблено 0 отримано 0
------Переводимо з коеф 1.01 отримуємо 34653

##############
1025 - 15.05.17 - Сихів

--- Рахуємо : Лосось копчений
------Додаємо 2034 з попередньої інвентаризації
------Додаємо 0 з переміщення
------Віднімаємо 2040 з розходу

--- Рахуємо : Лосось Х/К філе, в в/у ваговий, С.Х.
------Додаємо 4090 з попередньої інвентаризації
------Додаємо 0 з приходу
------Додаємо 0 з переміщення
------Розроблено 0 отримано 0
------Переводимо з коеф 1.3 отримуємо 3146

--- Рахуємо : Лосось копчений *ФОП Глухов
------Додаємо 0 з попередньої інвентаризації
------Додаємо 0 з приходу
------Додаємо 0 з переміщення
------Розроблено 0 отримано 0
------Переводимо з коеф 1.32 отримуємо 0
ROW_COUNT = 20
Мамінорі
Мюнхенські Ковбаски 
Імбир
Олія оливкова
Лосось копчений
Продукт/Інгредієнт/НФ
 -  -  -  -  -  - 
Продукт/Інгредієнт/НФ
 -  -  -  -  -  - 
Мамінорі
 - #,### - #,### гр - #,### - #,### гр -  - 

 -  -  -  -  -  - 
Мюнхенські Ковбаски 
 - #,### - #,### гр - #,### - #,### гр -  - 
Мюнхенські Ковбаски *Ходорівський М.К. вагові/шт
 - #,### шт - #,### гр - #,### шт - #,### гр -  - 

 -  -  -  -  -  - 
Імбир
 - #,### - #,### гр - #,### - #,### гр -  - 
Імбир маринований рожевий JnP 1уп/1.5кг
 - #,### уп - #,### гр - #,### уп - #,### гр -  - 

 -  -  -  -  -  - 
Олія оливкова
 - #,### - #,### гр - #,### - #,### гр -  - 
НФ Тісто для піци
 - #,### - #,### гр - #,### - #,### гр -  - 
НФ Соус від Панди
 - #,### - #,### гр - #,### - #,### гр -  - 
НФ Соус Барбекю
 - #,### - #,### гр - #,### - #,### гр -  - 
Олія оливкова *DeCecco, 1уп/1л
 - #,### шт - #,### мл - #,### шт - #,### мл -  - 
Оливкова олія *Vesuvio 1шт/5л
 - #,### шт - #,### мл - #,### шт - #,### мл -  - 

 -  -  -  -  -  - 
Лосось копчений
 - #,### - #,### гр - #,### - #,### гр -  - 
Лосось Х/К філе, в в/у ваговий, С.Х.
 - #,### шт - #,### гр - #,### шт - #,### гр -  - 
Лосось копчений *ФОП Глухов
 - #,### шт - #,### гр - #,### шт - #,### гр -  - 
Сихів
Тарас Гродзіцький
Applicaton is started
initialized
4
Tab added
Tab added
Tab added
Tab added
Selected : Імбир
Selected : Ананас Консервований
Selected : Артишок
Selected : Бекон
Selected : Борошно
Selected : Бринза
Selected : Васабі порошок
Selected : Вершки
Selected : Вугор
Selected : Каперси
Selected : Ковбаса Папероні
Selected : Копчене куряче філе
Selected : Креветка
Selected : Кукурудза консервована
Selected : Лосось
Selected : Лосось копчений
Selected : Мамінорі
Selected : Маслини
Selected : Мисливські Ковбаски 
Selected : Мюнхенські Ковбаски 
Selected : Норі
Selected : Окунь червоний
Selected : Оливки
Selected : Олія оливкова
Selected : Перець болгарський
Selected : Печериці
Selected : Помідори Пелатті
Selected : Рис
Selected : Салат Чука
Selected : Сир Дорблю
Selected : Сир Мармуровий
Selected : Сир Моцарела
Selected : Сир Пармезан
Selected : Сир Фета
Selected : Сир Філадельфія
Selected : Сир тостовий
Selected : Сніжний краб
Selected : Соєвий соус концентрат
Selected : Тобіко червоне
Selected : Тунець
Selected : Тунець консервований
Selected : Шинка
 - Selected : Імбир
 - Selected : Ананас Консервований
 - Selected : Артишок
 - Selected : Бекон
 - Selected : Борошно
 - Selected : Бринза
 - Selected : Васабі порошок
 - Selected : Вершки
 - Selected : Вугор
 - Selected : Каперси
 - Selected : Ковбаса Папероні
 - Selected : Копчене куряче філе
 - Selected : Креветка
 - Selected : Кукурудза консервована
 - Selected : Лосось
 - Selected : Лосось копчений
 - Selected : Мамінорі
 - Selected : Маслини
 - Selected : Мисливські Ковбаски 
 - Selected : Мюнхенські Ковбаски 
 - Selected : Норі
 - Selected : Окунь червоний
 - Selected : Оливки
 - Selected : Олія оливкова
 - Selected : Перець болгарський
 - Selected : Печериці
 - Selected : Помідори Пелатті
 - Selected : Рис
 - Selected : Салат Чука
 - Selected : Сир Дорблю
 - Selected : Сир Мармуровий
 - Selected : Сир Моцарела
 - Selected : Сир Пармезан
 - Selected : Сир Фета
 - Selected : Сир Філадельфія
 - Selected : Сир тостовий
 - Selected : Сніжний краб
 - Selected : Соєвий соус концентрат
 - Selected : Тобіко червоне
 - Selected : Тунець
 - Selected : Тунець консервований
 - Selected : Шинка

##############
1060 - 15.05.17 - Сихів

--- Рахуємо : Імбир
------Додаємо 1840 з попередньої інвентаризації
------Додаємо 0 з переміщення
------Віднімаємо 5860 з розходу

--- Рахуємо : Імбир маринований рожевий JnP 1уп/1.5кг
------Додаємо 55500 з попередньої інвентаризації
------Додаємо 0 з приходу
------Додаємо 0 з переміщення
------Розроблено 0 отримано 0
------Переводимо з коеф 1.76 отримуємо 31534

##############
1041 - 15.05.17 - Сихів

--- Рахуємо : Ананас Консервований
------Додаємо 509 з попередньої інвентаризації
------Додаємо 0 з переміщення
------Віднімаємо 1970 з розходу

--- Рахуємо : Ананас консервований *ARO, 1уп/490г
------Додаємо 7350 з попередньої інвентаризації
------Додаємо 0 з приходу
------Додаємо 0 з переміщення
------Розроблено 0 отримано 0
------Переводимо з коеф 1.0 отримуємо 7350

##############
1044 - 15.05.17 - Сихів

--- Рахуємо : Артишок
------Додаємо 1001 з попередньої інвентаризації
------Додаємо 0 з переміщення
------Віднімаємо 280 з розходу

--- Рахуємо : Артишок *iGoloSi ,1уп/1.7кг
------Додаємо 1700 з попередньої інвентаризації
------Додаємо 0 з приходу
------Додаємо 0 з переміщення
------Розроблено 0 отримано 0
------Переводимо з коеф 1.42 отримуємо 1197

##############
1015 - 15.05.17 - Сихів

--- Рахуємо : Бекон
------Додаємо 2079 з попередньої інвентаризації
------Додаємо -116 з переміщення
------Віднімаємо 7780 з розходу

--- Рахуємо : Бекон *Барком, ваговий
------Додаємо 10680 з попередньої інвентаризації
------Додаємо 0 з приходу
------Додаємо 0 з переміщення
------Розроблено 0 отримано 0
------Переводимо з коеф 1.14 отримуємо 9368

##############
1004 - 15.05.17 - Сихів

--- Рахуємо : Борошно
------Додаємо 38500 з попередньої інвентаризації
------Додаємо 0 з переміщення
------Віднімаємо 2720 з розходу

--- Рахуємо : НФ Тісто для піци
------Додаємо 30660 з попередньої інвентаризації
------Додаємо 0 з переміщення
------Віднімаємо 33720 з розходу
------З коефіцієнтом 0.6317119393556538 переводимо в інг. Рез : -1933

--- Рахуємо : Борошно вищий гатунок *Богомила, 1уп/50кг
------Додаємо 200000 з попередньої інвентаризації
------Додаємо 0 з приходу
------Додаємо 0 з переміщення
------Розроблено 0 отримано 0
------Переводимо з коеф 1.04 отримуємо 192307

--- Рахуємо : Борошно *Богумила 1мш/25кг
------Додаємо 250000 з попередньої інвентаризації
------Додаємо 0 з приходу
------Додаємо 0 з переміщення
------Розроблено 0 отримано 0
------Переводимо з коеф 1.04 отримуємо 240384

##############
1074 - 15.05.17 - Сихів

--- Рахуємо : Бринза
------Додаємо 197 з попередньої інвентаризації
------Додаємо 0 з переміщення
------Віднімаємо 0 з розходу

--- Рахуємо : Сир Бринза *Premiale 1уп/0.250гр
------Додаємо 750 з попередньої інвентаризації
------Додаємо 0 з приходу
------Додаємо 0 з переміщення
------Розроблено 0 отримано 0
------Переводимо з коеф 1.06 отримуємо 707

##############
1075 - 15.05.17 - Сихів

--- Рахуємо : Васабі порошок
------Додаємо 0 з попередньої інвентаризації
------Додаємо 0 з переміщення
------Віднімаємо 0 з розходу

--- Рахуємо : НФ Васабі
------Додаємо 670 з попередньої інвентаризації
------Додаємо 0 з переміщення
------Віднімаємо 5026 з розходу
------З коефіцієнтом 0.4528985507246377 переводимо в інг. Рез : -1972

--- Рахуємо : Васабі преміум *SaP, 1уп/1кг
------Додаємо 5000 з попередньої інвентаризації
------Додаємо 0 з приходу
------Додаємо 0 з переміщення
------Розроблено 0 отримано 0
------Переводимо з коеф 1.0 отримуємо 5000

##############
1088 - 15.05.17 - Сихів

--- Рахуємо : Вершки
------Додаємо 0 з попередньої інвентаризації
------Додаємо 0 з переміщення
------Віднімаємо 0 з розходу

--- Рахуємо : НФ Соус Альфредо
------Додаємо 352 з попередньої інвентаризації
------Додаємо 0 з переміщення
------Віднімаємо 4820 з розходу
------З коефіцієнтом 0.8718395815170009 переводимо в інг. Рез : -3895

--- Рахуємо : Вершки 30% *СмачноШеф ,1уп/1л
------Додаємо 5000 з попередньої інвентаризації
------Додаємо 3000 з приходу
------Додаємо 0 з переміщення
------Розроблено 0 отримано 0
------Переводимо з коеф 1.02 отримуємо 7843

##############
1017 - 15.05.17 - Сихів

--- Рахуємо : Вугор
------Додаємо 391 з попередньої інвентаризації
------Додаємо 0 з переміщення
------Віднімаємо 3135 з розходу

--- Рахуємо : НФ Соус Унагі
------Додаємо 2354 з попередньої інвентаризації
------Додаємо 0 з переміщення
------Віднімаємо 1802 з розходу
------З коефіцієнтом 0.08108108108108109 переводимо в інг. Рез : 44

--- Рахуємо : Вугор обсмажений "Unagi Gold" Premium
------Додаємо 700 з попередньої інвентаризації
------Додаємо 0 з приходу
------Додаємо 0 з переміщення
------Розроблено 708 отримано 504
------Переводимо з коеф 1.405 отримуємо 1002

--- Рахуємо : Вугор *JnP 9 N ,в в/у ваговий
------Додаємо 0 з попередньої інвентаризації
------Додаємо 0 з приходу
------Додаємо 0 з переміщення
------Розроблено 0 отримано 0

--- Рахуємо : Вугор *JnP 9 ,в в/у ваговий
------Додаємо 7050 з попередньої інвентаризації
------Додаємо 0 з приходу
------Додаємо 0 з переміщення
------Розроблено 3756 отримано 2452
------Переводимо з коеф 1.61824 отримуємо 6677

##############
1045 - 15.05.17 - Сихів

--- Рахуємо : Каперси
------Додаємо 50 з попередньої інвентаризації
------Додаємо 0 з переміщення
------Віднімаємо 140 з розходу

--- Рахуємо : Каперси *VariaGusto, 1банка/120г
------Додаємо 0 з попередньої інвентаризації
------Додаємо 0 з приходу
------Додаємо 0 з переміщення
------Розроблено 0 отримано 0
------Переводимо з коеф 1.01 отримуємо 0

--- Рахуємо : Каперси *Luxeapers, 1уп/0.550гр
------Додаємо 1100 з попередньої інвентаризації
------Додаємо 0 з приходу
------Додаємо 0 з переміщення
------Розроблено 0 отримано 0
------Переводимо з коеф 1.04 отримуємо 1057

--- Рахуємо : Каперси *Iberica, 1банка/60г
------Додаємо 60 з попередньої інвентаризації
------Додаємо 0 з приходу
------Додаємо 0 з переміщення
------Розроблено 0 отримано 0
------Переводимо з коеф 1.01 отримуємо 59

##############
1019 - 15.05.17 - Сихів

--- Рахуємо : Ковбаса Папероні
------Додаємо 1459 з попередньої інвентаризації
------Додаємо 0 з переміщення
------Віднімаємо 5580 з розходу

--- Рахуємо : Ковбаса Папероні *Глобино вагова
------Додаємо 9820 з попередньої інвентаризації
------Додаємо 0 з приходу
------Додаємо 0 з переміщення
------Розроблено 0 отримано 0
------Переводимо з коеф 1.12 отримуємо 8767

##############
1016 - 15.05.17 - Сихів

--- Рахуємо : Копчене куряче філе
------Додаємо 2804 з попередньої інвентаризації
------Додаємо -17 з переміщення
------Віднімаємо 11725 з розходу

--- Рахуємо : Копчене куряче філе *ІКО, вагове
------Додаємо 22135 з попередньої інвентаризації
------Додаємо 35305 з приходу
------Додаємо 0 з переміщення
------Розроблено 0 отримано 0
------Переводимо з коеф 1.06 отримуємо 54188

##############
1022 - 15.05.17 - Сихів

--- Рахуємо : Креветка
------Додаємо 1132 з попередньої інвентаризації
------Додаємо 0 з переміщення
------Віднімаємо 925 з розходу

--- Рахуємо : Креветка SaP б/г 16/20, 1уп/1кг
------Додаємо 6000 з попередньої інвентаризації
------Додаємо 0 з приходу
------Додаємо 0 з переміщення
------Розроблено 2000 отримано 1077
------Переводимо з коеф 1.97 отримуємо 4060

##############
1023 - 15.05.17 - Сихів

--- Рахуємо : Кукурудза консервована
------Додаємо 71 з попередньої інвентаризації
------Додаємо 0 з переміщення
------Віднімаємо 2140 з розходу

--- Рахуємо : Кукурудза консервована *Верес, 1уп/275г
------Додаємо 1925 з попередньої інвентаризації
------Додаємо 6600 з приходу
------Додаємо 0 з переміщення
------Розроблено 0 отримано 0
------Переводимо з коеф 1.2 отримуємо 7104

##############
1009 - 15.05.17 - Сихів

--- Рахуємо : Лосось
------Додаємо 23014 з попередньої інвентаризації
------Додаємо -25 з переміщення
------Віднімаємо 11010 з розходу

--- Рахуємо : Лосось філе, в в/у ваговий
------Додаємо 0 з попередньої інвентаризації
------Додаємо 12030 з приходу
------Додаємо 0 з переміщення
------Розроблено 12030 отримано 9030

##############
1025 - 15.05.17 - Сихів

--- Рахуємо : Лосось копчений
------Додаємо 2034 з попередньої інвентаризації
------Додаємо 0 з переміщення
------Віднімаємо 2040 з розходу

--- Рахуємо : Лосось Х/К філе, в в/у ваговий, С.Х.
------Додаємо 4090 з попередньої інвентаризації
------Додаємо 0 з приходу
------Додаємо 0 з переміщення
------Розроблено 0 отримано 0
------Переводимо з коеф 1.3 отримуємо 3146

--- Рахуємо : Лосось копчений *ФОП Глухов
------Додаємо 0 з попередньої інвентаризації
------Додаємо 0 з приходу
------Додаємо 0 з переміщення
------Розроблено 0 отримано 0
------Переводимо з коеф 1.32 отримуємо 0

##############
1065 - 15.05.17 - Сихів

--- Рахуємо : Мамінорі
------Додаємо 34 з попередньої інвентаризації
------Додаємо 0 з переміщення
------Віднімаємо 1 з розходу

##############
1039 - 15.05.17 - Сихів

--- Рахуємо : Маслини
------Додаємо 195 з попередньої інвентаризації
------Додаємо 0 з переміщення
------Віднімаємо 460 з розходу

--- Рахуємо : Маслини *Iberica, 1уп/0.115гр
------Додаємо 2070 з попередньої інвентаризації
------Додаємо 0 з приходу
------Додаємо 0 з переміщення
------Розроблено 0 отримано 0
------Переводимо з коеф 1.03 отримуємо 2009

##############
1033 - 15.05.17 - Сихів

--- Рахуємо : Мисливські Ковбаски 
------Додаємо 974 з попередньої інвентаризації
------Додаємо 0 з переміщення
------Віднімаємо 2190 з розходу

--- Рахуємо : Мисливські Ковбаски *СвітМ'яса
------Додаємо 3440 з попередньої інвентаризації
------Додаємо 1760 з приходу
------Додаємо 0 з переміщення
------Розроблено 0 отримано 0
------Переводимо з коеф 1.07 отримуємо 4859

##############
1038 - 15.05.17 - Сихів

--- Рахуємо : Мюнхенські Ковбаски 
------Додаємо 95 з попередньої інвентаризації
------Додаємо 0 з переміщення
------Віднімаємо 1500 з розходу

--- Рахуємо : Мюнхенські Ковбаски *Ходорівський М.К. вагові/шт
------Додаємо 7120 з попередньої інвентаризації
------Додаємо 0 з приходу
------Додаємо 0 з переміщення
------Розроблено 0 отримано 0
------Переводимо з коеф 1.07 отримуємо 6654

##############
1002 - 15.05.17 - Сихів

--- Рахуємо : Норі
------Додаємо 30 з попередньої інвентаризації
------Додаємо 0 з переміщення
------Віднімаємо 982 з розходу

--- Рахуємо : Норі *KS silver, 1уп/50шт
------Додаємо 0 з попередньої інвентаризації
------Додаємо 1000 з приходу
------Додаємо 0 з переміщення
------Розроблено 0 отримано 0
------Переводимо з коеф 1.01 отримуємо 990

--- Рахуємо : Норі *KS gold, 1уп/50шт
------Додаємо 0 з попередньої інвентаризації
------Додаємо 1000 з приходу
------Додаємо 0 з переміщення
------Розроблено 0 отримано 0
------Переводимо з коеф 1.01 отримуємо 990

--- Рахуємо : Норі *BBN gold, 1уп/50шт
------Додаємо 0 з попередньої інвентаризації
------Додаємо 0 з приходу
------Додаємо -50 з переміщення
------Розроблено 0 отримано 0
------Переводимо з коеф 1.01 отримуємо -49

--- Рахуємо : Водорості см/прес. Норі Голд *JnP 1уп/50шт, С.Х.
------Додаємо 650 з попередньої інвентаризації
------Додаємо 0 з приходу
------Додаємо 0 з переміщення
------Розроблено 0 отримано 0
------Переводимо з коеф 1.04 отримуємо 625

--- Рахуємо : Водорості Норі "Nori Premium" 1уп/50 шт, МД
------Додаємо 0 з попередньої інвентаризації
------Додаємо 0 з приходу
------Додаємо 0 з переміщення
------Розроблено 0 отримано 0
------Переводимо з коеф 1.0 отримуємо 0

##############
1036 - 15.05.17 - Сихів

--- Рахуємо : Окунь червоний
------Додаємо 235 з попередньої інвентаризації
------Додаємо 0 з переміщення
------Віднімаємо 1530 з розходу

--- Рахуємо : Окунь морский (філе тілапії), в в/у ваговий
------Додаємо 3500 з попередньої інвентаризації
------Додаємо 0 з приходу
------Додаємо 0 з переміщення
------Розроблено 1847 отримано 1495
------Переводимо з коеф 1.22917 отримуємо 4350

##############
1042 - 15.05.17 - Сихів

--- Рахуємо : Оливки
------Додаємо 1765 з попередньої інвентаризації
------Додаємо 0 з переміщення
------Віднімаємо 180 з розходу

--- Рахуємо : Оливки *Iberica, 1шт/170гр
------Додаємо 2890 з попередньої інвентаризації
------Додаємо 0 з приходу
------Додаємо 0 з переміщення
------Розроблено 0 отримано 0
------Переводимо з коеф 1.03 отримуємо 2805

##############
1035 - 15.05.17 - Сихів

--- Рахуємо : Олія оливкова
------Додаємо 300 з попередньої інвентаризації
------Додаємо 0 з переміщення
------Віднімаємо 35 з розходу

--- Рахуємо : НФ Тісто для піци
------Додаємо 32760 з попередньої інвентаризації
------Додаємо 0 з переміщення
------Віднімаємо 122040 з розходу
------З коефіцієнтом 0.018951358180669616 переводимо в інг. Рез : -1691

--- Рахуємо : НФ Соус Барбекю
------Додаємо 1296 з попередньої інвентаризації
------Додаємо 0 з переміщення
------Віднімаємо 7280 з розходу
------З коефіцієнтом 0.0660377358490566 переводимо в інг. Рез : -395

--- Рахуємо : НФ Соус від Панди
------Додаємо 1700 з попередньої інвентаризації
------Додаємо 0 з переміщення
------Віднімаємо 18990 з розходу
------З коефіцієнтом 0.026985350809560524 переводимо в інг. Рез : -466

--- Рахуємо : Олія оливкова *DeCecco, 1уп/1л
------Додаємо 5000 з попередньої інвентаризації
------Додаємо 0 з приходу
------Додаємо 0 з переміщення
------Розроблено 0 отримано 0
------Переводимо з коеф 1.1 отримуємо 4545

--- Рахуємо : Оливкова олія *Vesuvio 1шт/5л
------Додаємо 35000 з попередньої інвентаризації
------Додаємо 0 з приходу
------Додаємо 0 з переміщення
------Розроблено 0 отримано 0
------Переводимо з коеф 1.01 отримуємо 34653

##############
1028 - 15.05.17 - Сихів

--- Рахуємо : Перець болгарський
------Додаємо 224 з попередньої інвентаризації
------Додаємо 0 з переміщення
------Віднімаємо 370 з розходу

--- Рахуємо : НФ Соус Барбекю
------Додаємо 1296 з попередньої інвентаризації
------Додаємо 0 з переміщення
------Віднімаємо 7280 з розходу
------З коефіцієнтом 0.11320754716981132 переводимо в інг. Рез : -677

--- Рахуємо : Перець болгарський ваговий
------Додаємо 1245 з попередньої інвентаризації
------Додаємо 0 з приходу
------Додаємо 0 з переміщення
------Розроблено 0 отримано 0
------Переводимо з коеф 1.3 отримуємо 957

##############
1010 - 15.05.17 - Сихів

--- Рахуємо : Печериці
------Додаємо 800 з попередньої інвентаризації
------Додаємо 0 з переміщення
------Віднімаємо 2020 з розходу

--- Рахуємо : Печериці вагові
------Додаємо 800 з попередньої інвентаризації
------Додаємо 5000 з приходу
------Додаємо 0 з переміщення
------Розроблено 0 отримано 0
------Переводимо з коеф 1.16 отримуємо 5000

##############
1078 - 15.05.17 - Сихів

--- Рахуємо : Помідори Пелатті
------Додаємо 0 з попередньої інвентаризації
------Додаємо 0 з переміщення
------Віднімаємо 0 з розходу

--- Рахуємо : НФ Соус від Панди
------Додаємо 1700 з попередньої інвентаризації
------Додаємо 0 з переміщення
------Віднімаємо 18990 з розходу
------З коефіцієнтом 0.9830377794911334 переводимо в інг. Рез : -16996

--- Рахуємо : Помідори Пелатті *NOVI, 1шт/2.500гр
------Додаємо 92500 з попередньої інвентаризації
------Додаємо 0 з приходу
------Додаємо 0 з переміщення
------Розроблено 0 отримано 0
------Переводимо з коеф 1.0 отримуємо 92500

##############
1001 - 15.05.17 - Сихів

--- Рахуємо : Рис
------Додаємо 9430 з попередньої інвентаризації
------Додаємо 0 з переміщення
------Віднімаємо 0 з розходу

--- Рахуємо : НФ Рис для суші
------Додаємо 4417 з попередньої інвентаризації
------Додаємо -173 з переміщення
------Віднімаємо 102590 з розходу
------З коефіцієнтом 0.47877433769549954 переводимо в інг. Рез : -47085

--- Рахуємо : Рис для суші *Sun West, 1шт/22.680гр
------Додаємо 181440 з попередньої інвентаризації
------Додаємо 0 з приходу
------Додаємо 0 з переміщення
------Розроблено 0 отримано 0
------Переводимо з коеф 0.99 отримуємо 183272

--- Рахуємо : Рис для суші *Kimpo, 1міш/9кг
------Додаємо 0 з попередньої інвентаризації
------Додаємо 0 з приходу
------Додаємо 0 з переміщення
------Розроблено 0 отримано 0
------Переводимо з коеф 1.01 отримуємо 0

--- Рахуємо : Рис *Seijou, 1мішок/9,07кг
------Додаємо 0 з попередньої інвентаризації
------Додаємо 0 з приходу
------Додаємо 0 з переміщення
------Розроблено 0 отримано 0
------Переводимо з коеф 0.99 отримуємо 0

##############
1049 - 15.05.17 - Сихів

--- Рахуємо : Салат Чука
------Додаємо 1122 з попередньої інвентаризації
------Додаємо -25 з переміщення
------Віднімаємо 675 з розходу

--- Рахуємо : Салат Чука *JNP, С.Х., 1уп/1кг
------Додаємо 5000 з попередньої інвентаризації
------Додаємо 0 з приходу
------Додаємо 0 з переміщення
------Розроблено 0 отримано 0
------Переводимо з коеф 1.39 отримуємо 3597

##############
1046 - 15.05.17 - Сихів

--- Рахуємо : Сир Дорблю
------Додаємо 83 з попередньої інвентаризації
------Додаємо 0 з переміщення
------Віднімаємо 620 з розходу

--- Рахуємо : Сир Дорблю ваговий
------Додаємо 1200 з попередньої інвентаризації
------Додаємо 640 з приходу
------Додаємо 0 з переміщення
------Розроблено 0 отримано 0
------Переводимо з коеф 1.02 отримуємо 1803

##############
1032 - 15.05.17 - Сихів

--- Рахуємо : Сир Мармуровий
------Додаємо 472 з попередньої інвентаризації
------Додаємо 0 з переміщення
------Віднімаємо 465 з розходу

--- Рахуємо : Сир Мармуровий *Чортків, ваговий 
------Додаємо 1152 з попередньої інвентаризації
------Додаємо 0 з приходу
------Додаємо 0 з переміщення
------Розроблено 0 отримано 0
------Переводимо з коеф 1.02 отримуємо 1129

##############
1003 - 15.05.17 - Сихів

--- Рахуємо : Сир Моцарела
------Додаємо 7630 з попередньої інвентаризації
------Додаємо 0 з переміщення
------Віднімаємо 45870 з розходу

--- Рахуємо : Сир Моцарела, Івано - Франківськ, ваговий
------Додаємо 88740 з попередньої інвентаризації
------Додаємо 40000 з приходу
------Додаємо 0 з переміщення
------Розроблено 0 отримано 0
------Переводимо з коеф 1.0 отримуємо 128740

##############
1021 - 15.05.17 - Сихів

--- Рахуємо : Сир Пармезан
------Додаємо 498 з попередньої інвентаризації
------Додаємо 0 з переміщення
------Віднімаємо 2270 з розходу

--- Рахуємо : НФ Соус Альфредо
------Додаємо 352 з попередньої інвентаризації
------Додаємо 0 з переміщення
------Віднімаємо 4820 з розходу
------З коефіцієнтом 0.08718395815170009 переводимо в інг. Рез : -389

--- Рахуємо : Сир Пармезан *Spomlek, ваговий
------Додаємо 820 з попередньої інвентаризації
------Додаємо 0 з приходу
------Додаємо 0 з переміщення
------Розроблено 0 отримано 0
------Переводимо з коеф 1.28 отримуємо 640

--- Рахуємо : Сир Пармезан *Rokiskio, ваговий
------Додаємо 0 з попередньої інвентаризації
------Додаємо 4200 з приходу
------Додаємо 0 з переміщення
------Розроблено 0 отримано 0
------Переводимо з коеф 1.05 отримуємо 4000

##############
1034 - 15.05.17 - Сихів

--- Рахуємо : Сир Фета
------Додаємо 141 з попередньої інвентаризації
------Додаємо -30 з переміщення
------Віднімаємо 790 з розходу

--- Рахуємо : Сир Фета *Premiale, 1шп/0.250гр
------Додаємо 2750 з попередньої інвентаризації
------Додаємо 0 з приходу
------Додаємо 0 з переміщення
------Розроблено 0 отримано 0
------Переводимо з коеф 1.09 отримуємо 2522

##############
1005 - 15.05.17 - Сихів

--- Рахуємо : Сир Філадельфія
------Додаємо 940 з попередньої інвентаризації
------Додаємо 0 з переміщення
------Віднімаємо 6380 з розходу

--- Рахуємо : Сир Філадельфія ORIGINAL, Mondelez, 1уп/1,65кг
------Додаємо 49500 з попередньої інвентаризації
------Додаємо 0 з приходу
------Додаємо 0 з переміщення
------Розроблено 0 отримано 0
------Переводимо з коеф 1.07 отримуємо 46261

##############
1053 - 15.05.17 - Сихів

--- Рахуємо : Сир тостовий
------Додаємо 40 з попередньої інвентаризації
------Додаємо 0 з переміщення
------Віднімаємо 880 з розходу

--- Рахуємо : Сир тостовий *President, 1уп/0.200гр
------Додаємо 4200 з попередньої інвентаризації
------Додаємо 0 з приходу
------Додаємо 0 з переміщення
------Розроблено 0 отримано 0
------Переводимо з коеф 1.0 отримуємо 4200

##############
1029 - 15.05.17 - Сихів

--- Рахуємо : Сніжний краб
------Додаємо 240 з попередньої інвентаризації
------Додаємо 0 з переміщення
------Віднімаємо 860 з розходу

--- Рахуємо : Сніжний краб *Vici, 1уп/0.200гр
------Додаємо 3200 з попередньої інвентаризації
------Додаємо 0 з приходу
------Додаємо 0 з переміщення
------Розроблено 0 отримано 0
------Переводимо з коеф 1.0 отримуємо 3200

##############
1076 - 15.05.17 - Сихів

--- Рахуємо : Соєвий соус концентрат
------Додаємо 28342 з попередньої інвентаризації
------Додаємо 0 з переміщення
------Віднімаємо 0 з розходу

--- Рахуємо : НФ Соус соєвий для суші
------Додаємо 20520 з попередньої інвентаризації
------Додаємо 0 з переміщення
------Віднімаємо 44325 з розходу
------З коефіцієнтом 0.38461538461538464 переводимо в інг. Рез : -9155

--- Рахуємо : Соєвий соус *Kikkoman, 1шт/20л
------Додаємо 20000 з попередньої інвентаризації
------Додаємо 60000 з приходу
------Додаємо 0 з переміщення
------Розроблено 0 отримано 0
------Переводимо з коеф 1.01 отримуємо 79207

--- Рахуємо : Концентрат Соєвого соусу *Kikkoman, 1уп/19л
------Додаємо 38000 з попередньої інвентаризації
------Додаємо 0 з приходу
------Додаємо 0 з переміщення
------Розроблено 0 отримано 0
------Переводимо з коеф 1.0 отримуємо 38000

##############
1012 - 15.05.17 - Сихів

--- Рахуємо : Тобіко червоне
------Додаємо 439 з попередньої інвентаризації
------Додаємо 0 з переміщення
------Віднімаємо 1001 з розходу

--- Рахуємо : Ікра лет.риби червона Тобікко *SaP N, 1уп/0,5кг
------Додаємо 2000 з попередньої інвентаризації
------Додаємо 0 з приходу
------Додаємо 0 з переміщення
------Розроблено 0 отримано 0
------Переводимо з коеф 1.03 отримуємо 1941

##############
1024 - 15.05.17 - Сихів

--- Рахуємо : Тунець
------Додаємо 289 з попередньої інвентаризації
------Додаємо 0 з переміщення
------Віднімаємо 1180 з розходу

--- Рахуємо : Тунець ваговий *yellowfin
------Додаємо 3985 з попередньої інвентаризації
------Додаємо 0 з приходу
------Додаємо 0 з переміщення
------Розроблено 980 отримано 860
------Переводимо з коеф 1.09133 отримуємо 4549

##############
1056 - 15.05.17 - Сихів

--- Рахуємо : Тунець консервований
------Додаємо 45 з попередньої інвентаризації
------Додаємо 0 з переміщення
------Віднімаємо 250 з розходу

--- Рахуємо : Тунець консервований *OceanSteamer, 1уп/0.195гр
------Додаємо 4095 з попередньої інвентаризації
------Додаємо 0 з приходу
------Додаємо 0 з переміщення
------Розроблено 0 отримано 0
------Переводимо з коеф 1.39 отримуємо 2946

--- Рахуємо : Тунець консервований *Fish Line, 1уп/185г
------Додаємо 925 з попередньої інвентаризації
------Додаємо 0 з приходу
------Додаємо 0 з переміщення
------Розроблено 0 отримано 0
------Переводимо з коеф 1.39 отримуємо 665

##############
1020 - 15.05.17 - Сихів

--- Рахуємо : Шинка
------Додаємо 2054 з попередньої інвентаризації
------Додаємо -685 з переміщення
------Віднімаємо 8440 з розходу

--- Рахуємо : Шинка вагова
------Додаємо 8665 з попередньої інвентаризації
------Додаємо 5735 з приходу
------Додаємо 0 з переміщення
------Розроблено 0 отримано 0
------Переводимо з коеф 1.09 отримуємо 13211
ROW_COUNT = 148
Імбир
Ананас Консервований
Артишок
Бекон
Борошно
Бринза
Васабі порошок
Вершки
Вугор
Каперси
Ковбаса Папероні
Копчене куряче філе
Креветка
Кукурудза консервована
Лосось
Лосось копчений
Мамінорі
Маслини
Мисливські Ковбаски 
Мюнхенські Ковбаски 
Норі
Окунь червоний
Оливки
Олія оливкова
Перець болгарський
Печериці
Помідори Пелатті
Рис
Салат Чука
Сир Дорблю
Сир Мармуровий
Сир Моцарела
Сир Пармезан
Сир Фета
Сир Філадельфія
Сир тостовий
Сніжний краб
Соєвий соус концентрат
Тобіко червоне
Тунець
Тунець консервований
Шинка
Продукт/Інгредієнт/НФ
 -  -  -  -  -  - 
Продукт/Інгредієнт/НФ
 -  -  -  -  -  - 
Імбир
 - #,### - #,### гр - #,### - #,### гр -  - 
Імбир маринований рожевий JnP 1уп/1.5кг
 - #,### уп - #,### гр - #,### уп - #,### гр -  - 

 -  -  -  -  -  - 
Ананас Консервований
 - #,### - #,### гр - #,### - #,### гр -  - 
Ананас консервований *ARO, 1уп/490г
 - #,### банка - #,### гр - #,### банка - #,### гр -  - 

 -  -  -  -  -  - 
Артишок
 - #,### - #,### гр - #,### - #,### гр -  - 
Артишок *iGoloSi ,1уп/1.7кг
 - #,### уп - #,### гр - #,### уп - #,### гр -  - 

 -  -  -  -  -  - 
Бекон
 - #,### - #,### гр - #,### - #,### гр -  - 
Бекон *Барком, ваговий
 - #,### - #,### гр - #,### - #,### гр -  - 

 -  -  -  -  -  - 
Борошно
 - #,### - #,### гр - #,### - #,### гр -  - 
НФ Тісто для піци
 - #,### - #,### гр - #,### - #,### гр -  - 
Борошно вищий гатунок *Богомила, 1уп/50кг
 - #,### мішок - #,### гр - #,### мішок - #,### гр -  - 
Борошно *Богумила 1мш/25кг
 - #,### мішок - #,### гр - #,### мішок - #,### гр -  - 

 -  -  -  -  -  - 
Бринза
 - #,### - #,### гр - #,### - #,### гр -  - 
Сир Бринза *Premiale 1уп/0.250гр
 - #,### уп - #,### гр - #,### уп - #,### гр -  - 

 -  -  -  -  -  - 
Васабі порошок
 - #,### - #,### гр - #,### - #,### гр -  - 
НФ Васабі
 - #,### - #,### гр - #,### - #,### гр -  - 
Васабі преміум *SaP, 1уп/1кг
 - #,### уп - #,### гр - #,### уп - #,### гр -  - 

 -  -  -  -  -  - 
Вершки
 - #,### - #,### гр - #,### - #,### гр -  - 
НФ Соус Альфредо
 - #,### - #,### гр - #,### - #,### гр -  - 
Вершки 30% *СмачноШеф ,1уп/1л
 - #,### уп - #,### гр - #,### уп - #,### гр -  - 

 -  -  -  -  -  - 
Вугор
 - #,### - #,### гр - #,### - #,### гр -  - 
НФ Соус Унагі
 - #,### - #,### гр - #,### - #,### гр -  - 
Вугор *JnP 9 ,в в/у ваговий
 - #,### шт - #,### гр - #,### шт - #,### гр -  - 
Вугор обсмажений "Unagi Gold" Premium
 - #,### шт - #,### гр - #,### шт - #,### гр -  - 

 -  -  -  -  -  - 
Каперси
 - #,### - #,### гр - #,### - #,### гр -  - 
Каперси *Luxeapers, 1уп/0.550гр
 - #,### банка - #,### гр - #,### банка - #,### гр -  - 
Каперси *Iberica, 1банка/60г
 - #,### банка - #,### гр - #,### банка - #,### гр -  - 

 -  -  -  -  -  - 
Ковбаса Папероні
 - #,### - #,### гр - #,### - #,### гр -  - 
Ковбаса Папероні *Глобино вагова
 - #,### шт - #,### гр - #,### шт - #,### гр -  - 

 -  -  -  -  -  - 
Копчене куряче філе
 - #,### - #,### гр - #,### - #,### гр -  - 
Копчене куряче філе *ІКО, вагове
 - #,### - #,### гр - #,### - #,### гр -  - 

 -  -  -  -  -  - 
Креветка
 - #,### - #,### гр - #,### - #,### гр -  - 
Креветка SaP б/г 16/20, 1уп/1кг
 - #,### уп - #,### гр - #,### уп - #,### гр -  - 

 -  -  -  -  -  - 
Кукурудза консервована
 - #,### - #,### гр - #,### - #,### гр -  - 
Кукурудза консервована *Верес, 1уп/275г
 - #,### уп - #,### гр - #,### уп - #,### гр -  - 

 -  -  -  -  -  - 
Лосось
 - #,### - #,### гр - #,### - #,### гр -  - 
Лосось філе ваговий
 - #,### - #,### гр - #,### - #,### гр -  - 

 -  -  -  -  -  - 
Лосось копчений
 - #,### - #,### гр - #,### - #,### гр -  - 
Лосось Х/К філе, в в/у ваговий, С.Х.
 - #,### шт - #,### гр - #,### шт - #,### гр -  - 
Лосось копчений *ФОП Глухов
 - #,### шт - #,### гр - #,### шт - #,### гр -  - 

 -  -  -  -  -  - 
Мамінорі
 - #,### - #,### гр - #,### - #,### гр -  - 

 -  -  -  -  -  - 
Маслини
 - #,### - #,### гр - #,### - #,### гр -  - 
Маслини *Iberica, 1уп/0.115гр
 - #,### банка - #,### гр - #,### банка - #,### гр -  - 

 -  -  -  -  -  - 
Мисливські Ковбаски 
 - #,### - #,### гр - #,### - #,### гр -  - 
Мисливські Ковбаски *СвітМ'яса
 - #,### шт - #,### гр - #,### шт - #,### гр -  - 

 -  -  -  -  -  - 
Мюнхенські Ковбаски 
 - #,### - #,### гр - #,### - #,### гр -  - 
Мюнхенські Ковбаски *Ходорівський М.К. вагові/шт
 - #,### шт - #,### гр - #,### шт - #,### гр -  - 

 -  -  -  -  -  - 
Норі
 - #,### - #,### гр - #,### - #,### гр -  - 
Водорості см/прес. Норі Голд *JnP 1уп/50шт, С.Х.
 - #,### уп - #,### гр - #,### уп - #,### гр -  - 
Норі *KS gold, 1уп/50шт
 - #,### уп - #,### гр - #,### уп - #,### гр -  - 
Норі *KS silver, 1уп/50шт
 - #,### уп - #,### гр - #,### уп - #,### гр -  - 

 -  -  -  -  -  - 
Окунь червоний
 - #,### - #,### гр - #,### - #,### гр -  - 
Окунь морский (філе тілапії), в в/у ваговий
 - #,### шт - #,### гр - #,### шт - #,### гр -  - 

 -  -  -  -  -  - 
Оливки
 - #,### - #,### гр - #,### - #,### гр -  - 
Оливки *Iberica, 1шт/170гр
 - #,### банка - #,### гр - #,### банка - #,### гр -  - 

 -  -  -  -  -  - 
Олія оливкова
 - #,### - #,### гр - #,### - #,### гр -  - 
НФ Тісто для піци
 - #,### - #,### гр - #,### - #,### гр -  - 
НФ Соус від Панди
 - #,### - #,### гр - #,### - #,### гр -  - 
НФ Соус Барбекю
 - #,### - #,### гр - #,### - #,### гр -  - 
Олія оливкова *DeCecco, 1уп/1л
 - #,### шт - #,### мл - #,### шт - #,### мл -  - 
Оливкова олія *Vesuvio 1шт/5л
 - #,### шт - #,### мл - #,### шт - #,### мл -  - 

 -  -  -  -  -  - 
Перець болгарський
 - #,### - #,### гр - #,### - #,### гр -  - 
НФ Соус Барбекю
 - #,### - #,### гр - #,### - #,### гр -  - 
Перець болгарський ваговий
 - #,### шт - #,### гр - #,### шт - #,### гр -  - 

 -  -  -  -  -  - 
Печериці
 - #,### - #,### гр - #,### - #,### гр -  - 
Печериці вагові
 - #,### - #,### гр - #,### - #,### гр -  - 

 -  -  -  -  -  - 
Помідори Пелатті
 - #,### - #,### гр - #,### - #,### гр -  - 
НФ Соус від Панди
 - #,### - #,### гр - #,### - #,### гр -  - 
Помідори Пелатті *NOVI, 1шт/2.500гр
 - #,### банка - #,### гр - #,### банка - #,### гр -  - 

 -  -  -  -  -  - 
Рис
 - #,### - #,### гр - #,### - #,### гр -  - 
НФ Рис для суші
 - #,### - #,### гр - #,### - #,### гр -  - 
Рис для суші *Sun West, 1шт/22.680гр
 - #,### мішок - #,### гр - #,### мішок - #,### гр -  - 

 -  -  -  -  -  - 
Салат Чука
 - #,### - #,### гр - #,### - #,### гр -  - 
Салат Чука *JNP, С.Х., 1уп/1кг
 - #,### уп - #,### гр - #,### уп - #,### гр -  - 

 -  -  -  -  -  - 
Сир Дорблю
 - #,### - #,### гр - #,### - #,### гр -  - 
Сир Дорблю ваговий
 - #,### - #,### гр - #,### - #,### гр -  - 

 -  -  -  -  -  - 
Сир Мармуровий
 - #,### - #,### гр - #,### - #,### гр -  - 
Сир Мармуровий *Чортків, ваговий 
 - #,### - #,### гр - #,### - #,### гр -  - 

 -  -  -  -  -  - 
Сир Моцарела
 - #,### - #,### гр - #,### - #,### гр -  - 
Сир Моцарела, Івано - Франківськ, ваговий
 - #,### - #,### гр - #,### - #,### гр -  - 

 -  -  -  -  -  - 
Сир Пармезан
 - #,### - #,### гр - #,### - #,### гр -  - 
НФ Соус Альфредо
 - #,### - #,### гр - #,### - #,### гр -  - 
Сир Пармезан *Rokiskio, ваговий
 - #,### шт - #,### гр - #,### шт - #,### гр -  - 
Сир Пармезан *Spomlek, ваговий
 - #,### - #,### гр - #,### - #,### гр -  - 

 -  -  -  -  -  - 
Сир Фета
 - #,### - #,### гр - #,### - #,### гр -  - 
Сир Фета *Premiale, 1шп/0.250гр
 - #,### уп - #,### гр - #,### уп - #,### гр -  - 

 -  -  -  -  -  - 
Сир Філадельфія
 - #,### - #,### гр - #,### - #,### гр -  - 
Сир Філадельфія ORIGINAL, Mondelez, 1уп/1,65кг
 - #,### банка - #,### гр - #,### банка - #,### гр -  - 

 -  -  -  -  -  - 
Сир тостовий
 - #,### - #,### гр - #,### - #,### гр -  - 
Сир тостовий *President, 1уп/0.200гр
 - #,### уп - #,### гр - #,### уп - #,### гр -  - 

 -  -  -  -  -  - 
Сніжний краб
 - #,### - #,### гр - #,### - #,### гр -  - 
Сніжний краб *Vici, 1уп/0.200гр
 - #,### уп - #,### гр - #,### уп - #,### гр -  - 

 -  -  -  -  -  - 
Соєвий соус концентрат
 - #,### - #,### мл - #,### - #,### мл -  - 
НФ Соус соєвий для суші
 - #,### - #,### гр - #,### - #,### гр -  - 
Концентрат Соєвого соусу *Kikkoman, 1уп/19л
 - #,### уп - #,### гр - #,### уп - #,### гр -  - 
Соєвий соус *Kikkoman, 1шт/20л
 - #,### коробка - #,### мл - #,### коробка - #,### мл -  - 

 -  -  -  -  -  - 
Тобіко червоне
 - #,### - #,### гр - #,### - #,### гр -  - 
Ікра лет.риби червона Тобікко *SaP N, 1уп/0,5кг
 - #,### уп - #,### гр - #,### уп - #,### гр -  - 

 -  -  -  -  -  - 
Тунець
 - #,### - #,### гр - #,### - #,### гр -  - 
Тунець ваговий *yellowfin
 - #,### шт - #,### гр - #,### шт - #,### гр -  - 

 -  -  -  -  -  - 
Тунець консервований
 - #,### - #,### гр - #,### - #,### гр -  - 
Тунець консервований *OceanSteamer, 1уп/0.195гр
 - #,### банка - #,### гр - #,### банка - #,### гр -  - 
Тунець консервований *Fish Line, 1уп/185г
 - #,### банка - #,### гр - #,### банка - #,### гр -  - 

 -  -  -  -  -  - 
Шинка
 - #,### - #,### гр - #,### - #,### гр -  - 
Шинка вагова
 - #,### - #,### гр - #,### - #,### гр -  - 
Сихів
Тарас Гродзіцький
Applicaton is started
initialized
4
Tab added
Tab added
Tab added
Tab added
Selected : Імбир
Selected : Ананас Консервований
Selected : Артишок
Selected : Бекон
Selected : Борошно
Selected : Бринза
Selected : Васабі порошок
Selected : Вершки
Selected : Вугор
Selected : Каперси
Selected : Ковбаса Папероні
Selected : Копчене куряче філе
Selected : Креветка
Selected : Кукурудза консервована
Selected : Лосось
Selected : Лосось копчений
Selected : Мамінорі
Selected : Маслини
Selected : Мисливські Ковбаски 
Selected : Мюнхенські Ковбаски 
Selected : Норі
Selected : Окунь червоний
Selected : Оливки
Selected : Олія оливкова
Selected : Перець болгарський
Selected : Печериці
Selected : Помідори Пелатті
Selected : Рис
Selected : Салат Чука
Selected : Сир Дорблю
Selected : Сир Мармуровий
Selected : Сир Моцарела
Selected : Сир Пармезан
Selected : Сир Фета
Selected : Сир Філадельфія
Selected : Сир тостовий
Selected : Сніжний краб
Selected : Соєвий соус концентрат
Selected : Тобіко червоне
Selected : Тунець
Selected : Тунець консервований
Selected : Шинка
 - Selected : Імбир
 - Selected : Ананас Консервований
 - Selected : Артишок
 - Selected : Бекон
 - Selected : Борошно
 - Selected : Бринза
 - Selected : Васабі порошок
 - Selected : Вершки
 - Selected : Вугор
 - Selected : Каперси
 - Selected : Ковбаса Папероні
 - Selected : Копчене куряче філе
 - Selected : Креветка
 - Selected : Кукурудза консервована
 - Selected : Лосось
 - Selected : Лосось копчений
 - Selected : Мамінорі
 - Selected : Маслини
 - Selected : Мисливські Ковбаски 
 - Selected : Мюнхенські Ковбаски 
 - Selected : Норі
 - Selected : Окунь червоний
 - Selected : Оливки
 - Selected : Олія оливкова
 - Selected : Перець болгарський
 - Selected : Печериці
 - Selected : Помідори Пелатті
 - Selected : Рис
 - Selected : Салат Чука
 - Selected : Сир Дорблю
 - Selected : Сир Мармуровий
 - Selected : Сир Моцарела
 - Selected : Сир Пармезан
 - Selected : Сир Фета
 - Selected : Сир Філадельфія
 - Selected : Сир тостовий
 - Selected : Сніжний краб
 - Selected : Соєвий соус концентрат
 - Selected : Тобіко червоне
 - Selected : Тунець
 - Selected : Тунець консервований
 - Selected : Шинка

##############
1060 - 15.05.17 - Сихів

--- Рахуємо : Імбир
------Додаємо 1840 з попередньої інвентаризації
------Додаємо 0 з переміщення
------Віднімаємо 5860 з розходу

--- Рахуємо : Імбир маринований рожевий JnP 1уп/1.5кг
------Додаємо 55500 з попередньої інвентаризації
------Додаємо 0 з приходу
------Додаємо 0 з переміщення
------Розроблено 0 отримано 0
------Переводимо з коеф 1.76 отримуємо 31534

##############
1041 - 15.05.17 - Сихів

--- Рахуємо : Ананас Консервований
------Додаємо 509 з попередньої інвентаризації
------Додаємо 0 з переміщення
------Віднімаємо 1970 з розходу

--- Рахуємо : Ананас консервований *ARO, 1уп/490г
------Додаємо 7350 з попередньої інвентаризації
------Додаємо 0 з приходу
------Додаємо 0 з переміщення
------Розроблено 0 отримано 0
------Переводимо з коеф 1.0 отримуємо 7350

##############
1044 - 15.05.17 - Сихів

--- Рахуємо : Артишок
------Додаємо 1001 з попередньої інвентаризації
------Додаємо 0 з переміщення
------Віднімаємо 280 з розходу

--- Рахуємо : Артишок *iGoloSi ,1уп/1.7кг
------Додаємо 1700 з попередньої інвентаризації
------Додаємо 0 з приходу
------Додаємо 0 з переміщення
------Розроблено 0 отримано 0
------Переводимо з коеф 1.42 отримуємо 1197

##############
1015 - 15.05.17 - Сихів

--- Рахуємо : Бекон
------Додаємо 2079 з попередньої інвентаризації
------Додаємо -116 з переміщення
------Віднімаємо 7780 з розходу

--- Рахуємо : Бекон *Барком, ваговий
------Додаємо 10680 з попередньої інвентаризації
------Додаємо 0 з приходу
------Додаємо 0 з переміщення
------Розроблено 0 отримано 0
------Переводимо з коеф 1.14 отримуємо 9368

##############
1004 - 15.05.17 - Сихів

--- Рахуємо : Борошно
------Додаємо 38500 з попередньої інвентаризації
------Додаємо 0 з переміщення
------Віднімаємо 2720 з розходу

--- Рахуємо : НФ Тісто для піци
------Додаємо 30660 з попередньої інвентаризації
------Додаємо 0 з переміщення
------Віднімаємо 33720 з розходу
------З коефіцієнтом 0.6317119393556538 переводимо в інг. Рез : -1933

--- Рахуємо : Борошно вищий гатунок *Богомила, 1уп/50кг
------Додаємо 200000 з попередньої інвентаризації
------Додаємо 0 з приходу
------Додаємо 0 з переміщення
------Розроблено 0 отримано 0
------Переводимо з коеф 1.04 отримуємо 192307

--- Рахуємо : Борошно *Богумила 1мш/25кг
------Додаємо 250000 з попередньої інвентаризації
------Додаємо 0 з приходу
------Додаємо 0 з переміщення
------Розроблено 0 отримано 0
------Переводимо з коеф 1.04 отримуємо 240384

##############
1074 - 15.05.17 - Сихів

--- Рахуємо : Бринза
------Додаємо 197 з попередньої інвентаризації
------Додаємо 0 з переміщення
------Віднімаємо 0 з розходу

--- Рахуємо : Сир Бринза *Premiale 1уп/0.250гр
------Додаємо 750 з попередньої інвентаризації
------Додаємо 0 з приходу
------Додаємо 0 з переміщення
------Розроблено 0 отримано 0
------Переводимо з коеф 1.06 отримуємо 707

##############
1075 - 15.05.17 - Сихів

--- Рахуємо : Васабі порошок
------Додаємо 0 з попередньої інвентаризації
------Додаємо 0 з переміщення
------Віднімаємо 0 з розходу

--- Рахуємо : НФ Васабі
------Додаємо 670 з попередньої інвентаризації
------Додаємо 0 з переміщення
------Віднімаємо 5026 з розходу
------З коефіцієнтом 0.4528985507246377 переводимо в інг. Рез : -1972

--- Рахуємо : Васабі преміум *SaP, 1уп/1кг
------Додаємо 5000 з попередньої інвентаризації
------Додаємо 0 з приходу
------Додаємо 0 з переміщення
------Розроблено 0 отримано 0
------Переводимо з коеф 1.0 отримуємо 5000

##############
1088 - 15.05.17 - Сихів

--- Рахуємо : Вершки
------Додаємо 0 з попередньої інвентаризації
------Додаємо 0 з переміщення
------Віднімаємо 0 з розходу

--- Рахуємо : НФ Соус Альфредо
------Додаємо 352 з попередньої інвентаризації
------Додаємо 0 з переміщення
------Віднімаємо 4820 з розходу
------З коефіцієнтом 0.8718395815170009 переводимо в інг. Рез : -3895

--- Рахуємо : Вершки 30% *СмачноШеф ,1уп/1л
------Додаємо 5000 з попередньої інвентаризації
------Додаємо 3000 з приходу
------Додаємо 0 з переміщення
------Розроблено 0 отримано 0
------Переводимо з коеф 1.02 отримуємо 7843

##############
1017 - 15.05.17 - Сихів

--- Рахуємо : Вугор
------Додаємо 391 з попередньої інвентаризації
------Додаємо 0 з переміщення
------Віднімаємо 3135 з розходу

--- Рахуємо : НФ Соус Унагі
------Додаємо 2354 з попередньої інвентаризації
------Додаємо 0 з переміщення
------Віднімаємо 1802 з розходу
------З коефіцієнтом 0.08108108108108109 переводимо в інг. Рез : 44

--- Рахуємо : Вугор обсмажений "Unagi Gold" Premium
------Додаємо 700 з попередньої інвентаризації
------Додаємо 0 з приходу
------Додаємо 0 з переміщення
------Розроблено 708 отримано 504
------Переводимо з коеф 1.405 отримуємо 1002

--- Рахуємо : Вугор *JnP 9 N ,в в/у ваговий
------Додаємо 0 з попередньої інвентаризації
------Додаємо 0 з приходу
------Додаємо 0 з переміщення
------Розроблено 0 отримано 0

--- Рахуємо : Вугор *JnP 9 ,в в/у ваговий
------Додаємо 7050 з попередньої інвентаризації
------Додаємо 0 з приходу
------Додаємо 0 з переміщення
------Розроблено 3756 отримано 2452
------Переводимо з коеф 1.61824 отримуємо 6677

##############
1045 - 15.05.17 - Сихів

--- Рахуємо : Каперси
------Додаємо 50 з попередньої інвентаризації
------Додаємо 0 з переміщення
------Віднімаємо 140 з розходу

--- Рахуємо : Каперси *VariaGusto, 1банка/120г
------Додаємо 0 з попередньої інвентаризації
------Додаємо 0 з приходу
------Додаємо 0 з переміщення
------Розроблено 0 отримано 0
------Переводимо з коеф 1.01 отримуємо 0

--- Рахуємо : Каперси *Luxeapers, 1уп/0.550гр
------Додаємо 1100 з попередньої інвентаризації
------Додаємо 0 з приходу
------Додаємо 0 з переміщення
------Розроблено 0 отримано 0
------Переводимо з коеф 1.04 отримуємо 1057

--- Рахуємо : Каперси *Iberica, 1банка/60г
------Додаємо 60 з попередньої інвентаризації
------Додаємо 0 з приходу
------Додаємо 0 з переміщення
------Розроблено 0 отримано 0
------Переводимо з коеф 1.01 отримуємо 59

##############
1019 - 15.05.17 - Сихів

--- Рахуємо : Ковбаса Папероні
------Додаємо 1459 з попередньої інвентаризації
------Додаємо 0 з переміщення
------Віднімаємо 5580 з розходу

--- Рахуємо : Ковбаса Папероні *Глобино вагова
------Додаємо 9820 з попередньої інвентаризації
------Додаємо 0 з приходу
------Додаємо 0 з переміщення
------Розроблено 0 отримано 0
------Переводимо з коеф 1.12 отримуємо 8767

##############
1016 - 15.05.17 - Сихів

--- Рахуємо : Копчене куряче філе
------Додаємо 2804 з попередньої інвентаризації
------Додаємо -17 з переміщення
------Віднімаємо 11725 з розходу

--- Рахуємо : Копчене куряче філе *ІКО, вагове
------Додаємо 22135 з попередньої інвентаризації
------Додаємо 35305 з приходу
------Додаємо 0 з переміщення
------Розроблено 0 отримано 0
------Переводимо з коеф 1.06 отримуємо 54188

##############
1022 - 15.05.17 - Сихів

--- Рахуємо : Креветка
------Додаємо 1132 з попередньої інвентаризації
------Додаємо 0 з переміщення
------Віднімаємо 925 з розходу

--- Рахуємо : Креветка SaP б/г 16/20, 1уп/1кг
------Додаємо 6000 з попередньої інвентаризації
------Додаємо 0 з приходу
------Додаємо 0 з переміщення
------Розроблено 2000 отримано 1077
------Переводимо з коеф 1.97 отримуємо 4060

##############
1023 - 15.05.17 - Сихів

--- Рахуємо : Кукурудза консервована
------Додаємо 71 з попередньої інвентаризації
------Додаємо 0 з переміщення
------Віднімаємо 2140 з розходу

--- Рахуємо : Кукурудза консервована *Верес, 1уп/275г
------Додаємо 1925 з попередньої інвентаризації
------Додаємо 6600 з приходу
------Додаємо 0 з переміщення
------Розроблено 0 отримано 0
------Переводимо з коеф 1.2 отримуємо 7104

##############
1009 - 15.05.17 - Сихів

--- Рахуємо : Лосось
------Додаємо 23014 з попередньої інвентаризації
------Додаємо -25 з переміщення
------Віднімаємо 11010 з розходу

--- Рахуємо : Лосось філе, в в/у ваговий
------Додаємо 0 з попередньої інвентаризації
------Додаємо 12030 з приходу
------Додаємо 0 з переміщення
------Розроблено 12030 отримано 9030

##############
1025 - 15.05.17 - Сихів

--- Рахуємо : Лосось копчений
------Додаємо 2034 з попередньої інвентаризації
------Додаємо 0 з переміщення
------Віднімаємо 2040 з розходу

--- Рахуємо : Лосось Х/К філе, в в/у ваговий, С.Х.
------Додаємо 4090 з попередньої інвентаризації
------Додаємо 0 з приходу
------Додаємо 0 з переміщення
------Розроблено 0 отримано 0
------Переводимо з коеф 1.3 отримуємо 3146

--- Рахуємо : Лосось копчений *ФОП Глухов
------Додаємо 0 з попередньої інвентаризації
------Додаємо 0 з приходу
------Додаємо 0 з переміщення
------Розроблено 0 отримано 0
------Переводимо з коеф 1.32 отримуємо 0

##############
1065 - 15.05.17 - Сихів

--- Рахуємо : Мамінорі
------Додаємо 34 з попередньої інвентаризації
------Додаємо 0 з переміщення
------Віднімаємо 1 з розходу

##############
1039 - 15.05.17 - Сихів

--- Рахуємо : Маслини
------Додаємо 195 з попередньої інвентаризації
------Додаємо 0 з переміщення
------Віднімаємо 460 з розходу

--- Рахуємо : Маслини *Iberica, 1уп/0.115гр
------Додаємо 2070 з попередньої інвентаризації
------Додаємо 0 з приходу
------Додаємо 0 з переміщення
------Розроблено 0 отримано 0
------Переводимо з коеф 1.03 отримуємо 2009

##############
1033 - 15.05.17 - Сихів

--- Рахуємо : Мисливські Ковбаски 
------Додаємо 974 з попередньої інвентаризації
------Додаємо 0 з переміщення
------Віднімаємо 2190 з розходу

--- Рахуємо : Мисливські Ковбаски *СвітМ'яса
------Додаємо 3440 з попередньої інвентаризації
------Додаємо 1760 з приходу
------Додаємо 0 з переміщення
------Розроблено 0 отримано 0
------Переводимо з коеф 1.07 отримуємо 4859

##############
1038 - 15.05.17 - Сихів

--- Рахуємо : Мюнхенські Ковбаски 
------Додаємо 95 з попередньої інвентаризації
------Додаємо 0 з переміщення
------Віднімаємо 1500 з розходу

--- Рахуємо : Мюнхенські Ковбаски *Ходорівський М.К. вагові/шт
------Додаємо 7120 з попередньої інвентаризації
------Додаємо 0 з приходу
------Додаємо 0 з переміщення
------Розроблено 0 отримано 0
------Переводимо з коеф 1.07 отримуємо 6654

##############
1002 - 15.05.17 - Сихів

--- Рахуємо : Норі
------Додаємо 30 з попередньої інвентаризації
------Додаємо 0 з переміщення
------Віднімаємо 982 з розходу

--- Рахуємо : Норі *KS silver, 1уп/50шт
------Додаємо 0 з попередньої інвентаризації
------Додаємо 1000 з приходу
------Додаємо 0 з переміщення
------Розроблено 0 отримано 0
------Переводимо з коеф 1.01 отримуємо 990

--- Рахуємо : Норі *KS gold, 1уп/50шт
------Додаємо 0 з попередньої інвентаризації
------Додаємо 1000 з приходу
------Додаємо 0 з переміщення
------Розроблено 0 отримано 0
------Переводимо з коеф 1.01 отримуємо 990

--- Рахуємо : Норі *BBN gold, 1уп/50шт
------Додаємо 0 з попередньої інвентаризації
------Додаємо 0 з приходу
------Додаємо -50 з переміщення
------Розроблено 0 отримано 0
------Переводимо з коеф 1.01 отримуємо -49

--- Рахуємо : Водорості см/прес. Норі Голд *JnP 1уп/50шт, С.Х.
------Додаємо 650 з попередньої інвентаризації
------Додаємо 0 з приходу
------Додаємо 0 з переміщення
------Розроблено 0 отримано 0
------Переводимо з коеф 1.04 отримуємо 625

--- Рахуємо : Водорості Норі "Nori Premium" 1уп/50 шт, МД
------Додаємо 0 з попередньої інвентаризації
------Додаємо 0 з приходу
------Додаємо 0 з переміщення
------Розроблено 0 отримано 0
------Переводимо з коеф 1.0 отримуємо 0

##############
1036 - 15.05.17 - Сихів

--- Рахуємо : Окунь червоний
------Додаємо 235 з попередньої інвентаризації
------Додаємо 0 з переміщення
------Віднімаємо 1530 з розходу

--- Рахуємо : Окунь морский (філе тілапії), в в/у ваговий
------Додаємо 3500 з попередньої інвентаризації
------Додаємо 0 з приходу
------Додаємо 0 з переміщення
------Розроблено 1847 отримано 1495
------Переводимо з коеф 1.22917 отримуємо 4350

##############
1042 - 15.05.17 - Сихів

--- Рахуємо : Оливки
------Додаємо 1765 з попередньої інвентаризації
------Додаємо 0 з переміщення
------Віднімаємо 180 з розходу

--- Рахуємо : Оливки *Iberica, 1шт/170гр
------Додаємо 2890 з попередньої інвентаризації
------Додаємо 0 з приходу
------Додаємо 0 з переміщення
------Розроблено 0 отримано 0
------Переводимо з коеф 1.03 отримуємо 2805

##############
1035 - 15.05.17 - Сихів

--- Рахуємо : Олія оливкова
------Додаємо 300 з попередньої інвентаризації
------Додаємо 0 з переміщення
------Віднімаємо 35 з розходу

--- Рахуємо : НФ Тісто для піци
------Додаємо 32760 з попередньої інвентаризації
------Додаємо 0 з переміщення
------Віднімаємо 122040 з розходу
------З коефіцієнтом 0.018951358180669616 переводимо в інг. Рез : -1691

--- Рахуємо : НФ Соус Барбекю
------Додаємо 1296 з попередньої інвентаризації
------Додаємо 0 з переміщення
------Віднімаємо 7280 з розходу
------З коефіцієнтом 0.0660377358490566 переводимо в інг. Рез : -395

--- Рахуємо : НФ Соус від Панди
------Додаємо 1700 з попередньої інвентаризації
------Додаємо 0 з переміщення
------Віднімаємо 18990 з розходу
------З коефіцієнтом 0.026985350809560524 переводимо в інг. Рез : -466

--- Рахуємо : Олія оливкова *DeCecco, 1уп/1л
------Додаємо 5000 з попередньої інвентаризації
------Додаємо 0 з приходу
------Додаємо 0 з переміщення
------Розроблено 0 отримано 0
------Переводимо з коеф 1.1 отримуємо 4545

--- Рахуємо : Оливкова олія *Vesuvio 1шт/5л
------Додаємо 35000 з попередньої інвентаризації
------Додаємо 0 з приходу
------Додаємо 0 з переміщення
------Розроблено 0 отримано 0
------Переводимо з коеф 1.01 отримуємо 34653

##############
1028 - 15.05.17 - Сихів

--- Рахуємо : Перець болгарський
------Додаємо 224 з попередньої інвентаризації
------Додаємо 0 з переміщення
------Віднімаємо 370 з розходу

--- Рахуємо : НФ Соус Барбекю
------Додаємо 1296 з попередньої інвентаризації
------Додаємо 0 з переміщення
------Віднімаємо 7280 з розходу
------З коефіцієнтом 0.11320754716981132 переводимо в інг. Рез : -677

--- Рахуємо : Перець болгарський ваговий
------Додаємо 1245 з попередньої інвентаризації
------Додаємо 0 з приходу
------Додаємо 0 з переміщення
------Розроблено 0 отримано 0
------Переводимо з коеф 1.3 отримуємо 957

##############
1010 - 15.05.17 - Сихів

--- Рахуємо : Печериці
------Додаємо 800 з попередньої інвентаризації
------Додаємо 0 з переміщення
------Віднімаємо 2020 з розходу

--- Рахуємо : Печериці вагові
------Додаємо 800 з попередньої інвентаризації
------Додаємо 5000 з приходу
------Додаємо 0 з переміщення
------Розроблено 0 отримано 0
------Переводимо з коеф 1.16 отримуємо 5000

##############
1078 - 15.05.17 - Сихів

--- Рахуємо : Помідори Пелатті
------Додаємо 0 з попередньої інвентаризації
------Додаємо 0 з переміщення
------Віднімаємо 0 з розходу

--- Рахуємо : НФ Соус від Панди
------Додаємо 1700 з попередньої інвентаризації
------Додаємо 0 з переміщення
------Віднімаємо 18990 з розходу
------З коефіцієнтом 0.9830377794911334 переводимо в інг. Рез : -16996

--- Рахуємо : Помідори Пелатті *NOVI, 1шт/2.500гр
------Додаємо 92500 з попередньої інвентаризації
------Додаємо 0 з приходу
------Додаємо 0 з переміщення
------Розроблено 0 отримано 0
------Переводимо з коеф 1.0 отримуємо 92500

##############
1001 - 15.05.17 - Сихів

--- Рахуємо : Рис
------Додаємо 9430 з попередньої інвентаризації
------Додаємо 0 з переміщення
------Віднімаємо 0 з розходу

--- Рахуємо : НФ Рис для суші
------Додаємо 4417 з попередньої інвентаризації
------Додаємо -173 з переміщення
------Віднімаємо 102590 з розходу
------З коефіцієнтом 0.47877433769549954 переводимо в інг. Рез : -47085

--- Рахуємо : Рис для суші *Sun West, 1шт/22.680гр
------Додаємо 181440 з попередньої інвентаризації
------Додаємо 0 з приходу
------Додаємо 0 з переміщення
------Розроблено 0 отримано 0
------Переводимо з коеф 0.99 отримуємо 183272

--- Рахуємо : Рис для суші *Kimpo, 1міш/9кг
------Додаємо 0 з попередньої інвентаризації
------Додаємо 0 з приходу
------Додаємо 0 з переміщення
------Розроблено 0 отримано 0
------Переводимо з коеф 1.01 отримуємо 0

--- Рахуємо : Рис *Seijou, 1мішок/9,07кг
------Додаємо 0 з попередньої інвентаризації
------Додаємо 0 з приходу
------Додаємо 0 з переміщення
------Розроблено 0 отримано 0
------Переводимо з коеф 0.99 отримуємо 0

##############
1049 - 15.05.17 - Сихів

--- Рахуємо : Салат Чука
------Додаємо 1122 з попередньої інвентаризації
------Додаємо -25 з переміщення
------Віднімаємо 675 з розходу

--- Рахуємо : Салат Чука *JNP, С.Х., 1уп/1кг
------Додаємо 5000 з попередньої інвентаризації
------Додаємо 0 з приходу
------Додаємо 0 з переміщення
------Розроблено 0 отримано 0
------Переводимо з коеф 1.39 отримуємо 3597

##############
1046 - 15.05.17 - Сихів

--- Рахуємо : Сир Дорблю
------Додаємо 83 з попередньої інвентаризації
------Додаємо 0 з переміщення
------Віднімаємо 620 з розходу

--- Рахуємо : Сир Дорблю ваговий
------Додаємо 1200 з попередньої інвентаризації
------Додаємо 640 з приходу
------Додаємо 0 з переміщення
------Розроблено 0 отримано 0
------Переводимо з коеф 1.02 отримуємо 1803

##############
1032 - 15.05.17 - Сихів

--- Рахуємо : Сир Мармуровий
------Додаємо 472 з попередньої інвентаризації
------Додаємо 0 з переміщення
------Віднімаємо 465 з розходу

--- Рахуємо : Сир Мармуровий *Чортків, ваговий 
------Додаємо 1152 з попередньої інвентаризації
------Додаємо 0 з приходу
------Додаємо 0 з переміщення
------Розроблено 0 отримано 0
------Переводимо з коеф 1.02 отримуємо 1129

##############
1003 - 15.05.17 - Сихів

--- Рахуємо : Сир Моцарела
------Додаємо 7630 з попередньої інвентаризації
------Додаємо 0 з переміщення
------Віднімаємо 45870 з розходу

--- Рахуємо : Сир Моцарела, Івано - Франківськ, ваговий
------Додаємо 88740 з попередньої інвентаризації
------Додаємо 40000 з приходу
------Додаємо 0 з переміщення
------Розроблено 0 отримано 0
------Переводимо з коеф 1.0 отримуємо 128740

##############
1021 - 15.05.17 - Сихів

--- Рахуємо : Сир Пармезан
------Додаємо 498 з попередньої інвентаризації
------Додаємо 0 з переміщення
------Віднімаємо 2270 з розходу

--- Рахуємо : НФ Соус Альфредо
------Додаємо 352 з попередньої інвентаризації
------Додаємо 0 з переміщення
------Віднімаємо 4820 з розходу
------З коефіцієнтом 0.08718395815170009 переводимо в інг. Рез : -389

--- Рахуємо : Сир Пармезан *Spomlek, ваговий
------Додаємо 820 з попередньої інвентаризації
------Додаємо 0 з приходу
------Додаємо 0 з переміщення
------Розроблено 0 отримано 0
------Переводимо з коеф 1.28 отримуємо 640

--- Рахуємо : Сир Пармезан *Rokiskio, ваговий
------Додаємо 0 з попередньої інвентаризації
------Додаємо 4200 з приходу
------Додаємо 0 з переміщення
------Розроблено 0 отримано 0
------Переводимо з коеф 1.05 отримуємо 4000

##############
1034 - 15.05.17 - Сихів

--- Рахуємо : Сир Фета
------Додаємо 141 з попередньої інвентаризації
------Додаємо -30 з переміщення
------Віднімаємо 790 з розходу

--- Рахуємо : Сир Фета *Premiale, 1шп/0.250гр
------Додаємо 2750 з попередньої інвентаризації
------Додаємо 0 з приходу
------Додаємо 0 з переміщення
------Розроблено 0 отримано 0
------Переводимо з коеф 1.09 отримуємо 2522

##############
1005 - 15.05.17 - Сихів

--- Рахуємо : Сир Філадельфія
------Додаємо 940 з попередньої інвентаризації
------Додаємо 0 з переміщення
------Віднімаємо 6380 з розходу

--- Рахуємо : Сир Філадельфія ORIGINAL, Mondelez, 1уп/1,65кг
------Додаємо 49500 з попередньої інвентаризації
------Додаємо 0 з приходу
------Додаємо 0 з переміщення
------Розроблено 0 отримано 0
------Переводимо з коеф 1.07 отримуємо 46261

##############
1053 - 15.05.17 - Сихів

--- Рахуємо : Сир тостовий
------Додаємо 40 з попередньої інвентаризації
------Додаємо 0 з переміщення
------Віднімаємо 880 з розходу

--- Рахуємо : Сир тостовий *President, 1уп/0.200гр
------Додаємо 4200 з попередньої інвентаризації
------Додаємо 0 з приходу
------Додаємо 0 з переміщення
------Розроблено 0 отримано 0
------Переводимо з коеф 1.0 отримуємо 4200

##############
1029 - 15.05.17 - Сихів

--- Рахуємо : Сніжний краб
------Додаємо 240 з попередньої інвентаризації
------Додаємо 0 з переміщення
------Віднімаємо 860 з розходу

--- Рахуємо : Сніжний краб *Vici, 1уп/0.200гр
------Додаємо 3200 з попередньої інвентаризації
------Додаємо 0 з приходу
------Додаємо 0 з переміщення
------Розроблено 0 отримано 0
------Переводимо з коеф 1.0 отримуємо 3200

##############
1076 - 15.05.17 - Сихів

--- Рахуємо : Соєвий соус концентрат
------Додаємо 28342 з попередньої інвентаризації
------Додаємо 0 з переміщення
------Віднімаємо 0 з розходу

--- Рахуємо : НФ Соус соєвий для суші
------Додаємо 20520 з попередньої інвентаризації
------Додаємо 0 з переміщення
------Віднімаємо 44325 з розходу
------З коефіцієнтом 0.38461538461538464 переводимо в інг. Рез : -9155

--- Рахуємо : Соєвий соус *Kikkoman, 1шт/20л
------Додаємо 20000 з попередньої інвентаризації
------Додаємо 60000 з приходу
------Додаємо 0 з переміщення
------Розроблено 0 отримано 0
------Переводимо з коеф 1.01 отримуємо 79207

--- Рахуємо : Концентрат Соєвого соусу *Kikkoman, 1уп/19л
------Додаємо 38000 з попередньої інвентаризації
------Додаємо 0 з приходу
------Додаємо 0 з переміщення
------Розроблено 0 отримано 0
------Переводимо з коеф 1.0 отримуємо 38000

##############
1012 - 15.05.17 - Сихів

--- Рахуємо : Тобіко червоне
------Додаємо 439 з попередньої інвентаризації
------Додаємо 0 з переміщення
------Віднімаємо 1001 з розходу

--- Рахуємо : Ікра лет.риби червона Тобікко *SaP N, 1уп/0,5кг
------Додаємо 2000 з попередньої інвентаризації
------Додаємо 0 з приходу
------Додаємо 0 з переміщення
------Розроблено 0 отримано 0
------Переводимо з коеф 1.03 отримуємо 1941

##############
1024 - 15.05.17 - Сихів

--- Рахуємо : Тунець
------Додаємо 289 з попередньої інвентаризації
------Додаємо 0 з переміщення
------Віднімаємо 1180 з розходу

--- Рахуємо : Тунець ваговий *yellowfin
------Додаємо 3985 з попередньої інвентаризації
------Додаємо 0 з приходу
------Додаємо 0 з переміщення
------Розроблено 980 отримано 860
------Переводимо з коеф 1.09133 отримуємо 4549

##############
1056 - 15.05.17 - Сихів

--- Рахуємо : Тунець консервований
------Додаємо 45 з попередньої інвентаризації
------Додаємо 0 з переміщення
------Віднімаємо 250 з розходу

--- Рахуємо : Тунець консервований *OceanSteamer, 1уп/0.195гр
------Додаємо 4095 з попередньої інвентаризації
------Додаємо 0 з приходу
------Додаємо 0 з переміщення
------Розроблено 0 отримано 0
------Переводимо з коеф 1.39 отримуємо 2946

--- Рахуємо : Тунець консервований *Fish Line, 1уп/185г
------Додаємо 925 з попередньої інвентаризації
------Додаємо 0 з приходу
------Додаємо 0 з переміщення
------Розроблено 0 отримано 0
------Переводимо з коеф 1.39 отримуємо 665

##############
1020 - 15.05.17 - Сихів

--- Рахуємо : Шинка
------Додаємо 2054 з попередньої інвентаризації
------Додаємо -685 з переміщення
------Віднімаємо 8440 з розходу

--- Рахуємо : Шинка вагова
------Додаємо 8665 з попередньої інвентаризації
------Додаємо 5735 з приходу
------Додаємо 0 з переміщення
------Розроблено 0 отримано 0
------Переводимо з коеф 1.09 отримуємо 13211
ROW_COUNT = 148
Імбир
Ананас Консервований
Артишок
Бекон
Борошно
Бринза
Васабі порошок
Вершки
Вугор
Каперси
Ковбаса Папероні
Копчене куряче філе
Креветка
Кукурудза консервована
Лосось
Лосось копчений
Мамінорі
Маслини
Мисливські Ковбаски 
Мюнхенські Ковбаски 
Норі
Окунь червоний
Оливки
Олія оливкова
Перець болгарський
Печериці
Помідори Пелатті
Рис
Салат Чука
Сир Дорблю
Сир Мармуровий
Сир Моцарела
Сир Пармезан
Сир Фета
Сир Філадельфія
Сир тостовий
Сніжний краб
Соєвий соус концентрат
Тобіко червоне
Тунець
Тунець консервований
Шинка
Продукт/Інгредієнт/НФ
 -  -  -  -  -  - 
Продукт/Інгредієнт/НФ
 -  -  -  -  -  - 
Імбир
 - #,### - #,### гр - #,### - #,### гр -  - 
Імбир маринований рожевий JnP 1уп/1.5кг
 - #,### уп - #,### гр - #,### уп - #,### гр -  - 

 -  -  -  -  -  - 
Ананас Консервований
 - #,### - #,### гр - #,### - #,### гр -  - 
Ананас консервований *ARO, 1уп/490г
 - #,### банка - #,### гр - #,### банка - #,### гр -  - 

 -  -  -  -  -  - 
Артишок
 - #,### - #,### гр - #,### - #,### гр -  - 
Артишок *iGoloSi ,1уп/1.7кг
 - #,### уп - #,### гр - #,### уп - #,### гр -  - 

 -  -  -  -  -  - 
Бекон
 - #,### - #,### гр - #,### - #,### гр -  - 
Бекон *Барком, ваговий
 - #,### - #,### гр - #,### - #,### гр -  - 

 -  -  -  -  -  - 
Борошно
 - #,### - #,### гр - #,### - #,### гр -  - 
НФ Тісто для піци
 - #,### - #,### гр - #,### - #,### гр -  - 
Борошно вищий гатунок *Богомила, 1уп/50кг
 - #,### мішок - #,### гр - #,### мішок - #,### гр -  - 
Борошно *Богумила 1мш/25кг
 - #,### мішок - #,### гр - #,### мішок - #,### гр -  - 

 -  -  -  -  -  - 
Бринза
 - #,### - #,### гр - #,### - #,### гр -  - 
Сир Бринза *Premiale 1уп/0.250гр
 - #,### уп - #,### гр - #,### уп - #,### гр -  - 

 -  -  -  -  -  - 
Васабі порошок
 - #,### - #,### гр - #,### - #,### гр -  - 
НФ Васабі
 - #,### - #,### гр - #,### - #,### гр -  - 
Васабі преміум *SaP, 1уп/1кг
 - #,### уп - #,### гр - #,### уп - #,### гр -  - 

 -  -  -  -  -  - 
Вершки
 - #,### - #,### гр - #,### - #,### гр -  - 
НФ Соус Альфредо
 - #,### - #,### гр - #,### - #,### гр -  - 
Вершки 30% *СмачноШеф ,1уп/1л
 - #,### уп - #,### гр - #,### уп - #,### гр -  - 

 -  -  -  -  -  - 
Вугор
 - #,### - #,### гр - #,### - #,### гр -  - 
НФ Соус Унагі
 - #,### - #,### гр - #,### - #,### гр -  - 
Вугор *JnP 9 ,в в/у ваговий
 - #,### шт - #,### гр - #,### шт - #,### гр -  - 
Вугор обсмажений "Unagi Gold" Premium
 - #,### шт - #,### гр - #,### шт - #,### гр -  - 

 -  -  -  -  -  - 
Каперси
 - #,### - #,### гр - #,### - #,### гр -  - 
Каперси *Luxeapers, 1уп/0.550гр
 - #,### банка - #,### гр - #,### банка - #,### гр -  - 
Каперси *Iberica, 1банка/60г
 - #,### банка - #,### гр - #,### банка - #,### гр -  - 

 -  -  -  -  -  - 
Ковбаса Папероні
 - #,### - #,### гр - #,### - #,### гр -  - 
Ковбаса Папероні *Глобино вагова
 - #,### шт - #,### гр - #,### шт - #,### гр -  - 

 -  -  -  -  -  - 
Копчене куряче філе
 - #,### - #,### гр - #,### - #,### гр -  - 
Копчене куряче філе *ІКО, вагове
 - #,### - #,### гр - #,### - #,### гр -  - 

 -  -  -  -  -  - 
Креветка
 - #,### - #,### гр - #,### - #,### гр -  - 
Креветка SaP б/г 16/20, 1уп/1кг
 - #,### уп - #,### гр - #,### уп - #,### гр -  - 

 -  -  -  -  -  - 
Кукурудза консервована
 - #,### - #,### гр - #,### - #,### гр -  - 
Кукурудза консервована *Верес, 1уп/275г
 - #,### уп - #,### гр - #,### уп - #,### гр -  - 

 -  -  -  -  -  - 
Лосось
 - #,### - #,### гр - #,### - #,### гр -  - 
Лосось філе ваговий
 - #,### - #,### гр - #,### - #,### гр -  - 

 -  -  -  -  -  - 
Лосось копчений
 - #,### - #,### гр - #,### - #,### гр -  - 
Лосось Х/К філе, в в/у ваговий, С.Х.
 - #,### шт - #,### гр - #,### шт - #,### гр -  - 
Лосось копчений *ФОП Глухов
 - #,### шт - #,### гр - #,### шт - #,### гр -  - 

 -  -  -  -  -  - 
Мамінорі
 - #,### - #,### гр - #,### - #,### гр -  - 

 -  -  -  -  -  - 
Маслини
 - #,### - #,### гр - #,### - #,### гр -  - 
Маслини *Iberica, 1уп/0.115гр
 - #,### банка - #,### гр - #,### банка - #,### гр -  - 

 -  -  -  -  -  - 
Мисливські Ковбаски 
 - #,### - #,### гр - #,### - #,### гр -  - 
Мисливські Ковбаски *СвітМ'яса
 - #,### шт - #,### гр - #,### шт - #,### гр -  - 

 -  -  -  -  -  - 
Мюнхенські Ковбаски 
 - #,### - #,### гр - #,### - #,### гр -  - 
Мюнхенські Ковбаски *Ходорівський М.К. вагові/шт
 - #,### шт - #,### гр - #,### шт - #,### гр -  - 

 -  -  -  -  -  - 
Норі
 - #,### - #,### гр - #,### - #,### гр -  - 
Водорості см/прес. Норі Голд *JnP 1уп/50шт, С.Х.
 - #,### уп - #,### гр - #,### уп - #,### гр -  - 
Норі *KS gold, 1уп/50шт
 - #,### уп - #,### гр - #,### уп - #,### гр -  - 
Норі *KS silver, 1уп/50шт
 - #,### уп - #,### гр - #,### уп - #,### гр -  - 

 -  -  -  -  -  - 
Окунь червоний
 - #,### - #,### гр - #,### - #,### гр -  - 
Окунь морский (філе тілапії), в в/у ваговий
 - #,### шт - #,### гр - #,### шт - #,### гр -  - 

 -  -  -  -  -  - 
Оливки
 - #,### - #,### гр - #,### - #,### гр -  - 
Оливки *Iberica, 1шт/170гр
 - #,### банка - #,### гр - #,### банка - #,### гр -  - 

 -  -  -  -  -  - 
Олія оливкова
 - #,### - #,### гр - #,### - #,### гр -  - 
НФ Тісто для піци
 - #,### - #,### гр - #,### - #,### гр -  - 
НФ Соус від Панди
 - #,### - #,### гр - #,### - #,### гр -  - 
НФ Соус Барбекю
 - #,### - #,### гр - #,### - #,### гр -  - 
Олія оливкова *DeCecco, 1уп/1л
 - #,### шт - #,### мл - #,### шт - #,### мл -  - 
Оливкова олія *Vesuvio 1шт/5л
 - #,### шт - #,### мл - #,### шт - #,### мл -  - 

 -  -  -  -  -  - 
Перець болгарський
 - #,### - #,### гр - #,### - #,### гр -  - 
НФ Соус Барбекю
 - #,### - #,### гр - #,### - #,### гр -  - 
Перець болгарський ваговий
 - #,### шт - #,### гр - #,### шт - #,### гр -  - 

 -  -  -  -  -  - 
Печериці
 - #,### - #,### гр - #,### - #,### гр -  - 
Печериці вагові
 - #,### - #,### гр - #,### - #,### гр -  - 

 -  -  -  -  -  - 
Помідори Пелатті
 - #,### - #,### гр - #,### - #,### гр -  - 
НФ Соус від Панди
 - #,### - #,### гр - #,### - #,### гр -  - 
Помідори Пелатті *NOVI, 1шт/2.500гр
 - #,### банка - #,### гр - #,### банка - #,### гр -  - 

 -  -  -  -  -  - 
Рис
 - #,### - #,### гр - #,### - #,### гр -  - 
НФ Рис для суші
 - #,### - #,### гр - #,### - #,### гр -  - 
Рис для суші *Sun West, 1шт/22.680гр
 - #,### мішок - #,### гр - #,### мішок - #,### гр -  - 

 -  -  -  -  -  - 
Салат Чука
 - #,### - #,### гр - #,### - #,### гр -  - 
Салат Чука *JNP, С.Х., 1уп/1кг
 - #,### уп - #,### гр - #,### уп - #,### гр -  - 

 -  -  -  -  -  - 
Сир Дорблю
 - #,### - #,### гр - #,### - #,### гр -  - 
Сир Дорблю ваговий
 - #,### - #,### гр - #,### - #,### гр -  - 

 -  -  -  -  -  - 
Сир Мармуровий
 - #,### - #,### гр - #,### - #,### гр -  - 
Сир Мармуровий *Чортків, ваговий 
 - #,### - #,### гр - #,### - #,### гр -  - 

 -  -  -  -  -  - 
Сир Моцарела
 - #,### - #,### гр - #,### - #,### гр -  - 
Сир Моцарела, Івано - Франківськ, ваговий
 - #,### - #,### гр - #,### - #,### гр -  - 

 -  -  -  -  -  - 
Сир Пармезан
 - #,### - #,### гр - #,### - #,### гр -  - 
НФ Соус Альфредо
 - #,### - #,### гр - #,### - #,### гр -  - 
Сир Пармезан *Rokiskio, ваговий
 - #,### шт - #,### гр - #,### шт - #,### гр -  - 
Сир Пармезан *Spomlek, ваговий
 - #,### - #,### гр - #,### - #,### гр -  - 

 -  -  -  -  -  - 
Сир Фета
 - #,### - #,### гр - #,### - #,### гр -  - 
Сир Фета *Premiale, 1шп/0.250гр
 - #,### уп - #,### гр - #,### уп - #,### гр -  - 

 -  -  -  -  -  - 
Сир Філадельфія
 - #,### - #,### гр - #,### - #,### гр -  - 
Сир Філадельфія ORIGINAL, Mondelez, 1уп/1,65кг
 - #,### банка - #,### гр - #,### банка - #,### гр -  - 

 -  -  -  -  -  - 
Сир тостовий
 - #,### - #,### гр - #,### - #,### гр -  - 
Сир тостовий *President, 1уп/0.200гр
 - #,### уп - #,### гр - #,### уп - #,### гр -  - 

 -  -  -  -  -  - 
Сніжний краб
 - #,### - #,### гр - #,### - #,### гр -  - 
Сніжний краб *Vici, 1уп/0.200гр
 - #,### уп - #,### гр - #,### уп - #,### гр -  - 

 -  -  -  -  -  - 
Соєвий соус концентрат
 - #,### - #,### мл - #,### - #,### мл -  - 
НФ Соус соєвий для суші
 - #,### - #,### гр - #,### - #,### гр -  - 
Концентрат Соєвого соусу *Kikkoman, 1уп/19л
 - #,### уп - #,### гр - #,### уп - #,### гр -  - 
Соєвий соус *Kikkoman, 1шт/20л
 - #,### коробка - #,### мл - #,### коробка - #,### мл -  - 

 -  -  -  -  -  - 
Тобіко червоне
 - #,### - #,### гр - #,### - #,### гр -  - 
Ікра лет.риби червона Тобікко *SaP N, 1уп/0,5кг
 - #,### уп - #,### гр - #,### уп - #,### гр -  - 

 -  -  -  -  -  - 
Тунець
 - #,### - #,### гр - #,### - #,### гр -  - 
Тунець ваговий *yellowfin
 - #,### шт - #,### гр - #,### шт - #,### гр -  - 

 -  -  -  -  -  - 
Тунець консервований
 - #,### - #,### гр - #,### - #,### гр -  - 
Тунець консервований *OceanSteamer, 1уп/0.195гр
 - #,### банка - #,### гр - #,### банка - #,### гр -  - 
Тунець консервований *Fish Line, 1уп/185г
 - #,### банка - #,### гр - #,### банка - #,### гр -  - 

 -  -  -  -  -  - 
Шинка
 - #,### - #,### гр - #,### - #,### гр -  - 
Шинка вагова
 - #,### - #,### гр - #,### - #,### гр -  - 
java.io.FileNotFoundException: inv#100052.pdf (The process cannot access the file because it is being used by another process)
	at java.io.FileOutputStream.open0(Native Method)
	at java.io.FileOutputStream.open(FileOutputStream.java:270)
	at java.io.FileOutputStream.<init>(FileOutputStream.java:213)
	at java.io.FileOutputStream.<init>(FileOutputStream.java:101)
	at ua.com.pandasushi.controller.kitchen.inventory.InventoryPdf.<init>(InventoryPdf.java:47)
	at ua.com.pandasushi.controller.kitchen.inventory.InventoryTabController.handle(InventoryTabController.java:541)
	at ua.com.pandasushi.controller.kitchen.inventory.InventoryTabController.handle(InventoryTabController.java:46)
	at com.sun.javafx.event.CompositeEventHandler.dispatchBubblingEvent(CompositeEventHandler.java:86)
	at com.sun.javafx.event.EventHandlerManager.dispatchBubblingEvent(EventHandlerManager.java:238)
	at com.sun.javafx.event.EventHandlerManager.dispatchBubblingEvent(EventHandlerManager.java:191)
	at com.sun.javafx.event.CompositeEventDispatcher.dispatchBubblingEvent(CompositeEventDispatcher.java:59)
	at com.sun.javafx.event.BasicEventDispatcher.dispatchEvent(BasicEventDispatcher.java:58)
	at com.sun.javafx.event.EventDispatchChainImpl.dispatchEvent(EventDispatchChainImpl.java:114)
	at com.sun.javafx.event.BasicEventDispatcher.dispatchEvent(BasicEventDispatcher.java:56)
	at com.sun.javafx.event.EventDispatchChainImpl.dispatchEvent(EventDispatchChainImpl.java:114)
	at com.sun.javafx.event.BasicEventDispatcher.dispatchEvent(BasicEventDispatcher.java:56)
	at com.sun.javafx.event.EventDispatchChainImpl.dispatchEvent(EventDispatchChainImpl.java:114)
	at com.sun.javafx.event.BasicEventDispatcher.dispatchEvent(BasicEventDispatcher.java:56)
	at com.sun.javafx.event.EventDispatchChainImpl.dispatchEvent(EventDispatchChainImpl.java:114)
	at com.sun.javafx.event.BasicEventDispatcher.dispatchEvent(BasicEventDispatcher.java:56)
	at com.sun.javafx.event.EventDispatchChainImpl.dispatchEvent(EventDispatchChainImpl.java:114)
	at com.sun.javafx.event.EventUtil.fireEventImpl(EventUtil.java:74)
	at com.sun.javafx.event.EventUtil.fireEvent(EventUtil.java:49)
	at javafx.event.Event.fireEvent(Event.java:198)
	at javafx.scene.Node.fireEvent(Node.java:8413)
	at javafx.scene.control.Button.fire(Button.java:185)
	at com.sun.javafx.scene.control.behavior.ButtonBehavior.mouseReleased(ButtonBehavior.java:182)
	at com.sun.javafx.scene.control.skin.BehaviorSkinBase$1.handle(BehaviorSkinBase.java:96)
	at com.sun.javafx.scene.control.skin.BehaviorSkinBase$1.handle(BehaviorSkinBase.java:89)
	at com.sun.javafx.event.CompositeEventHandler$NormalEventHandlerRecord.handleBubblingEvent(CompositeEventHandler.java:218)
	at com.sun.javafx.event.CompositeEventHandler.dispatchBubblingEvent(CompositeEventHandler.java:80)
	at com.sun.javafx.event.EventHandlerManager.dispatchBubblingEvent(EventHandlerManager.java:238)
	at com.sun.javafx.event.EventHandlerManager.dispatchBubblingEvent(EventHandlerManager.java:191)
	at com.sun.javafx.event.CompositeEventDispatcher.dispatchBubblingEvent(CompositeEventDispatcher.java:59)
	at com.sun.javafx.event.BasicEventDispatcher.dispatchEvent(BasicEventDispatcher.java:58)
	at com.sun.javafx.event.EventDispatchChainImpl.dispatchEvent(EventDispatchChainImpl.java:114)
	at com.sun.javafx.event.BasicEventDispatcher.dispatchEvent(BasicEventDispatcher.java:56)
	at com.sun.javafx.event.EventDispatchChainImpl.dispatchEvent(EventDispatchChainImpl.java:114)
	at com.sun.javafx.event.BasicEventDispatcher.dispatchEvent(BasicEventDispatcher.java:56)
	at com.sun.javafx.event.EventDispatchChainImpl.dispatchEvent(EventDispatchChainImpl.java:114)
	at com.sun.javafx.event.BasicEventDispatcher.dispatchEvent(BasicEventDispatcher.java:56)
	at com.sun.javafx.event.EventDispatchChainImpl.dispatchEvent(EventDispatchChainImpl.java:114)
	at com.sun.javafx.event.BasicEventDispatcher.dispatchEvent(BasicEventDispatcher.java:56)
	at com.sun.javafx.event.EventDispatchChainImpl.dispatchEvent(EventDispatchChainImpl.java:114)
	at com.sun.javafx.event.EventUtil.fireEventImpl(EventUtil.java:74)
	at com.sun.javafx.event.EventUtil.fireEvent(EventUtil.java:54)
	at javafx.event.Event.fireEvent(Event.java:198)
	at javafx.scene.Scene$MouseHandler.process(Scene.java:3757)
	at javafx.scene.Scene$MouseHandler.access$1500(Scene.java:3485)
	at javafx.scene.Scene.impl_processMouseEvent(Scene.java:1762)
	at javafx.scene.Scene$ScenePeerListener.mouseEvent(Scene.java:2494)
	at com.sun.javafx.tk.quantum.GlassViewEventHandler$MouseEventNotification.run(GlassViewEventHandler.java:381)
	at com.sun.javafx.tk.quantum.GlassViewEventHandler$MouseEventNotification.run(GlassViewEventHandler.java:295)
	at java.security.AccessController.doPrivileged(Native Method)
	at com.sun.javafx.tk.quantum.GlassViewEventHandler.lambda$handleMouseEvent$354(GlassViewEventHandler.java:417)
	at com.sun.javafx.tk.quantum.QuantumToolkit.runWithoutRenderLock(QuantumToolkit.java:389)
	at com.sun.javafx.tk.quantum.GlassViewEventHandler.handleMouseEvent(GlassViewEventHandler.java:416)
	at com.sun.glass.ui.View.handleMouseEvent(View.java:555)
	at com.sun.glass.ui.View.notifyMouse(View.java:937)
	at com.sun.glass.ui.win.WinApplication._runLoop(Native Method)
	at com.sun.glass.ui.win.WinApplication.lambda$null$148(WinApplication.java:191)
	at java.lang.Thread.run(Thread.java:745)
