Сихів
Тарас Гродзіцький
Applicaton is started
initialized
4
Tab added
Tab added
Tab added
Tab added
Selected : Імбир
Selected : Ананас Консервований
Selected : Артишок
Selected : Бекон
Selected : Борошно
Selected : Бринза
Selected : Васабі порошок
Selected : Вершки
Selected : Вугор
Selected : Каперси
Selected : Ковбаса Папероні
Selected : Копчене куряче філе
Selected : Креветка
Selected : Кукурудза консервована
Selected : Лосось
Selected : Лосось копчений
Selected : Мамінорі
Selected : Маслини
Selected : Мисливські Ковбаски 
Selected : Мюнхенські Ковбаски 
Selected : Норі
Selected : Окунь червоний
Selected : Оливки
Selected : Олія оливкова
Selected : Перець болгарський
Selected : Печериці
Selected : Помідори Пелатті
Selected : Рис
Selected : Салат Чука
Selected : Сир Дорблю
Selected : Сир Мармуровий
Selected : Сир Моцарела
Selected : Сир Пармезан
Selected : Сир Фета
Selected : Сир Філадельфія
Selected : Сир тостовий
Selected : Сніжний краб
Selected : Соєвий соус концентрат
Selected : Тобіко червоне
Selected : Тунець
Selected : Тунець консервований
Selected : Шинка
 - Selected : Імбир
 - Selected : Ананас Консервований
 - Selected : Артишок
 - Selected : Бекон
 - Selected : Борошно
 - Selected : Бринза
 - Selected : Васабі порошок
 - Selected : Вершки
 - Selected : Вугор
 - Selected : Каперси
 - Selected : Ковбаса Папероні
 - Selected : Копчене куряче філе
 - Selected : Креветка
 - Selected : Кукурудза консервована
 - Selected : Лосось
 - Selected : Лосось копчений
 - Selected : Мамінорі
 - Selected : Маслини
 - Selected : Мисливські Ковбаски 
 - Selected : Мюнхенські Ковбаски 
 - Selected : Норі
 - Selected : Окунь червоний
 - Selected : Оливки
 - Selected : Олія оливкова
 - Selected : Перець болгарський
 - Selected : Печериці
 - Selected : Помідори Пелатті
 - Selected : Рис
 - Selected : Салат Чука
 - Selected : Сир Дорблю
 - Selected : Сир Мармуровий
 - Selected : Сир Моцарела
 - Selected : Сир Пармезан
 - Selected : Сир Фета
 - Selected : Сир Філадельфія
 - Selected : Сир тостовий
 - Selected : Сніжний краб
 - Selected : Соєвий соус концентрат
 - Selected : Тобіко червоне
 - Selected : Тунець
 - Selected : Тунець консервований
 - Selected : Шинка
Імбир
Авокадо
Ананас Консервований
Анчоус
Апельсин
Артишок
Базилік
Банан
Бекон
Борошно
Борошно Темпура
Бринза
Вакаме
Васабі порошок
Вершки
Вода
Вугор
Гірчиця
Гарбуз
Дріжді
Каперси
Кетчуп
Ковбаса Папероні
Комбо
Копчене куряче філе
Кріп
Креветка
Кукурудза консервована
Кунжут смажений
Лапша
Лимон
Листя салату
Лосось
Лосось копчений
Мірін
Місопаста
Міцукан
Майонез
Мамінорі
Маслини
Масло 72%
Мед
Мисливські Ковбаски 
Морква
Мюнхенські Ковбаски 
Норі
НФ Васабі
НФ Заправка для рису
НФ Рис для суші
НФ Соус Альфредо
НФ Соус Барбекю
НФ Соус від Панди
НФ Соус Горіховий 
НФ Соус соєвий для суші
НФ Соус Спайс
НФ Соус Унагі
НФ Соус Цезар
НФ Суміш Темпура
НФ Тісто для піци
Огірок
Огірок Маринований
Окунь червоний
Олія оливкова
Оливки
Орегано
Перець болгарський
Перець консервований Халапеньйо
Перець мелений
Перець Чілі
Петрушка
Печериці
Полуниця
Помідори
Помідори Пелатті
Помідори Чері
Редька
Рис
Розпушувач
Руккола
Сіль
Салат Айсберг
Салат Чука
Сир Дорблю
Сир Мармуровий
Сир Моцарела
Сир Пармезан
Сир тостовий
Сир Тофу
Сир Філадельфія
Сир Фета
Сніжний краб
Соєвий соус концентрат
Соус Чілі
Стружка тунця
Сухарі
Тобіко червоне
Тунець
Тунець консервований
Хондаші
Цибуля зел
Цибуля Кримська
Цукор
Часник свіжий
Чорний кунжут
Шинка
Широмісу
Шпинат
Яйце перепелине

##############
1060 - 15.05.17 - Сихів

--- Рахуємо : Імбир
------Додаємо 1840 з попередньої інвентаризації
------Додаємо 0 з переміщення
------Віднімаємо 5860 з розходу

--- Рахуємо : Імбир маринований рожевий JnP 1уп/1.5кг
------Додаємо 55500 з попередньої інвентаризації
------Додаємо 0 з приходу
------Додаємо 0 з переміщення
------Розроблено 0 отримано 0
------Переводимо з коеф 1.76 отримуємо 31534

##############
1041 - 15.05.17 - Сихів

--- Рахуємо : Ананас Консервований
------Додаємо 509 з попередньої інвентаризації
------Додаємо 0 з переміщення
------Віднімаємо 1970 з розходу

--- Рахуємо : Ананас консервований *ARO, 1уп/490г
------Додаємо 7350 з попередньої інвентаризації
------Додаємо 0 з приходу
------Додаємо 0 з переміщення
------Розроблено 0 отримано 0
------Переводимо з коеф 1.0 отримуємо 7350

##############
1044 - 15.05.17 - Сихів

--- Рахуємо : Артишок
------Додаємо 1001 з попередньої інвентаризації
------Додаємо 0 з переміщення
------Віднімаємо 280 з розходу

--- Рахуємо : Артишок *iGoloSi ,1уп/1.7кг
------Додаємо 1700 з попередньої інвентаризації
------Додаємо 0 з приходу
------Додаємо 0 з переміщення
------Розроблено 0 отримано 0
------Переводимо з коеф 1.42 отримуємо 1197

##############
1015 - 15.05.17 - Сихів

--- Рахуємо : Бекон
------Додаємо 2079 з попередньої інвентаризації
------Додаємо -116 з переміщення
------Віднімаємо 7780 з розходу

--- Рахуємо : Бекон *Барком, ваговий
------Додаємо 10680 з попередньої інвентаризації
------Додаємо 0 з приходу
------Додаємо 0 з переміщення
------Розроблено 0 отримано 0
------Переводимо з коеф 1.14 отримуємо 9368

##############
1004 - 15.05.17 - Сихів

--- Рахуємо : Борошно
------Додаємо 38500 з попередньої інвентаризації
------Додаємо 0 з переміщення
------Віднімаємо 2720 з розходу

--- Рахуємо : НФ Тісто для піци
------Додаємо 30660 з попередньої інвентаризації
------Додаємо 0 з переміщення
------Віднімаємо 33720 з розходу
------З коефіцієнтом 0.6317119393556538 переводимо в інг. Рез : -1933

--- Рахуємо : Борошно вищий гатунок *Богомила, 1уп/50кг
------Додаємо 200000 з попередньої інвентаризації
------Додаємо 0 з приходу
------Додаємо 0 з переміщення
------Розроблено 0 отримано 0
------Переводимо з коеф 1.04 отримуємо 192307

--- Рахуємо : Борошно *Богумила 1мш/25кг
------Додаємо 250000 з попередньої інвентаризації
------Додаємо 0 з приходу
------Додаємо 0 з переміщення
------Розроблено 0 отримано 0
------Переводимо з коеф 1.04 отримуємо 240384

##############
1074 - 15.05.17 - Сихів

--- Рахуємо : Бринза
------Додаємо 197 з попередньої інвентаризації
------Додаємо 0 з переміщення
------Віднімаємо 0 з розходу

--- Рахуємо : Сир Бринза *Premiale 1уп/0.250гр
------Додаємо 750 з попередньої інвентаризації
------Додаємо 0 з приходу
------Додаємо 0 з переміщення
------Розроблено 0 отримано 0
------Переводимо з коеф 1.06 отримуємо 707

##############
1075 - 15.05.17 - Сихів

--- Рахуємо : Васабі порошок
------Додаємо 0 з попередньої інвентаризації
------Додаємо 0 з переміщення
------Віднімаємо 0 з розходу

--- Рахуємо : НФ Васабі
------Додаємо 670 з попередньої інвентаризації
------Додаємо 0 з переміщення
------Віднімаємо 5026 з розходу
------З коефіцієнтом 0.4166666666666667 переводимо в інг. Рез : -1815

--- Рахуємо : Васабі преміум *SaP, 1уп/1кг
------Додаємо 5000 з попередньої інвентаризації
------Додаємо 0 з приходу
------Додаємо 0 з переміщення
------Розроблено 0 отримано 0
------Переводимо з коеф 1.0 отримуємо 5000

##############
1088 - 15.05.17 - Сихів

--- Рахуємо : Вершки
------Додаємо 0 з попередньої інвентаризації
------Додаємо 0 з переміщення
------Віднімаємо 0 з розходу

--- Рахуємо : НФ Соус Альфредо
------Додаємо 352 з попередньої інвентаризації
------Додаємо 0 з переміщення
------Віднімаємо 4820 з розходу
------З коефіцієнтом 0.8718395815170009 переводимо в інг. Рез : -3895

--- Рахуємо : Вершки 30% *СмачноШеф ,1уп/1л
------Додаємо 5000 з попередньої інвентаризації
------Додаємо 3000 з приходу
------Додаємо 0 з переміщення
------Розроблено 0 отримано 0
------Переводимо з коеф 1.02 отримуємо 7843

##############
1017 - 15.05.17 - Сихів

--- Рахуємо : Вугор
------Додаємо 391 з попередньої інвентаризації
------Додаємо 0 з переміщення
------Віднімаємо 3135 з розходу

--- Рахуємо : НФ Соус Унагі
------Додаємо 2354 з попередньої інвентаризації
------Додаємо 0 з переміщення
------Віднімаємо 1802 з розходу
------З коефіцієнтом 0.08108108108108109 переводимо в інг. Рез : 44

--- Рахуємо : Вугор обсмажений "Unagi Gold" Premium
------Додаємо 700 з попередньої інвентаризації
------Додаємо 0 з приходу
------Додаємо 0 з переміщення
------Розроблено 708 отримано 504
------Переводимо з коеф 1.405 отримуємо 1002

--- Рахуємо : Вугор *JnP 9 N ,в в/у ваговий
------Додаємо 0 з попередньої інвентаризації
------Додаємо 0 з приходу
------Додаємо 0 з переміщення
------Розроблено 0 отримано 0
Exception in thread "JavaFX Application Thread" java.lang.NullPointerException
	at ua.com.pandasushi.controller.kitchen.inventory.InventoryTabController.handle(InventoryTabController.java:501)
	at ua.com.pandasushi.controller.kitchen.inventory.InventoryTabController.handle(InventoryTabController.java:46)
	at com.sun.javafx.event.CompositeEventHandler.dispatchBubblingEvent(CompositeEventHandler.java:86)
	at com.sun.javafx.event.EventHandlerManager.dispatchBubblingEvent(EventHandlerManager.java:238)
	at com.sun.javafx.event.EventHandlerManager.dispatchBubblingEvent(EventHandlerManager.java:191)
	at com.sun.javafx.event.CompositeEventDispatcher.dispatchBubblingEvent(CompositeEventDispatcher.java:59)
	at com.sun.javafx.event.BasicEventDispatcher.dispatchEvent(BasicEventDispatcher.java:58)
	at com.sun.javafx.event.EventDispatchChainImpl.dispatchEvent(EventDispatchChainImpl.java:114)
	at com.sun.javafx.event.BasicEventDispatcher.dispatchEvent(BasicEventDispatcher.java:56)
	at com.sun.javafx.event.EventDispatchChainImpl.dispatchEvent(EventDispatchChainImpl.java:114)
	at com.sun.javafx.event.BasicEventDispatcher.dispatchEvent(BasicEventDispatcher.java:56)
	at com.sun.javafx.event.EventDispatchChainImpl.dispatchEvent(EventDispatchChainImpl.java:114)
	at com.sun.javafx.event.BasicEventDispatcher.dispatchEvent(BasicEventDispatcher.java:56)
	at com.sun.javafx.event.EventDispatchChainImpl.dispatchEvent(EventDispatchChainImpl.java:114)
	at com.sun.javafx.event.BasicEventDispatcher.dispatchEvent(BasicEventDispatcher.java:56)
	at com.sun.javafx.event.EventDispatchChainImpl.dispatchEvent(EventDispatchChainImpl.java:114)
	at com.sun.javafx.event.EventUtil.fireEventImpl(EventUtil.java:74)
	at com.sun.javafx.event.EventUtil.fireEvent(EventUtil.java:49)
	at javafx.event.Event.fireEvent(Event.java:198)
	at javafx.scene.Node.fireEvent(Node.java:8413)
	at javafx.scene.control.Button.fire(Button.java:185)
	at com.sun.javafx.scene.control.behavior.ButtonBehavior.mouseReleased(ButtonBehavior.java:182)
	at com.sun.javafx.scene.control.skin.BehaviorSkinBase$1.handle(BehaviorSkinBase.java:96)
	at com.sun.javafx.scene.control.skin.BehaviorSkinBase$1.handle(BehaviorSkinBase.java:89)
	at com.sun.javafx.event.CompositeEventHandler$NormalEventHandlerRecord.handleBubblingEvent(CompositeEventHandler.java:218)
	at com.sun.javafx.event.CompositeEventHandler.dispatchBubblingEvent(CompositeEventHandler.java:80)
	at com.sun.javafx.event.EventHandlerManager.dispatchBubblingEvent(EventHandlerManager.java:238)
	at com.sun.javafx.event.EventHandlerManager.dispatchBubblingEvent(EventHandlerManager.java:191)
	at com.sun.javafx.event.CompositeEventDispatcher.dispatchBubblingEvent(CompositeEventDispatcher.java:59)
	at com.sun.javafx.event.BasicEventDispatcher.dispatchEvent(BasicEventDispatcher.java:58)
	at com.sun.javafx.event.EventDispatchChainImpl.dispatchEvent(EventDispatchChainImpl.java:114)
	at com.sun.javafx.event.BasicEventDispatcher.dispatchEvent(BasicEventDispatcher.java:56)
	at com.sun.javafx.event.EventDispatchChainImpl.dispatchEvent(EventDispatchChainImpl.java:114)
	at com.sun.javafx.event.BasicEventDispatcher.dispatchEvent(BasicEventDispatcher.java:56)
	at com.sun.javafx.event.EventDispatchChainImpl.dispatchEvent(EventDispatchChainImpl.java:114)
	at com.sun.javafx.event.BasicEventDispatcher.dispatchEvent(BasicEventDispatcher.java:56)
	at com.sun.javafx.event.EventDispatchChainImpl.dispatchEvent(EventDispatchChainImpl.java:114)
	at com.sun.javafx.event.BasicEventDispatcher.dispatchEvent(BasicEventDispatcher.java:56)
	at com.sun.javafx.event.EventDispatchChainImpl.dispatchEvent(EventDispatchChainImpl.java:114)
	at com.sun.javafx.event.EventUtil.fireEventImpl(EventUtil.java:74)
	at com.sun.javafx.event.EventUtil.fireEvent(EventUtil.java:54)
	at javafx.event.Event.fireEvent(Event.java:198)
	at javafx.scene.Scene$MouseHandler.process(Scene.java:3757)
	at javafx.scene.Scene$MouseHandler.access$1500(Scene.java:3485)
	at javafx.scene.Scene.impl_processMouseEvent(Scene.java:1762)
	at javafx.scene.Scene$ScenePeerListener.mouseEvent(Scene.java:2494)
	at com.sun.javafx.tk.quantum.GlassViewEventHandler$MouseEventNotification.run(GlassViewEventHandler.java:381)
	at com.sun.javafx.tk.quantum.GlassViewEventHandler$MouseEventNotification.run(GlassViewEventHandler.java:295)
	at java.security.AccessController.doPrivileged(Native Method)
	at com.sun.javafx.tk.quantum.GlassViewEventHandler.lambda$handleMouseEvent$354(GlassViewEventHandler.java:417)
	at com.sun.javafx.tk.quantum.QuantumToolkit.runWithoutRenderLock(QuantumToolkit.java:389)
	at com.sun.javafx.tk.quantum.GlassViewEventHandler.handleMouseEvent(GlassViewEventHandler.java:416)
	at com.sun.glass.ui.View.handleMouseEvent(View.java:555)
	at com.sun.glass.ui.View.notifyMouse(View.java:937)
	at com.sun.glass.ui.win.WinApplication._runLoop(Native Method)
	at com.sun.glass.ui.win.WinApplication.lambda$null$148(WinApplication.java:191)
	at java.lang.Thread.run(Thread.java:745)
