Сихів
Тарас Гродзіцький
Applicaton is started
initialized
4
Tab added
Tab added
Tab added
Tab added
Selected : Імбир
Selected : Ананас Консервований
Selected : Артишок
Selected : Бекон
Selected : Борошно
Selected : Бринза
Selected : Васабі порошок
Selected : Вершки
Selected : Вугор
Selected : Каперси
Selected : Ковбаса Папероні
Selected : Копчене куряче філе
Selected : Креветка
Selected : Кукурудза консервована
Selected : Лосось
Selected : Лосось копчений
Selected : Мамінорі
Selected : Маслини
Selected : Мисливські Ковбаски 
Selected : Мюнхенські Ковбаски 
Selected : Норі
Selected : Окунь червоний
Selected : Оливки
Selected : Олія оливкова
Selected : Перець болгарський
Selected : Печериці
Selected : Помідори Пелатті
Selected : Рис
Selected : Салат Чука
Selected : Сир Дорблю
Selected : Сир Мармуровий
Selected : Сир Моцарела
Selected : Сир Пармезан
Selected : Сир Фета
Selected : Сир Філадельфія
Selected : Сир тостовий
Selected : Сніжний краб
Selected : Соєвий соус концентрат
Selected : Тобіко червоне
Selected : Тунець
Selected : Тунець консервований
Selected : Шинка
 - Selected : Імбир
 - Selected : Ананас Консервований
 - Selected : Артишок
 - Selected : Бекон
 - Selected : Борошно
 - Selected : Бринза
 - Selected : Васабі порошок
 - Selected : Вершки
 - Selected : Вугор
 - Selected : Каперси
 - Selected : Ковбаса Папероні
 - Selected : Копчене куряче філе
 - Selected : Креветка
 - Selected : Кукурудза консервована
 - Selected : Лосось
 - Selected : Лосось копчений
 - Selected : Мамінорі
 - Selected : Маслини
 - Selected : Мисливські Ковбаски 
 - Selected : Мюнхенські Ковбаски 
 - Selected : Норі
 - Selected : Окунь червоний
 - Selected : Оливки
 - Selected : Олія оливкова
 - Selected : Перець болгарський
 - Selected : Печериці
 - Selected : Помідори Пелатті
 - Selected : Рис
 - Selected : Салат Чука
 - Selected : Сир Дорблю
 - Selected : Сир Мармуровий
 - Selected : Сир Моцарела
 - Selected : Сир Пармезан
 - Selected : Сир Фета
 - Selected : Сир Філадельфія
 - Selected : Сир тостовий
 - Selected : Сніжний краб
 - Selected : Соєвий соус концентрат
 - Selected : Тобіко червоне
 - Selected : Тунець
 - Selected : Тунець консервований
 - Selected : Шинка
ROW_COUNT = 18
Імбир
Авокадо
Ананас Консервований
Анчоус
Апельсин
Артишок
Базилік
Банан
Бекон
Борошно
Борошно Темпура
Бринза
Вакаме
Васабі порошок
Вершки
Вода
Вугор
Гірчиця
Гарбуз
Дріжді
Каперси
Кетчуп
Ковбаса Папероні
Комбо
Копчене куряче філе
Кріп
Креветка
Кукурудза консервована
Кунжут смажений
Лапша
Лимон
Листя салату
Лосось
Лосось копчений
Мірін
Місопаста
Міцукан
Майонез
Мамінорі
Маслини
Масло 72%
Мед
Мисливські Ковбаски 
Морква
Мюнхенські Ковбаски 
Норі
НФ Васабі
НФ Заправка для рису
НФ Рис для суші
НФ Соус Альфредо
НФ Соус Барбекю
НФ Соус від Панди
НФ Соус Горіховий 
НФ Соус соєвий для суші
НФ Соус Спайс
НФ Соус Унагі
НФ Соус Цезар
НФ Суміш Темпура
НФ Тісто для піци
Огірок
Огірок Маринований
Окунь червоний
Олія оливкова
Оливки
Орегано
Перець болгарський
Перець консервований Халапеньйо
Перець мелений
Перець Чілі
Петрушка
Печериці
Полуниця
Помідори
Помідори Пелатті
Помідори Чері
Редька
Рис
Розпушувач
Руккола
Сіль
Салат Айсберг
Салат Чука
Сир Дорблю
Сир Мармуровий
Сир Моцарела
Сир Пармезан
Сир тостовий
Сир Тофу
Сир Філадельфія
Сир Фета
Сніжний краб
Соєвий соус концентрат
Соус Чілі
Стружка тунця
Сухарі
Тобіко червоне
Тунець
Тунець консервований
Хондаші
Цибуля зел
Цибуля Кримська
Цукор
Часник свіжий
Чорний кунжут
Шинка
Широмісу
Шпинат
Яйце перепелине
Помідори Пелатті
Окунь червоний
Анчоус
Сир Фета
Тунець консервований
Продукт/Інгредієнт/НФ
 -  -  -  -  -  - 
Продукт/Інгредієнт/НФ
 -  -  -  -  -  - 
Помідори Пелатті
 - #,### - #,### гр - #,### - #,### гр -  - 
НФ Соус від Панди
 - #,### - #,### гр - #,### - #,### гр -  - 
Помідори Пелатті *NOVI, 1шт/2.500гр
 - #,### банка - #,### гр - #,### банка - #,### гр -  - 

 -  -  -  -  -  - 
Окунь червоний
 - #,### - #,### гр - #,### - #,### гр -  - 
Окунь морский (філе тілапії), в в/у ваговий
 - #,### шт - #,### гр - #,### шт - #,### гр -  - 

 -  -  -  -  -  - 
Анчоус
 - #,### - #,### гр - #,### - #,### гр -  - 
Анчоус *Porticello, 1б/396гр
 - #,### банка - #,### гр - #,### банка - #,### гр -  - 

 -  -  -  -  -  - 
Сир Фета
 - #,### - #,### гр - #,### - #,### гр -  - 
Сир Фета *Premiale, 1шп/0.250гр
 - #,### уп - #,### гр - #,### уп - #,### гр -  - 

 -  -  -  -  -  - 
Тунець консервований
 - #,### - #,### гр - #,### - #,### гр -  - 
Тунець консервований *OceanSteamer, 1уп/0.195гр
 - #,### банка - #,### гр - #,### банка - #,### гр -  - 
Тунець консервований *Fish Line, 1уп/185г
 - #,### банка - #,### гр - #,### банка - #,### гр -  - 
