Сихів
Тарас Гродзіцький
Applicaton is started
initialized
5
Tab added
Tab added
Tab added
Tab added
Tab added
Імбир
Авокадо
Ананас Консервований
Анчоус
Апельсин
Артишок
Базилік
Банан
Бекон
Борошно
Борошно Темпура
Бринза
Вакаме
Васабі порошок
Вершки
Вода
Вугор
Гірчиця
Гарбуз
Дріжді
Каперси
Кетчуп
Ковбаса Папероні
Комбо
Копчене куряче філе
Кріп
Креветка
Кукурудза консервована
Кунжут смажений
Лапша
Лимон
Листя салату
Лосось
Лосось копчений
Мірін
Місопаста
Міцукан
Майонез
Мамінорі
Маслини
Масло 72%
Мед
Мисливські Ковбаски 
Морква
Мюнхенські Ковбаски 
Норі
НФ Васабі
НФ Заправка для рису
НФ Рис для суші
НФ Соус Альфредо
НФ Соус Барбекю
НФ Соус від Панди
НФ Соус Горіховий 
НФ Соус соєвий для суші
НФ Соус Спайс
НФ Соус Унагі
НФ Соус Цезар
НФ Суміш Темпура
НФ Тісто для піци
Огірок
Огірок Маринований
Окунь червоний
Олія оливкова
Оливки
Орегано
Перець болгарський
Перець консервований Халапеньйо
Перець мелений
Перець Чілі
Петрушка
Печериці
Полуниця
Помідори
Помідори Пелатті
Помідори Чері
Редька
Рис
Розпушувач
Руккола
Сіль
Салат Айсберг
Салат Чука
Сир Дорблю
Сир Мармуровий
Сир Моцарела
Сир Пармезан
Сир тостовий
Сир Тофу
Сир Філадельфія
Сир Фета
Сніжний краб
Соєвий соус концентрат
Соус Чілі
Стружка тунця
Сухарі
Тобіко червоне
Тунець
Тунець консервований
Хондаші
Цибуля зел
Цибуля Кримська
Цукор
Часник свіжий
Чорний кунжут
Шинка
Широмісу
Шпинат
Яйце перепелине

##############
1025 - 16.05.17 - Сихів

--- Рахуємо : Лосось копчений
------Додаємо 1436 з попередньої інвентаризації
------Додаємо 0 з переміщення
------Віднімаємо 280 з розходу

--- Рахуємо : Лосось копчений *ФОП Глухов
------Додаємо 7985 з попередньої інвентаризації
------Додаємо 0 з приходу
------Додаємо 0 з переміщення
------Розроблено 0 отримано 0
------Вага продукту: 7985
------Переводимо з коеф 1.32 отримуємо 6049

--- Рахуємо : Лосось Х/К філе, в в/у ваговий, С.Х.
------Додаємо 2140 з попередньої інвентаризації
------Додаємо 0 з приходу
------Додаємо 0 з переміщення
------Розроблено 0 отримано 0
------Вага продукту: 2140
------Переводимо з коеф 1.3 отримуємо 1646

 ------Порахована вага : 8851 ------

##############
1024 - 16.05.17 - Сихів

--- Рахуємо : Тунець
------Додаємо 46 з попередньої інвентаризації
------Додаємо 0 з переміщення
------Віднімаємо 115 з розходу

--- Рахуємо : Тунець ваговий *yellowfin
------Додаємо 3010 з попередньої інвентаризації
------Додаємо 0 з приходу
------Додаємо 0 з переміщення
------Розроблено 267 отримано 251
------Вага продукту: 2743
------Переводимо з коеф 1.09214 отримуємо 2511

 ------Порахована вага : 2693 ------

##############
1041 - 16.05.17 - Сихів

--- Рахуємо : Ананас Консервований
------Додаємо 180 з попередньої інвентаризації
------Додаємо 0 з переміщення
------Віднімаємо 130 з розходу

--- Рахуємо : Ананас консервований *ARO, 1уп/490г
------Додаємо 5390 з попередньої інвентаризації
------Додаємо 0 з приходу
------Додаємо 0 з переміщення
------Розроблено 0 отримано 0
------Вага продукту: 5390
------Переводимо з коеф 1.0 отримуємо 5390

 ------Порахована вага : 5440 ------

##############
1032 - 16.05.17 - Сихів

--- Рахуємо : Сир Мармуровий
------Додаємо 612 з попередньої інвентаризації
------Додаємо 0 з переміщення
------Віднімаємо 120 з розходу

--- Рахуємо : Сир Мармуровий *Чортків, ваговий 
------Додаємо 555 з попередньої інвентаризації
------Додаємо 1600 з приходу
------Додаємо 0 з переміщення
------Розроблено 0 отримано 0
------Вага продукту: 2155
------Переводимо з коеф 1.02 отримуємо 2112

 ------Порахована вага : 2604 ------

##############
1044 - 16.05.17 - Сихів

--- Рахуємо : Артишок
------Додаємо 510 з попередньої інвентаризації
------Додаємо 0 з переміщення
------Віднімаємо 40 з розходу

--- Рахуємо : Артишок *iGoloSi ,1уп/1.7кг
------Додаємо 1700 з попередньої інвентаризації
------Додаємо 0 з приходу
------Додаємо 0 з переміщення
------Розроблено 0 отримано 0
------Вага продукту: 1700
------Переводимо з коеф 1.42 отримуємо 1197

 ------Порахована вага : 1667 ------
ROW_COUNT = 17
Лосось копчений
Тунець
Ананас Консервований
Сир Мармуровий
Артишок
Продукт/Інгредієнт/НФ
 -  -  -  -  -  - 
Продукт/Інгредієнт/НФ
 -  -  -  -  -  - 
Лосось копчений
 - #,### - #,### гр - #,### - #,### гр -  - 
Лосось Х/К філе, в в/у ваговий, С.Х.
 - #,### шт - #,### гр - #,### шт - #,### гр -  - 
Лосось копчений *ФОП Глухов
 - #,### шт - #,### гр - #,### шт - #,### гр -  - 

 -  -  -  -  -  - 
Тунець
 - #,### - #,### гр - #,### - #,### гр -  - 
Тунець ваговий *yellowfin
 - #,### шт - #,### гр - #,### шт - #,### гр -  - 

 -  -  -  -  -  - 
Ананас Консервований
 - #,### - #,### гр - #,### - #,### гр -  - 
Ананас консервований *ARO, 1уп/490г
 - #,### банка - #,### гр - #,### банка - #,### гр -  - 

 -  -  -  -  -  - 
Сир Мармуровий
 - #,### - #,### гр - #,### - #,### гр -  - 
Сир Мармуровий *Чортків, ваговий 
 - #,### - #,### гр - #,### - #,### гр -  - 

 -  -  -  -  -  - 
Артишок
 - #,### - #,### гр - #,### - #,### гр -  - 
Артишок *iGoloSi ,1уп/1.7кг
 - #,### уп - #,### гр - #,### уп - #,### гр -  - 
