Сихів
Тарас Гродзіцький
Applicaton is started
initialized
5
Tab added
Tab added
Tab added
Tab added
Tab added
Selected : Бринза
Selected : Вершки
Selected : Ковбаса Папероні
Selected : Сир Дорблю
Selected : Тунець консервований
 - Selected : Бринза
 - Selected : Вершки
 - Selected : Ковбаса Папероні
 - Selected : Сир Дорблю
 - Selected : Тунець консервований
Імбир
Авокадо
Ананас Консервований
Анчоус
Апельсин
Артишок
Базилік
Банан
Бекон
Борошно
Борошно Темпура
Бринза
Вакаме
Васабі порошок
Вершки
Вода
Вугор
Гірчиця
Гарбуз
Дріжді
Каперси
Кетчуп
Ковбаса Папероні
Комбо
Копчене куряче філе
Кріп
Креветка
Кукурудза консервована
Кунжут смажений
Лапша
Лимон
Листя салату
Лосось
Лосось копчений
Мірін
Місопаста
Міцукан
Майонез
Мамінорі
Маслини
Масло 72%
Мед
Мисливські Ковбаски 
Морква
Мюнхенські Ковбаски 
Норі
НФ Васабі
НФ Заправка для рису
НФ Рис для суші
НФ Соус Альфредо
НФ Соус Барбекю
НФ Соус від Панди
НФ Соус Горіховий 
НФ Соус соєвий для суші
НФ Соус Спайс
НФ Соус Унагі
НФ Соус Цезар
НФ Суміш Темпура
НФ Тісто для піци
Огірок
Огірок Маринований
Окунь червоний
Олія оливкова
Оливки
Орегано
Перець болгарський
Перець консервований Халапеньйо
Перець мелений
Перець Чілі
Петрушка
Печериці
Полуниця
Помідори
Помідори Пелатті
Помідори Чері
Редька
Рис
Розпушувач
Руккола
Сіль
Салат Айсберг
Салат Чука
Сир Дорблю
Сир Мармуровий
Сир Моцарела
Сир Пармезан
Сир тостовий
Сир Тофу
Сир Філадельфія
Сир Фета
Сніжний краб
Соєвий соус концентрат
Соус Чілі
Стружка тунця
Сухарі
Тобіко червоне
Тунець
Тунець консервований
Хондаші
Цибуля зел
Цибуля Кримська
Цукор
Часник свіжий
Чорний кунжут
Шинка
Широмісу
Шпинат
Яйце перепелине

##############
1074 - 17.05.17 - Сихів

--- Рахуємо : Бринза
------Додаємо 200 з попередньої інвентаризації
------Додаємо 0 з переміщення
------Віднімаємо 0 з розходу

--- Рахуємо : Сир Бринза *Premiale 1уп/0.250гр
------Додаємо 750 з попередньої інвентаризації
------Додаємо 0 з приходу
------Додаємо 0 з переміщення
------Розроблено 0 отримано 0
------Вага продукту: 750
------Переводимо з коеф 1.06 отримуємо 707

 ------Порахована вага : 907 ------

##############
1088 - 17.05.17 - Сихів

--- Рахуємо : Вершки
------Додаємо 500 з попередньої інвентаризації
------Додаємо 0 з переміщення
------Віднімаємо 0 з розходу

--- Рахуємо : НФ Соус Альфредо
------Додаємо 700 з попередньої інвентаризації
------Додаємо 0 з переміщення
------Віднімаємо 1500 з розходу
------З коефіцієнтом 0.8718395815170009 переводимо в інг. Рез : -697

--- Рахуємо : Вершки 30% *СмачноШеф ,1уп/1л
------Додаємо 2000 з попередньої інвентаризації
------Додаємо 6000 з приходу
------Додаємо 0 з переміщення
------Розроблено 0 отримано 0
------Вага продукту: 8000
------Переводимо з коеф 1.02 отримуємо 7843

 ------Порахована вага : 7646 ------

##############
1019 - 17.05.17 - Сихів

--- Рахуємо : Ковбаса Папероні
------Додаємо 521 з попередньої інвентаризації
------Додаємо 0 з переміщення
------Віднімаємо 1650 з розходу

--- Рахуємо : Ковбаса Папероні *Глобино вагова
------Додаємо 5400 з попередньої інвентаризації
------Додаємо 7224 з приходу
------Додаємо 0 з переміщення
------Розроблено 0 отримано 0
------Вага продукту: 12624
------Переводимо з коеф 1.12 отримуємо 11271

 ------Порахована вага : 10142 ------

##############
1046 - 17.05.17 - Сихів

--- Рахуємо : Сир Дорблю
------Додаємо 340 з попередньої інвентаризації
------Додаємо 0 з переміщення
------Віднімаємо 210 з розходу

--- Рахуємо : Сир Дорблю ваговий
------Додаємо 880 з попередньої інвентаризації
------Додаємо 1180 з приходу
------Додаємо 0 з переміщення
------Розроблено 0 отримано 0
------Вага продукту: 2060
------Переводимо з коеф 1.02 отримуємо 2019

 ------Порахована вага : 2149 ------

##############
1056 - 17.05.17 - Сихів

--- Рахуємо : Тунець консервований
------Додаємо 90 з попередньої інвентаризації
------Додаємо 0 з переміщення
------Віднімаємо 0 з розходу

--- Рахуємо : Тунець консервований *OceanSteamer, 1уп/0.195гр
------Додаємо 3705 з попередньої інвентаризації
------Додаємо 0 з приходу
------Додаємо 0 з переміщення
------Розроблено 0 отримано 0
------Вага продукту: 3705
------Переводимо з коеф 1.39 отримуємо 2665

--- Рахуємо : Тунець консервований *Fish Line, 1уп/185г
------Додаємо 925 з попередньої інвентаризації
------Додаємо 0 з приходу
------Додаємо 0 з переміщення
------Розроблено 0 отримано 0
------Вага продукту: 925
------Переводимо з коеф 1.39 отримуємо 665

 ------Порахована вага : 3420 ------
ROW_COUNT = 18
Бринза
Вершки
Ковбаса Папероні
Сир Дорблю
Тунець консервований
Продукт/Інгредієнт/НФ
 -  -  -  -  -  - 
Продукт/Інгредієнт/НФ
 -  -  -  -  -  - 
Бринза
 - #,### - #,### гр - #,### - #,### гр -  - 
Сир Бринза *Premiale 1уп/0.250гр
 - #,### уп - #,### гр - #,### уп - #,### гр -  - 

 -  -  -  -  -  - 
Вершки
 - #,### - #,### гр - #,### - #,### гр -  - 
НФ Соус Альфредо
 - #,### - #,### гр - #,### - #,### гр -  - 
Вершки 30% *СмачноШеф ,1уп/1л
 - #,### уп - #,### гр - #,### уп - #,### гр -  - 

 -  -  -  -  -  - 
Ковбаса Папероні
 - #,### - #,### гр - #,### - #,### гр -  - 
Ковбаса Папероні *Глобино вагова
 - #,### шт - #,### гр - #,### шт - #,### гр -  - 

 -  -  -  -  -  - 
Сир Дорблю
 - #,### - #,### гр - #,### - #,### гр -  - 
Сир Дорблю ваговий
 - #,### - #,### гр - #,### - #,### гр -  - 

 -  -  -  -  -  - 
Тунець консервований
 - #,### - #,### гр - #,### - #,### гр -  - 
Тунець консервований *OceanSteamer, 1уп/0.195гр
 - #,### банка - #,### гр - #,### банка - #,### гр -  - 
Тунець консервований *Fish Line, 1уп/185г
 - #,### банка - #,### гр - #,### банка - #,### гр -  - 
 ---- Рахуємо введенне нето для Бринза
--------------Додаємо 193.0 грам
 ---- Рахуємо введенне нето для Сир Бринза *Premiale 1уп/0.250гр
 ---- Рахуємо введенне нето для Вершки
--------------Додаємо 0.0 грам
 ---- Рахуємо введенне нето для НФ Соус Альфредо
 ---- Рахуємо введенне нето для Вершки 30% *СмачноШеф ,1уп/1л
 ---- Рахуємо введенне нето для Ковбаса Папероні
--------------Додаємо 946.0 грам
 ---- Рахуємо введенне нето для Ковбаса Папероні *Глобино вагова
 ---- Рахуємо введенне нето для Сир Дорблю
--------------Додаємо 118.0 грам
 ---- Рахуємо введенне нето для Сир Дорблю ваговий
 ---- Рахуємо введенне нето для Тунець консервований
--------------Додаємо 90.0 грам
 ---- Рахуємо введенне нето для Тунець консервований *OceanSteamer, 1уп/0.195гр
 ---- Рахуємо введенне нето для Тунець консервований *Fish Line, 1уп/185г
ROW_COUNT = 18
Бринза
Вершки
Ковбаса Папероні
Сир Дорблю
Тунець консервований
Продукт/Інгредієнт/НФ
 -  -  -  -  -  - 
Продукт/Інгредієнт/НФ
 -  -  -  -  -  - 
Бринза
 - #,### - #,### гр - #,### - #,### гр -  - 
Сир Бринза *Premiale 1уп/0.250гр
 - #,### уп - #,### гр - #,### уп - #,### гр -  - 

 -  -  -  -  -  - 
Вершки
 - #,### - #,### гр - #,### - #,### гр -  - 
НФ Соус Альфредо
 - #,### - #,### гр - #,### - #,### гр -  - 
Вершки 30% *СмачноШеф ,1уп/1л
 - #,### уп - #,### гр - #,### уп - #,### гр -  - 

 -  -  -  -  -  - 
Ковбаса Папероні
 - #,### - #,### гр - #,### - #,### гр -  - 
Ковбаса Папероні *Глобино вагова
 - #,### шт - #,### гр - #,### шт - #,### гр -  - 

 -  -  -  -  -  - 
Сир Дорблю
 - #,### - #,### гр - #,### - #,### гр -  - 
Сир Дорблю ваговий
 - #,### - #,### гр - #,### - #,### гр -  - 

 -  -  -  -  -  - 
Тунець консервований
 - #,### - #,### гр - #,### - #,### гр -  - 
Тунець консервований *OceanSteamer, 1уп/0.195гр
 - #,### банка - #,### гр - #,### банка - #,### гр -  - 
Тунець консервований *Fish Line, 1уп/185г
 - #,### банка - #,### гр - #,### банка - #,### гр -  - 
fillTotalSheet
fillConsumptionSheet
1056
3124
3160
1088
1706
3018
1074
3011
1046
3099
1019
3036
adding to list
clearing dishmap
sorting list
start write
end write
fillPurchaseSheet
fillShiftSheet
fillRozrobkaSheet
fillProdSheet
fillIngredientSheet
fillProdIngSheet
fillTehcardSheet
fillTotalSheet
fillConsumptionSheet
1024
3123
1025
3055
3167
1041
3140
1044
3005
1032
3100
adding to list
clearing dishmap
sorting list
start write
end write
fillPurchaseSheet
fillShiftSheet
fillRozrobkaSheet
fillProdSheet
fillIngredientSheet
fillProdIngSheet
fillTehcardSheet
