Сихів
Тарас Гродзіцький
Applicaton is started
initialized
5
Tab added
Tab added
Tab added
Tab added
Tab added
Імбир
Авокадо
Ананас Консервований
Анчоус
Апельсин
Артишок
Базилік
Банан
Бекон
Борошно
Борошно Темпура
Бринза
Вакаме
Васабі порошок
Вершки
Вода
Вугор
Гірчиця
Гарбуз
Дріжді
Каперси
Кетчуп
Ковбаса Папероні
Комбо
Копчене куряче філе
Кріп
Креветка
Кукурудза консервована
Кунжут смажений
Лапша
Лимон
Листя салату
Лосось
Лосось копчений
Мірін
Місопаста
Міцукан
Майонез
Мамінорі
Маслини
Масло 72%
Мед
Мисливські Ковбаски 
Морква
Мюнхенські Ковбаски 
Норі
НФ Васабі
НФ Заправка для рису
НФ Рис для суші
НФ Соус Альфредо
НФ Соус Барбекю
НФ Соус від Панди
НФ Соус Горіховий 
НФ Соус соєвий для суші
НФ Соус Спайс
НФ Соус Унагі
НФ Соус Цезар
НФ Суміш Темпура
НФ Тісто для піци
Огірок
Огірок Маринований
Окунь червоний
Олія оливкова
Оливки
Орегано
Перець болгарський
Перець консервований Халапеньйо
Перець мелений
Перець Чілі
Петрушка
Печериці
Полуниця
Помідори
Помідори Пелатті
Помідори Чері
Редька
Рис
Розпушувач
Руккола
Сіль
Салат Айсберг
Салат Чука
Сир Дорблю
Сир Мармуровий
Сир Моцарела
Сир Пармезан
Сир тостовий
Сир Тофу
Сир Філадельфія
Сир Фета
Сніжний краб
Соєвий соус концентрат
Соус Чілі
Стружка тунця
Сухарі
Тобіко червоне
Тунець
Тунець консервований
Хондаші
Цибуля зел
Цибуля Кримська
Цукор
Часник свіжий
Чорний кунжут
Шинка
Широмісу
Шпинат
Яйце перепелине

##############
1001 - 18.05.17 - Сихів

--- Рахуємо : Рис
------Додаємо 5305 з попередньої інвентаризації
------Додаємо 0 з переміщення
------Віднімаємо 0 з розходу

--- Рахуємо : НФ Рис для суші
------Додаємо 3640 з попередньої інвентаризації
------Додаємо 0 з переміщення
------Віднімаємо 43580 з розходу
------З коефіцієнтом 0.4764930114358323 переводимо в інг. Рез : -19031

--- Рахуємо : Рис для суші *Sun West, 1шт/22.680гр
------Додаємо 136080 з попередньої інвентаризації
------Додаємо 0 з приходу
------Додаємо 0 з переміщення
------Розроблено 0 отримано 0
------Вага продукту: 136080
------Переводимо з коеф 0.99 отримуємо 137454

 ------Порахована вага : 123728 ------

##############
1017 - 18.05.17 - Сихів

--- Рахуємо : Вугор
------Додаємо 524 з попередньої інвентаризації
------Додаємо 0 з переміщення
------Віднімаємо 1235 з розходу

--- Рахуємо : НФ Соус Унагі
------Додаємо 704 з попередньої інвентаризації
------Додаємо 0 з переміщення
------Віднімаємо 843 з розходу
------З коефіцієнтом 0.08108108108108109 переводимо в інг. Рез : -11

--- Рахуємо : Вугор обсмажений "Unagi Gold" Premium
------Додаємо 0 з попередньої інвентаризації
------Додаємо 6300 з приходу
------Додаємо 0 з переміщення
------Розроблено 0 отримано 0
------Вага продукту: 6300
------Переводимо з коеф 1.405 отримуємо 4483

--- Рахуємо : Вугор *JnP 9 ,в в/у ваговий
------Додаємо 3300 з попередньої інвентаризації
------Додаємо 0 з приходу
------Додаємо -250 з переміщення
------Розроблено 2803 отримано 1857
------Вага продукту: 247
------Переводимо з коеф 1.53824 отримуємо 160

 ------Порахована вага : 5778 ------

##############
1046 - 18.05.17 - Сихів

--- Рахуємо : Сир Дорблю
------Додаємо 118 з попередньої інвентаризації
------Додаємо -90 з переміщення
------Віднімаємо 190 з розходу

--- Рахуємо : Сир Дорблю ваговий
------Додаємо 2065 з попередньої інвентаризації
------Додаємо 0 з приходу
------Додаємо 0 з переміщення
------Розроблено 0 отримано 0
------Вага продукту: 2065
------Переводимо з коеф 1.02 отримуємо 2024

 ------Порахована вага : 1862 ------

##############
1032 - 18.05.17 - Сихів

--- Рахуємо : Сир Мармуровий
------Додаємо 481 з попередньої інвентаризації
------Додаємо 0 з переміщення
------Віднімаємо 410 з розходу

--- Рахуємо : Сир Мармуровий *Чортків, ваговий 
------Додаємо 2113 з попередньої інвентаризації
------Додаємо 0 з приходу
------Додаємо 0 з переміщення
------Розроблено 0 отримано 0
------Вага продукту: 2113
------Переводимо з коеф 1.02 отримуємо 2071

 ------Порахована вага : 2142 ------

##############
1039 - 18.05.17 - Сихів

--- Рахуємо : Маслини
------Додаємо 1473 з попередньої інвентаризації
------Додаємо 0 з переміщення
------Віднімаємо 330 з розходу

--- Рахуємо : Маслини *Iberica, 1уп/0.115гр
------Додаємо 1840 з попередньої інвентаризації
------Додаємо 0 з приходу
------Додаємо 0 з переміщення
------Розроблено 0 отримано 0
------Вага продукту: 1840
------Переводимо з коеф 1.03 отримуємо 1786

 ------Порахована вага : 2929 ------
ROW_COUNT = 19
Рис
Вугор
Сир Дорблю
Сир Мармуровий
Маслини
Продукт/Інгредієнт/НФ
 -  -  -  -  -  - 
Продукт/Інгредієнт/НФ
 -  -  -  -  -  - 
Рис
 - #,### - #,### гр - #,### - #,### гр -  - 
НФ Рис для суші
 - #,### - #,### гр - #,### - #,### гр -  - 
Рис для суші *Sun West, 1шт/22.680гр
 - #,### мішок - #,### гр - #,### мішок - #,### гр -  - 

 -  -  -  -  -  - 
Вугор
 - #,### - #,### гр - #,### - #,### гр -  - 
НФ Соус Унагі
 - #,### - #,### гр - #,### - #,### гр -  - 
Вугор *JnP 9 ,в в/у ваговий
 - #,### шт - #,### гр - #,### шт - #,### гр -  - 
Вугор обсмажений "Unagi Gold" Premium
 - #,### шт - #,### гр - #,### шт - #,### гр -  - 

 -  -  -  -  -  - 
Сир Дорблю
 - #,### - #,### гр - #,### - #,### гр -  - 
Сир Дорблю ваговий
 - #,### - #,### гр - #,### - #,### гр -  - 

 -  -  -  -  -  - 
Сир Мармуровий
 - #,### - #,### гр - #,### - #,### гр -  - 
Сир Мармуровий *Чортків, ваговий 
 - #,### - #,### гр - #,### - #,### гр -  - 

 -  -  -  -  -  - 
Маслини
 - #,### - #,### гр - #,### - #,### гр -  - 
Маслини *Iberica, 1уп/0.115гр
 - #,### банка - #,### гр - #,### банка - #,### гр -  - 
