Сихів
Тарас Гродзіцький
Applicaton is started
initialized
Selected : Вугор
Selected : Каперси
Selected : Сир Дорблю
Selected : Сир Мармуровий
Selected : Тунець
 - Selected : Вугор
 - Selected : Каперси
 - Selected : Сир Дорблю
 - Selected : Сир Мармуровий
 - Selected : Тунець
Kikkoman Концентрат
Імбир
Авокадо
Ананас Консервований
Апельсин
Артишок
Базилік
Банан
Бекон
Борошно
Борошно Темпура
Бринза
Вакаме
Васабі порошок
Вершки
Вода
Вугор
Гірчиця
Дріжді
Каперси
Кетчуп
Ковбаса Папероні
Комбо
Копчене куряче філе
Кріп
Креветка
Кукурудза консервована
Кунжут смажений
Лапша
Лимон
Листя салату
Лосось
Лосось копчений
Мірін
Місопаста
Міцукан
Майонез
Мамінорі
Маслини
Масло 72%
Мед
Мисливські Ковбаски 
Морква
Мюнхенські Ковбаски 
Норі
НФ Васабі
НФ Заправка для рису
НФ Рис для суші
НФ Соус Альфредо
НФ Соус Барбекю
НФ Соус від Панди
НФ Соус Горіховий 
НФ Соус соєвий для суші
НФ Соус Спайс
НФ Соус Унагі
НФ Соус Цезар
НФ Суміш Темпура
НФ Тісто для піци
Огірок
Огірок Маринований
Окунь червоний
Олія оливкова
Оливки
Орегано
Перець болгарський
Перець мелений
Перець Чілі
Петрушка
Печериці
Полуниця
Помідори
Помідори Пелатті
Помідори Чері
Рис
Розпушувач
Руккола
Сіль
Салат Айсберг
Салат Чука
Сир Дорблю
Сир Мармуровий
Сир Моцарела
Сир Пармезан
Сир тостовий
Сир Тофу
Сир Філадельфія
Сир Фета
Сніжний краб
Соус Чілі
Стружка тунця
Сухарі
Тобіко червоне
Тунець
Тунець консервований
Хондаші
Цибуля зел
Цибуля Кримська
Цукор
Часник свіжий
Чорний кунжут
Шинка
Широмісу
Шпинат
Яйце перепелине

##############
1017 - 24.04.17 - Сихів

--- Рахуємо : Вугор
------Додаємо 146 з попередньої інвентаризації
------Додаємо 0 з переміщення
------Віднімаємо 3495 з розходу

--- Рахуємо : НФ Соус Унагі
------Додаємо 410 з попередньої інвентаризації
------Додаємо 0 з переміщення
------Віднімаємо 2468 з розходу
------З коефіцієнтом 0.08108108108108109 переводимо в інг. Рез : -166

--- Рахуємо : Вугор *JnP 9 N ,в в/у ваговий
------Додаємо 4625 з попередньої інвентаризації
------Додаємо 10330 з приходу
------Додаємо 0 з переміщення
------Розроблено 5571 отримано 2860
------Переводимо з коеф 1.93952 отримуємо 10583

##############
1045 - 24.04.17 - Сихів

--- Рахуємо : Каперси
------Додаємо 300 з попередньої інвентаризації
------Додаємо 0 з переміщення
------Віднімаємо 315 з розходу

--- Рахуємо : Каперси *VariaGusto, 1банка/120г
------Додаємо 240 з попередньої інвентаризації
------Додаємо 240 з приходу
------Додаємо 0 з переміщення
------Розроблено 0 отримано 0
------Переводимо з коеф 1.01 отримуємо 475

##############
1046 - 24.04.17 - Сихів

--- Рахуємо : Сир Дорблю
------Додаємо 135 з попередньої інвентаризації
------Додаємо 0 з переміщення
------Віднімаємо 1170 з розходу

--- Рахуємо : Сир Дорблю ваговий
------Додаємо 850 з попередньої інвентаризації
------Додаємо 1140 з приходу
------Додаємо 0 з переміщення
------Розроблено 0 отримано 0
------Переводимо з коеф 1.43 отримуємо 1391

##############
1032 - 24.04.17 - Сихів

--- Рахуємо : Сир Мармуровий
------Додаємо 520 з попередньої інвентаризації
------Додаємо 0 з переміщення
------Віднімаємо 1750 з розходу

--- Рахуємо : Сир Мармуровий *Чортків, ваговий 
------Додаємо 720 з попередньої інвентаризації
------Додаємо 1015 з приходу
------Додаємо 0 з переміщення
------Розроблено 0 отримано 0
------Переводимо з коеф 1.02 отримуємо 1700

##############
1024 - 24.04.17 - Сихів

--- Рахуємо : Тунець
------Додаємо 317 з попередньої інвентаризації
------Додаємо 0 з переміщення
------Віднімаємо 2555 з розходу

--- Рахуємо : Тунець ваговий *yellowfin
------Додаємо 4621 з попередньої інвентаризації
------Додаємо 1490 з приходу
------Додаємо 0 з переміщення
------Розроблено 2391 отримано 2080
------Переводимо з коеф 1.1375 отримуємо 7474
ROW_COUNT = 17
Вугор
Каперси
Сир Дорблю
Сир Мармуровий
Тунець
Продукт/Інгредієнт/НФ
 -  -  -  -  -  - 
Продукт/Інгредієнт/НФ
 -  -  -  -  -  - 
Вугор
 - #,### - #,### гр - #,### - #,### гр -  - 
НФ Соус Унагі
 - #,### - #,### гр - #,### - #,### гр -  - 
Вугор *JnP 9 N ,в в/у ваговий
 - #,### шт - #,### гр - #,### шт - #,### гр -  - 

 -  -  -  -  -  - 
Каперси
 - #,### - #,### гр - #,### - #,### гр -  - 
Каперси *VariaGusto, 1банка/120г
 - #,### банка - #,### гр - #,### банка - #,### гр -  - 

 -  -  -  -  -  - 
Сир Дорблю
 - #,### - #,### гр - #,### - #,### гр -  - 
Сир Дорблю ваговий
 - #,### - #,### гр - #,### - #,### гр -  - 

 -  -  -  -  -  - 
Сир Мармуровий
 - #,### - #,### гр - #,### - #,### гр -  - 
Сир Мармуровий *Чортків, ваговий 
 - #,### - #,### гр - #,### - #,### гр -  - 

 -  -  -  -  -  - 
Тунець
 - #,### - #,### гр - #,### - #,### гр -  - 
Тунець ваговий *yellowfin
 - #,### шт - #,### гр - #,### шт - #,### гр -  - 
ROW_COUNT = 17
Вугор
Каперси
Сир Дорблю
Сир Мармуровий
Тунець
Продукт/Інгредієнт/НФ
 -  -  -  -  -  - 
Продукт/Інгредієнт/НФ
 -  -  -  -  -  - 
Вугор
 - #,### - #,### гр - #,### - #,### гр -  - 
НФ Соус Унагі
 - #,### - #,### гр - #,### - #,### гр -  - 
Вугор *JnP 9 N ,в в/у ваговий
 - #,### шт - #,### гр - #,### шт - #,### гр -  - 

 -  -  -  -  -  - 
Каперси
 - #,### - #,### гр - #,### - #,### гр -  - 
Каперси *VariaGusto, 1банка/120г
 - #,### банка - #,### гр - #,### банка - #,### гр -  - 

 -  -  -  -  -  - 
Сир Дорблю
 - #,### - #,### гр - #,### - #,### гр -  - 
Сир Дорблю ваговий
 - #,### - #,### гр - #,### - #,### гр -  - 

 -  -  -  -  -  - 
Сир Мармуровий
 - #,### - #,### гр - #,### - #,### гр -  - 
Сир Мармуровий *Чортків, ваговий 
 - #,### - #,### гр - #,### - #,### гр -  - 

 -  -  -  -  -  - 
Тунець
 - #,### - #,### гр - #,### - #,### гр -  - 
Тунець ваговий *yellowfin
 - #,### шт - #,### гр - #,### шт - #,### гр -  - 
ROW_COUNT = 17
Вугор
Каперси
Сир Дорблю
Сир Мармуровий
Тунець
Продукт/Інгредієнт/НФ
 -  -  -  -  -  - 
Продукт/Інгредієнт/НФ
 -  -  -  -  -  - 
Вугор
 - #,### - #,### гр - #,### - #,### гр -  - 
НФ Соус Унагі
 - #,### - #,### гр - #,### - #,### гр -  - 
Вугор *JnP 9 N ,в в/у ваговий
 - #,### шт - #,### гр - #,### шт - #,### гр -  - 

 -  -  -  -  -  - 
Каперси
 - #,### - #,### гр - #,### - #,### гр -  - 
Каперси *VariaGusto, 1банка/120г
 - #,### банка - #,### гр - #,### банка - #,### гр -  - 

 -  -  -  -  -  - 
Сир Дорблю
 - #,### - #,### гр - #,### - #,### гр -  - 
Сир Дорблю ваговий
 - #,### - #,### гр - #,### - #,### гр -  - 

 -  -  -  -  -  - 
Сир Мармуровий
 - #,### - #,### гр - #,### - #,### гр -  - 
Сир Мармуровий *Чортків, ваговий 
 - #,### - #,### гр - #,### - #,### гр -  - 

 -  -  -  -  -  - 
Тунець
 - #,### - #,### гр - #,### - #,### гр -  - 
Тунець ваговий *yellowfin
 - #,### шт - #,### гр - #,### шт - #,### гр -  - 
