Сихів
Тарас Гродзіцький
Applicaton is started
initialized
5
Tab added
Tab added
Tab added
Tab added
Tab added
Selected : Копчене куряче філе
Selected : Лосось
Selected : Огірок Маринований
Selected : Оливки
Selected : Перець консервований Халапеньйо
 - Selected : Копчене куряче філе
 - Selected : Лосось
 - Selected : Огірок Маринований
 - Selected : Оливки
 - Selected : Перець консервований Халапеньйо
Імбир
Авокадо
Ананас Консервований
Анчоус
Апельсин
Артишок
Базилік
Банан
Бекон
Борошно
Борошно Темпура
Бринза
Вакаме
Васабі порошок
Вершки
Вода
Вугор
Гірчиця
Гарбуз
Дріжді
Каперси
Кетчуп
Ковбаса Папероні
Комбо
Копчене куряче філе
Кріп
Креветка
Кукурудза консервована
Кунжут смажений
Лапша
Лимон
Листя салату
Лосось
Лосось копчений
Мірін
Місопаста
Міцукан
Майонез
Мамінорі
Мамінорі рожеве
Маслини
Масло 72%
Мед
Мисливські Ковбаски 
Морква
Мюнхенські Ковбаски 
Норі
НФ Васабі
НФ Заправка для рису
НФ Рис для суші
НФ Соус Альфредо
НФ Соус Барбекю
НФ Соус від Панди
НФ Соус Горіховий 
НФ Соус соєвий для суші
НФ Соус Спайс
НФ Соус Унагі
НФ Соус Цезар
НФ Суміш Темпура
НФ Тісто для піци
Огірок
Огірок Маринований
Окунь червоний
Олія оливкова
Оливки
Орегано
Перець болгарський
Перець консервований Халапеньйо
Перець мелений
Перець Чілі
Петрушка
Печериці
Полуниця
Помідори
Помідори Пелатті
Помідори Чері
Редька
Рис
Розпушувач
Руккола
Сіль
Салат Айсберг
Салат Чука
Сир Дорблю
Сир Мармуровий
Сир Моцарела
Сир Пармезан
Сир тостовий
Сир Тофу
Сир Філадельфія
Сир Фета
Сніжний краб
Соєвий соус концентрат
Соус Чілі
Стружка тунця
Сухарі
Тобіко червоне
Тунець
Тунець консервований
Хондаші
Цибуля зел
Цибуля Кримська
Цукор
Часник свіжий
Чорний кунжут
Шинка
Широмісу
Шпинат
Яйце перепелине

##############
1016 - 26.05.17 - Сихів

--- Рахуємо : Копчене куряче філе
------Додаємо 728 з попередньої інвентаризації
------Додаємо 0 з переміщення
------Віднімаємо 2155 з розходу

--- Рахуємо : Копчене куряче філе *ІКО, вагове
------Додаємо 78237 з попередньої інвентаризації
------Додаємо 0 з приходу
------Додаємо 0 з переміщення
------Розроблено 0 отримано 0
------Вага продукту: 78237
------Переводимо з коеф 1.06 отримуємо 73808

 ------Порахована вага : 72381 ------

##############
1009 - 26.05.17 - Сихів

--- Рахуємо : Лосось
------Додаємо 34961 з попередньої інвентаризації
------Додаємо -120 з переміщення
------Віднімаємо 8635 з розходу

--- Рахуємо : Лосось філе ваговий
------Додаємо 0 з попередньої інвентаризації
------Додаємо 0 з приходу
------Додаємо 0 з переміщення
------Розроблено 0 отримано 0
------Вага продукту: 0
------Переводимо з коеф 1.316 отримуємо 0

 ------Порахована вага : 26206 ------

##############
1037 - 26.05.17 - Сихів

--- Рахуємо : Огірок Маринований
------Додаємо 4100 з попередньої інвентаризації
------Додаємо 0 з переміщення
------Віднімаємо 5980 з розходу

--- Рахуємо : Огірок Маринований ваговий
------Додаємо 0 з попередньої інвентаризації
------Додаємо 0 з приходу
------Додаємо 0 з переміщення
------Розроблено 0 отримано 0
------Вага продукту: 0
------Переводимо з коеф 1.25 отримуємо 0

 ------Порахована вага : -1880 ------

##############
1042 - 26.05.17 - Сихів

--- Рахуємо : Оливки
------Додаємо 1498 з попередньої інвентаризації
------Додаємо 0 з переміщення
------Віднімаємо 30 з розходу

--- Рахуємо : Оливки *Iberica, 1шт/170гр
------Додаємо 2890 з попередньої інвентаризації
------Додаємо 0 з приходу
------Додаємо 0 з переміщення
------Розроблено 0 отримано 0
------Вага продукту: 2890
------Переводимо з коеф 1.03 отримуємо 2805

 ------Порахована вага : 4273 ------

##############
1092 - 26.05.17 - Сихів

--- Рахуємо : Перець консервований Халапеньйо
------Додаємо 0 з попередньої інвентаризації
------Додаємо 0 з переміщення
------Віднімаємо 0 з розходу

--- Рахуємо : Перець Халапеньйо *Manolito, 1банка/1,5кг
------Додаємо 1500 з попередньої інвентаризації
------Додаємо 0 з приходу
------Додаємо 0 з переміщення
------Розроблено 0 отримано 0
------Вага продукту: 1500
------Переводимо з коеф 1.01 отримуємо 1485

 ------Порахована вага : 1485 ------
ROW_COUNT = 15
Копчене куряче філе
Лосось
Огірок Маринований
Оливки
Перець консервований Халапеньйо
Продукт/Інгредієнт/НФ
 -  -  -  -  -  - 
Продукт/Інгредієнт/НФ
 -  -  -  -  -  - 
Копчене куряче філе
 - #,### - #,### гр - #,### - #,### гр -  - 
Копчене куряче філе *ІКО, вагове
 - #,### - #,### гр - #,### - #,### гр -  - 

 -  -  -  -  -  - 
Лосось
 - #,### - #,### гр - #,### - #,### гр -  - 

 -  -  -  -  -  - 
Огірок Маринований
 - #,### - #,### гр - #,### - #,### гр -  - 
Огірок Маринований ваговий
 - #,### - #,### гр - #,### - #,### гр -  - 

 -  -  -  -  -  - 
Оливки
 - #,### - #,### гр - #,### - #,### гр -  - 
Оливки *Iberica, 1шт/170гр
 - #,### банка - #,### гр - #,### банка - #,### гр -  - 

 -  -  -  -  -  - 
Перець консервований Халапеньйо
 - #,### - #,### гр - #,### - #,### гр -  - 
Перець Халапеньйо *Manolito, 1банка/1,5кг
 - #,### банка - #,### гр - #,### банка - #,### гр -  - 
