Сихів
Тарас Гродзіцький
Applicaton is started
initialized
5
Tab added
Tab added
Tab added
Tab added
Tab added
ROW_COUNT = 15
Імбир
Авокадо
Ананас Консервований
Анчоус
Апельсин
Артишок
Базилік
Банан
Бекон
Борошно
Борошно Темпура
Бринза
Вакаме
Васабі порошок
Вершки
Вода
Вугор
Гірчиця
Гарбуз
Дріжді
Каперси
Кетчуп
Ковбаса Папероні
Комбо
Копчене куряче філе
Кріп
Креветка
Кукурудза консервована
Кунжут смажений
Лапша
Лимон
Листя салату
Лосось
Лосось копчений
Мірін
Місопаста
Міцукан
Майонез
Мамінорі
Мамінорі рожеве
Маслини
Масло 72%
Мед
Мисливські Ковбаски 
Морква
Мюнхенські Ковбаски 
Норі
НФ Васабі
НФ Заправка для рису
НФ Рис для суші
НФ Соус Альфредо
НФ Соус Барбекю
НФ Соус від Панди
НФ Соус Горіховий 
НФ Соус соєвий для суші
НФ Соус Спайс
НФ Соус Унагі
НФ Соус Цезар
НФ Суміш Темпура
НФ Тісто для піци
Огірок
Огірок Маринований
Окунь червоний
Олія оливкова
Оливки
Орегано
Перець болгарський
Перець консервований Халапеньйо
Перець мелений
Перець Чілі
Петрушка
Печериці
Полуниця
Помідори
Помідори Пелатті
Помідори Чері
Редька
Рис
Розпушувач
Руккола
Сіль
Салат Айсберг
Салат Чука
Сир Дорблю
Сир Мармуровий
Сир Моцарела
Сир Пармезан
Сир тостовий
Сир Тофу
Сир Філадельфія
Сир Фета
Сніжний краб
Соєвий соус концентрат
Соус Чілі
Стружка тунця
Сухарі
Тобіко червоне
Тунець
Тунець консервований
Хондаші
Цибуля зел
Цибуля Кримська
Цукор
Часник свіжий
Чорний кунжут
Шинка
Широмісу
Шпинат
Яйце перепелине
Копчене куряче філе
Лосось
Огірок Маринований
Оливки
Перець консервований Халапеньйо
Продукт/Інгредієнт/НФ
 -  -  -  -  -  - 
Продукт/Інгредієнт/НФ
 -  -  -  -  -  - 
Копчене куряче філе
 - #,### - #,### гр - #,### - #,### гр -  - 
Копчене куряче філе *ІКО, вагове
 - #,### - #,### гр - #,### - #,### гр -  - 

 -  -  -  -  -  - 
Лосось
 - #,### - #,### гр - #,### - #,### гр -  - 

 -  -  -  -  -  - 
Огірок Маринований
 - #,### - #,### гр - #,### - #,### гр -  - 
Огірок Маринований ваговий
 - #,### - #,### гр - #,### - #,### гр -  - 

 -  -  -  -  -  - 
Оливки
 - #,### - #,### гр - #,### - #,### гр -  - 
Оливки *Iberica, 1шт/170гр
 - #,### банка - #,### гр - #,### банка - #,### гр -  - 

 -  -  -  -  -  - 
Перець консервований Халапеньйо
 - #,### - #,### гр - #,### - #,### гр -  - 
Перець Халапеньйо *Manolito, 1банка/1,5кг
 - #,### банка - #,### гр - #,### банка - #,### гр -  - 
 ---- Рахуємо введенне нето для Копчене куряче філе
--------------Додаємо 948.0 грам
 ---- Рахуємо введенне нето для Копчене куряче філе *ІКО, вагове
 ---- Рахуємо введенне нето для Лосось
--------------Додаємо 24929.0 грам
 ---- Рахуємо введенне нето для Огірок Маринований
--------------Додаємо 0.0 грам
 ---- Рахуємо введенне нето для Огірок Маринований ваговий
 ---- Рахуємо введенне нето для Оливки
--------------Додаємо 1462.0 грам
 ---- Рахуємо введенне нето для Оливки *Iberica, 1шт/170гр
 ---- Рахуємо введенне нето для Перець консервований Халапеньйо
--------------Додаємо 0.0 грам
 ---- Рахуємо введенне нето для Перець Халапеньйо *Manolito, 1банка/1,5кг
ROW_COUNT = 15
Копчене куряче філе
Лосось
Огірок Маринований
Оливки
Перець консервований Халапеньйо
Продукт/Інгредієнт/НФ
 -  -  -  -  -  - 
Продукт/Інгредієнт/НФ
 -  -  -  -  -  - 
Копчене куряче філе
 - #,### - #,### гр - #,### - #,### гр -  - 
Копчене куряче філе *ІКО, вагове
 - #,### - #,### гр - #,### - #,### гр -  - 

 -  -  -  -  -  - 
Лосось
 - #,### - #,### гр - #,### - #,### гр -  - 

 -  -  -  -  -  - 
Огірок Маринований
 - #,### - #,### гр - #,### - #,### гр -  - 
Огірок Маринований ваговий
 - #,### - #,### гр - #,### - #,### гр -  - 

 -  -  -  -  -  - 
Оливки
 - #,### - #,### гр - #,### - #,### гр -  - 
Оливки *Iberica, 1шт/170гр
 - #,### банка - #,### гр - #,### банка - #,### гр -  - 

 -  -  -  -  -  - 
Перець консервований Халапеньйо
 - #,### - #,### гр - #,### - #,### гр -  - 
Перець Халапеньйо *Manolito, 1банка/1,5кг
 - #,### банка - #,### гр - #,### банка - #,### гр -  - 
 ---- Рахуємо введенне нето для Копчене куряче філе
 ---- Рахуємо введенне нето для Копчене куряче філе *ІКО, вагове
 ---- Рахуємо введенне нето для Лосось
 ---- Рахуємо введенне нето для Огірок Маринований
 ---- Рахуємо введенне нето для Огірок Маринований ваговий
 ---- Рахуємо введенне нето для Оливки
 ---- Рахуємо введенне нето для Оливки *Iberica, 1шт/170гр
 ---- Рахуємо введенне нето для Перець консервований Халапеньйо
 ---- Рахуємо введенне нето для Перець Халапеньйо *Manolito, 1банка/1,5кг
ROW_COUNT = 15
Копчене куряче філе
Лосось
Огірок Маринований
Оливки
Перець консервований Халапеньйо
Продукт/Інгредієнт/НФ
 -  -  -  -  -  - 
Продукт/Інгредієнт/НФ
 -  -  -  -  -  - 
Копчене куряче філе
 - #,### - #,### гр - #,### - #,### гр -  - 
Копчене куряче філе *ІКО, вагове
 - #,### - #,### гр - #,### - #,### гр -  - 

 -  -  -  -  -  - 
Лосось
 - #,### - #,### гр - #,### - #,### гр -  - 

 -  -  -  -  -  - 
Огірок Маринований
 - #,### - #,### гр - #,### - #,### гр -  - 
Огірок Маринований ваговий
 - #,### - #,### гр - #,### - #,### гр -  - 

 -  -  -  -  -  - 
Оливки
 - #,### - #,### гр - #,### - #,### гр -  - 
Оливки *Iberica, 1шт/170гр
 - #,### банка - #,### гр - #,### банка - #,### гр -  - 

 -  -  -  -  -  - 
Перець консервований Халапеньйо
 - #,### - #,### гр - #,### - #,### гр -  - 
Перець Халапеньйо *Manolito, 1банка/1,5кг
 - #,### банка - #,### гр - #,### банка - #,### гр -  - 
fillTotalSheet
fillConsumptionSheet
1009
1042
3081
1092
3168
1016
3042
1037
3077
adding to list
clearing dishmap
sorting list
start write
end write
fillPurchaseSheet
fillShiftSheet
fillRozrobkaSheet
fillProdSheet
fillIngredientSheet
fillProdIngSheet
fillTehcardSheet
