Сихів
Тарас Гродзіцький
Applicaton is started
initialized
5
Tab added
Tab added
Tab added
Tab added
Tab added
Імбир
Авокадо
Ананас Консервований
Анчоус
Апельсин
Артишок
Базилік
Банан
Бекон
Борошно
Борошно Темпура
Бринза
Вакаме
Васабі порошок
Вершки
Вода
Вугор
Гірчиця
Гарбуз
Дріжді
Каперси
Кетчуп
Ковбаса Папероні
Комбо
Копчене куряче філе
Кріп
Креветка
Кукурудза консервована
Кунжут смажений
Лапша
Лимон
Листя салату
Лосось
Лосось копчений
Мірін
Місопаста
Міцукан
Майонез
Мамінорі
Мамінорі рожеве
Маслини
Масло 72%
Мед
Мисливські Ковбаски 
Морква
Мюнхенські Ковбаски 
Норі
НФ Васабі
НФ Заправка для рису
НФ Рис для суші
НФ Соус Альфредо
НФ Соус Барбекю
НФ Соус від Панди
НФ Соус Горіховий 
НФ Соус соєвий для суші
НФ Соус Спайс
НФ Соус Унагі
НФ Соус Цезар
НФ Суміш Темпура
НФ Тісто для піци
Огірок
Огірок Маринований
Окунь червоний
Олія оливкова
Оливки
Орегано
Перець болгарський
Перець консервований Халапеньйо
Перець мелений
Перець Чілі
Петрушка
Печериці
Полуниця
Помідори
Помідори Пелатті
Помідори Чері
Редька
Рис
Розпушувач
Руккола
Сіль
Салат Айсберг
Салат Чука
Сир Дорблю
Сир Мармуровий
Сир Моцарела
Сир Пармезан
Сир тостовий
Сир Тофу
Сир Філадельфія
Сир Фета
Сніжний краб
Соєвий соус концентрат
Соус Чілі
Стружка тунця
Сухарі
Тобіко червоне
Тунець
Тунець консервований
Хондаші
Цибуля зел
Цибуля Кримська
Цукор
Часник свіжий
Чорний кунжут
Шинка
Широмісу
Шпинат
Яйце перепелине

##############
1012 - 26.05.17 - Сихів

--- Рахуємо : Тобіко червоне
------Додаємо 994 з попередньої інвентаризації
------Додаємо 0 з переміщення
------Віднімаємо 1016 з розходу

--- Рахуємо : Ікра лет.риби червона Тобікко *SaP N, 1уп/0,5кг
------Додаємо 1000 з попередньої інвентаризації
------Додаємо 0 з приходу
------Додаємо 0 з переміщення
------Розроблено 0 отримано 0
------Вага продукту: 1000
------Переводимо з коеф 1.03 отримуємо 970

--- Рахуємо : Ікра лет.риби червона Тобікко *JnP N, 1уп/0,5кг
------Додаємо 0 з попередньої інвентаризації
------Додаємо 0 з приходу
------Додаємо 0 з переміщення
------Розроблено 0 отримано 0
------Вага продукту: 0
------Переводимо з коеф 1.03 отримуємо 0

 ------Порахована вага : 948 ------

##############
1021 - 26.05.17 - Сихів

--- Рахуємо : Сир Пармезан
------Додаємо 952 з попередньої інвентаризації
------Додаємо -65 з переміщення
------Віднімаємо 2260 з розходу

--- Рахуємо : НФ Соус Альфредо
------Додаємо 700 з попередньої інвентаризації
------Додаємо 0 з переміщення
------Віднімаємо 5100 з розходу
------З коефіцієнтом 0.08718395815170009 переводимо в інг. Рез : -383

--- Рахуємо : Сир Пармезан *Rokiskio, ваговий
------Додаємо 4040 з попередньої інвентаризації
------Додаємо 0 з приходу
------Додаємо 0 з переміщення
------Розроблено 0 отримано 0
------Вага продукту: 4040
------Переводимо з коеф 1.05 отримуємо 3847

 ------Порахована вага : 2091 ------

##############
1017 - 26.05.17 - Сихів

--- Рахуємо : Вугор
------Додаємо 1031 з попередньої інвентаризації
------Додаємо -95 з переміщення
------Віднімаємо 3930 з розходу

--- Рахуємо : НФ Соус Унагі
------Додаємо 1355 з попередньої інвентаризації
------Додаємо -1500 з переміщення
------Віднімаємо 2950 з розходу
------З коефіцієнтом 0.08108108108108109 переводимо в інг. Рез : -250

--- Рахуємо : Вугор обсмажений "Unagi Gold" Premium
------Додаємо 6335 з попередньої інвентаризації
------Додаємо 0 з приходу
------Додаємо 0 з переміщення
------Розроблено 3396 отримано 2175
------Вага продукту: 2939
------Переводимо з коеф 1.54167 отримуємо 1906

--- Рахуємо : Вугор *JnP 9 ,в в/у ваговий
------Додаємо 465 з попередньої інвентаризації
------Додаємо 0 з приходу
------Додаємо 0 з переміщення
------Розроблено 466 отримано 288
------Вага продукту: -1
------Переводимо з коеф 1.55133 отримуємо 0

 ------Порахована вага : 1125 ------

##############
1001 - 26.05.17 - Сихів

--- Рахуємо : Рис
------Додаємо 2340 з попередньої інвентаризації
------Додаємо -1000 з переміщення
------Віднімаємо 0 з розходу

--- Рахуємо : НФ Рис для суші
------Додаємо 12840 з попередньої інвентаризації
------Додаємо -480 з переміщення
------Віднімаємо 146040 з розходу
------З коефіцієнтом 0.4764930114358323 переводимо в інг. Рез : -63697

--- Рахуємо : Рис для суші *Sun West, 1шт/22.680гр
------Додаємо 113400 з попередньої інвентаризації
------Додаємо 113400 з приходу
------Додаємо 0 з переміщення
------Розроблено 0 отримано 0
------Вага продукту: 226800
------Переводимо з коеф 0.99 отримуємо 229090

 ------Порахована вага : 166733 ------

##############
1036 - 26.05.17 - Сихів

--- Рахуємо : Окунь червоний
------Додаємо 38 з попередньої інвентаризації
------Додаємо 0 з переміщення
------Віднімаємо 545 з розходу

--- Рахуємо : Окунь морский (філе тілапії), в в/у ваговий
------Додаємо 4645 з попередньої інвентаризації
------Додаємо 0 з приходу
------Додаємо 0 з переміщення
------Розроблено 748 отримано 605
------Вага продукту: 3897
------Переводимо з коеф 1.22211 отримуємо 3188

 ------Порахована вага : 3286 ------
ROW_COUNT = 21
Тобіко червоне
Сир Пармезан
Вугор
Рис
Окунь червоний
Продукт/Інгредієнт/НФ
 -  -  -  -  -  - 
Продукт/Інгредієнт/НФ
 -  -  -  -  -  - 
Тобіко червоне
 - #,### - #,### гр - #,### - #,### гр -  - 
Ікра лет.риби червона Тобікко *JnP N, 1уп/0,5кг
 - #,### уп - #,### гр - #,### уп - #,### гр -  - 
Ікра лет.риби червона Тобікко *SaP N, 1уп/0,5кг
 - #,### уп - #,### гр - #,### уп - #,### гр -  - 

 -  -  -  -  -  - 
Сир Пармезан
 - #,### - #,### гр - #,### - #,### гр -  - 
НФ Соус Альфредо
 - #,### - #,### гр - #,### - #,### гр -  - 
Сир Пармезан *Rokiskio, ваговий
 - #,### шт - #,### гр - #,### шт - #,### гр -  - 

 -  -  -  -  -  - 
Вугор
 - #,### - #,### гр - #,### - #,### гр -  - 
НФ Соус Унагі
 - #,### - #,### гр - #,### - #,### гр -  - 
Вугор *JnP 9 ,в в/у ваговий
 - #,### шт - #,### гр - #,### шт - #,### гр -  - 
Вугор обсмажений "Unagi Gold" Premium
 - #,### шт - #,### гр - #,### шт - #,### гр -  - 

 -  -  -  -  -  - 
Рис
 - #,### - #,### гр - #,### - #,### гр -  - 
НФ Рис для суші
 - #,### - #,### гр - #,### - #,### гр -  - 
Рис для суші *Sun West, 1шт/22.680гр
 - #,### мішок - #,### гр - #,### мішок - #,### гр -  - 

 -  -  -  -  -  - 
Окунь червоний
 - #,### - #,### гр - #,### - #,### гр -  - 
Окунь морский (філе тілапії), в в/у ваговий
 - #,### шт - #,### гр - #,### шт - #,### гр -  - 
Сихів
Тарас Гродзіцький
Applicaton is started
initialized
5
Tab added
Tab added
Tab added
Tab added
Tab added
Selected : Копчене куряче філе
Selected : Лосось
Selected : Огірок Маринований
Selected : Оливки
Selected : Перець консервований Халапеньйо
 - Selected : Копчене куряче філе
 - Selected : Лосось
 - Selected : Огірок Маринований
 - Selected : Оливки
 - Selected : Перець консервований Халапеньйо

##############
1016 - 26.05.17 - Сихів

--- Рахуємо : Копчене куряче філе
------Додаємо 728 з попередньої інвентаризації
------Додаємо 0 з переміщення
------Віднімаємо 2155 з розходу

--- Рахуємо : Копчене куряче філе *ІКО, вагове
------Додаємо 78237 з попередньої інвентаризації
------Додаємо 0 з приходу
------Додаємо 0 з переміщення
------Розроблено 0 отримано 0
------Вага продукту: 78237
------Переводимо з коеф 1.06 отримуємо 73808

 ------Порахована вага : 72381 ------

##############
1009 - 26.05.17 - Сихів

--- Рахуємо : Лосось
------Додаємо 34961 з попередньої інвентаризації
------Додаємо -120 з переміщення
------Віднімаємо 8635 з розходу

--- Рахуємо : Лосось філе ваговий
------Додаємо 0 з попередньої інвентаризації
------Додаємо 0 з приходу
------Додаємо 0 з переміщення
------Розроблено 0 отримано 0
------Вага продукту: 0
------Переводимо з коеф 1.316 отримуємо 0

 ------Порахована вага : 26206 ------

##############
1037 - 26.05.17 - Сихів

--- Рахуємо : Огірок Маринований
------Додаємо 4100 з попередньої інвентаризації
------Додаємо 0 з переміщення
------Віднімаємо 5980 з розходу

--- Рахуємо : Огірок Маринований ваговий
------Додаємо 0 з попередньої інвентаризації
------Додаємо 0 з приходу
------Додаємо 0 з переміщення
------Розроблено 0 отримано 0
------Вага продукту: 0
------Переводимо з коеф 1.25 отримуємо 0

 ------Порахована вага : -1880 ------

##############
1042 - 26.05.17 - Сихів

--- Рахуємо : Оливки
------Додаємо 1498 з попередньої інвентаризації
------Додаємо 0 з переміщення
------Віднімаємо 30 з розходу

--- Рахуємо : Оливки *Iberica, 1шт/170гр
------Додаємо 2890 з попередньої інвентаризації
------Додаємо 0 з приходу
------Додаємо 0 з переміщення
------Розроблено 0 отримано 0
------Вага продукту: 2890
------Переводимо з коеф 1.03 отримуємо 2805

 ------Порахована вага : 4273 ------

##############
1092 - 26.05.17 - Сихів

--- Рахуємо : Перець консервований Халапеньйо
------Додаємо 0 з попередньої інвентаризації
------Додаємо 0 з переміщення
------Віднімаємо 0 з розходу

--- Рахуємо : Перець Халапеньйо *Manolito, 1банка/1,5кг
------Додаємо 1500 з попередньої інвентаризації
------Додаємо 0 з приходу
------Додаємо 0 з переміщення
------Розроблено 0 отримано 0
------Вага продукту: 1500
------Переводимо з коеф 1.01 отримуємо 1485

 ------Порахована вага : 1485 ------
ROW_COUNT = 15
Копчене куряче філе
Лосось
Огірок Маринований
Оливки
Перець консервований Халапеньйо
Продукт/Інгредієнт/НФ
 -  -  -  -  -  - 
Продукт/Інгредієнт/НФ
 -  -  -  -  -  - 
Копчене куряче філе
 - #,### - #,### гр - #,### - #,### гр -  - 
Копчене куряче філе *ІКО, вагове
 - #,### - #,### гр - #,### - #,### гр -  - 

 -  -  -  -  -  - 
Лосось
 - #,### - #,### гр - #,### - #,### гр -  - 

 -  -  -  -  -  - 
Огірок Маринований
 - #,### - #,### гр - #,### - #,### гр -  - 
Огірок Маринований ваговий
 - #,### - #,### гр - #,### - #,### гр -  - 

 -  -  -  -  -  - 
Оливки
 - #,### - #,### гр - #,### - #,### гр -  - 
Оливки *Iberica, 1шт/170гр
 - #,### банка - #,### гр - #,### банка - #,### гр -  - 

 -  -  -  -  -  - 
Перець консервований Халапеньйо
 - #,### - #,### гр - #,### - #,### гр -  - 
Перець Халапеньйо *Manolito, 1банка/1,5кг
 - #,### банка - #,### гр - #,### банка - #,### гр -  - 
 ---- Рахуємо введенне нето для Копчене куряче філе
--------------Додаємо 948.0 грам
 ---- Рахуємо введенне нето для Копчене куряче філе *ІКО, вагове
 ---- Рахуємо введенне нето для Лосось
--------------Додаємо 24929.0 грам
 ---- Рахуємо введенне нето для Огірок Маринований
--------------Додаємо 0.0 грам
 ---- Рахуємо введенне нето для Огірок Маринований ваговий
 ---- Рахуємо введенне нето для Оливки
--------------Додаємо 1462.0 грам
 ---- Рахуємо введенне нето для Оливки *Iberica, 1шт/170гр
 ---- Рахуємо введенне нето для Перець консервований Халапеньйо
--------------Додаємо 0.0 грам
 ---- Рахуємо введенне нето для Перець Халапеньйо *Manolito, 1банка/1,5кг
Сихів
Тарас Гродзіцький
Applicaton is started
initialized
5
Tab added
Tab added
Tab added
Tab added
Tab added
ROW_COUNT = 15
Копчене куряче філе
Лосось
Огірок Маринований
Оливки
Перець консервований Халапеньйо
Продукт/Інгредієнт/НФ
 -  -  -  -  -  - 
Продукт/Інгредієнт/НФ
 -  -  -  -  -  - 
Копчене куряче філе
 - #,### - #,### гр - #,### - #,### гр -  - 
Копчене куряче філе *ІКО, вагове
 - #,### - #,### гр - #,### - #,### гр -  - 

 -  -  -  -  -  - 
Лосось
 - #,### - #,### гр - #,### - #,### гр -  - 

 -  -  -  -  -  - 
Огірок Маринований
 - #,### - #,### гр - #,### - #,### гр -  - 
Огірок Маринований ваговий
 - #,### - #,### гр - #,### - #,### гр -  - 

 -  -  -  -  -  - 
Оливки
 - #,### - #,### гр - #,### - #,### гр -  - 
Оливки *Iberica, 1шт/170гр
 - #,### банка - #,### гр - #,### банка - #,### гр -  - 

 -  -  -  -  -  - 
Перець консервований Халапеньйо
 - #,### - #,### гр - #,### - #,### гр -  - 
Перець Халапеньйо *Manolito, 1банка/1,5кг
 - #,### банка - #,### гр - #,### банка - #,### гр -  - 
 ---- Рахуємо введенне нето для Копчене куряче філе
 ---- Рахуємо введенне нето для Копчене куряче філе *ІКО, вагове
 ---- Рахуємо введенне нето для Лосось
 ---- Рахуємо введенне нето для Огірок Маринований
 ---- Рахуємо введенне нето для Огірок Маринований ваговий
 ---- Рахуємо введенне нето для Оливки
 ---- Рахуємо введенне нето для Оливки *Iberica, 1шт/170гр
 ---- Рахуємо введенне нето для Перець консервований Халапеньйо
--------------Додаємо 0.0 грам
 ---- Рахуємо введенне нето для Перець Халапеньйо *Manolito, 1банка/1,5кг
 ---- Рахуємо введенне нето для Копчене куряче філе
 ---- Рахуємо введенне нето для Копчене куряче філе *ІКО, вагове
 ---- Рахуємо введенне нето для Лосось
 ---- Рахуємо введенне нето для Огірок Маринований
 ---- Рахуємо введенне нето для Огірок Маринований ваговий
 ---- Рахуємо введенне нето для Оливки
 ---- Рахуємо введенне нето для Оливки *Iberica, 1шт/170гр
Сихів
Тарас Гродзіцький
Applicaton is started
initialized
5
Tab added
Tab added
Tab added
Tab added
Tab added
ROW_COUNT = 15
Копчене куряче філе
Лосось
Огірок Маринований
Оливки
Перець консервований Халапеньйо
Продукт/Інгредієнт/НФ
 -  -  -  -  -  - 
Продукт/Інгредієнт/НФ
 -  -  -  -  -  - 
Копчене куряче філе
 - #,### - #,### гр - #,### - #,### гр -  - 
Копчене куряче філе *ІКО, вагове
 - #,### - #,### гр - #,### - #,### гр -  - 

 -  -  -  -  -  - 
Лосось
 - #,### - #,### гр - #,### - #,### гр -  - 

 -  -  -  -  -  - 
Огірок Маринований
 - #,### - #,### гр - #,### - #,### гр -  - 
Огірок Маринований ваговий
 - #,### - #,### гр - #,### - #,### гр -  - 

 -  -  -  -  -  - 
Оливки
 - #,### - #,### гр - #,### - #,### гр -  - 
Оливки *Iberica, 1шт/170гр
 - #,### банка - #,### гр - #,### банка - #,### гр -  - 

 -  -  -  -  -  - 
Перець консервований Халапеньйо
 - #,### - #,### гр - #,### - #,### гр -  - 
Перець Халапеньйо *Manolito, 1банка/1,5кг
 - #,### банка - #,### гр - #,### банка - #,### гр -  - 
 ---- Рахуємо введенне нето для Копчене куряче філе
 ---- Рахуємо введенне нето для Копчене куряче філе *ІКО, вагове
 ---- Рахуємо введенне нето для Лосось
 ---- Рахуємо введенне нето для Огірок Маринований
 ---- Рахуємо введенне нето для Огірок Маринований ваговий
 ---- Рахуємо введенне нето для Оливки
 ---- Рахуємо введенне нето для Оливки *Iberica, 1шт/170гр
 ---- Рахуємо введенне нето для Перець консервований Халапеньйо
--------------Додаємо 0.0 грам
 ---- Рахуємо введенне нето для Перець Халапеньйо *Manolito, 1банка/1,5кг
Сихів
Тарас Гродзіцький
Applicaton is started
initialized
5
Tab added
Tab added
Tab added
Tab added
Tab added
ROW_COUNT = 15
Копчене куряче філе
Лосось
Огірок Маринований
Оливки
Перець консервований Халапеньйо
Продукт/Інгредієнт/НФ
 -  -  -  -  -  - 
Продукт/Інгредієнт/НФ
 -  -  -  -  -  - 
Копчене куряче філе
 - #,### - #,### гр - #,### - #,### гр -  - 
Копчене куряче філе *ІКО, вагове
 - #,### - #,### гр - #,### - #,### гр -  - 

 -  -  -  -  -  - 
Лосось
 - #,### - #,### гр - #,### - #,### гр -  - 

 -  -  -  -  -  - 
Огірок Маринований
 - #,### - #,### гр - #,### - #,### гр -  - 
Огірок Маринований ваговий
 - #,### - #,### гр - #,### - #,### гр -  - 

 -  -  -  -  -  - 
Оливки
 - #,### - #,### гр - #,### - #,### гр -  - 
Оливки *Iberica, 1шт/170гр
 - #,### банка - #,### гр - #,### банка - #,### гр -  - 

 -  -  -  -  -  - 
Перець консервований Халапеньйо
 - #,### - #,### гр - #,### - #,### гр -  - 
Перець Халапеньйо *Manolito, 1банка/1,5кг
 - #,### банка - #,### гр - #,### банка - #,### гр -  - 
fillTotalSheet
fillConsumptionSheet
1009
1042
3081
1092
3168
1016
3042
1037
3077
adding to list
clearing dishmap
sorting list
start write
end write
fillPurchaseSheet
fillShiftSheet
fillRozrobkaSheet
fillProdSheet
fillIngredientSheet
fillProdIngSheet
fillTehcardSheet
