Сихів
Тарас Гродзіцький
Applicaton is started
initialized
5
Tab added
Tab added
Tab added
Tab added
Tab added
Сихів
Тарас Гродзіцький
Applicaton is started
initialized
5
Tab added
Tab added
Tab added
Tab added
Tab added
Імбир
Авокадо
Ананас Консервований
Анчоус
Апельсин
Артишок
Базилік
Банан
Бекон
Борошно
Борошно Темпура
Бринза
Вакаме
Васабі порошок
Вершки
Вода
Вугор
Гірчиця
Гарбуз
Дріжді
Каперси
Кетчуп
Ковбаса Папероні
Комбо
Копчене куряче філе
Кріп
Креветка
Кукурудза консервована
Кунжут смажений
Лапша
Лимон
Листя салату
Лосось
Лосось копчений
Мірін
Місопаста
Міцукан
Майонез
Мамінорі
Мамінорі рожеве
Маслини
Масло 72%
Мед
Мисливські Ковбаски 
Морква
Мюнхенські Ковбаски 
Норі
НФ Васабі
НФ Заправка для рису
НФ Рис для суші
НФ Соус Альфредо
НФ Соус Барбекю
НФ Соус від Панди
НФ Соус Горіховий 
НФ Соус соєвий для суші
НФ Соус Спайс
НФ Соус Унагі
НФ Соус Цезар
НФ Суміш Темпура
НФ Тісто для піци
Огірок
Огірок Маринований
Окунь червоний
Олія оливкова
Оливки
Орегано
Перець болгарський
Перець консервований Халапеньйо
Перець мелений
Перець Чілі
Петрушка
Печериці
Полуниця
Помідори
Помідори Пелатті
Помідори Чері
Редька
Рис
Розпушувач
Руккола
Сіль
Салат Айсберг
Салат Чука
Сир Дорблю
Сир Мармуровий
Сир Моцарела
Сир Пармезан
Сир тостовий
Сир Тофу
Сир Філадельфія
Сир Фета
Сніжний краб
Соєвий соус концентрат
Соус Чілі
Стружка тунця
Сухарі
Тобіко червоне
Тунець
Тунець консервований
Хондаші
Цибуля зел
Цибуля Кримська
Цукор
Часник свіжий
Чорний кунжут
Шинка
Широмісу
Шпинат
Яйце перепелине

##############
1060 - 29.05.17 - Сихів

--- Рахуємо : Імбир
------Додаємо 1340 з попередньої інвентаризації
------Додаємо 0 з переміщення
------Віднімаємо 14860 з розходу

--- Рахуємо : Імбир маринований рожевий JnP 1уп/1.5кг
------Додаємо 0 з попередньої інвентаризації
------Додаємо 0 з приходу
------Додаємо 0 з переміщення
------Розроблено 0 отримано 0
------Вага продукту: 0
------Переводимо з коеф 1.76 отримуємо 0

--- Рахуємо : Імбир маринований *JnP, 1уп/1.4кг
------Додаємо 42000 з попередньої інвентаризації
------Додаємо 0 з приходу
------Додаємо 0 з переміщення
------Розроблено 0 отримано 0
------Вага продукту: 42000
------Переводимо з коеф 1.0 отримуємо 42000

 ------Порахована вага : 28480 ------

##############
1019 - 29.05.17 - Сихів

--- Рахуємо : Ковбаса Папероні
------Додаємо 946 з попередньої інвентаризації
------Додаємо -25 з переміщення
------Віднімаємо 14601 з розходу

--- Рахуємо : Ковбаса Папероні *Глобино вагова
------Додаємо 10285 з попередньої інвентаризації
------Додаємо 10285 з приходу
------Додаємо 0 з переміщення
------Розроблено 0 отримано 0
------Вага продукту: 20570
------Переводимо з коеф 1.12 отримуємо 18366

 ------Порахована вага : 4686 ------

##############
1036 - 29.05.17 - Сихів

--- Рахуємо : Окунь червоний
------Додаємо 38 з попередньої інвентаризації
------Додаємо -20 з переміщення
------Віднімаємо 1195 з розходу

--- Рахуємо : Окунь морский (філе тілапії), в в/у ваговий
------Додаємо 4645 з попередньої інвентаризації
------Додаємо 0 з приходу
------Додаємо 0 з переміщення
------Розроблено 1815 отримано 1465
------Вага продукту: 2830
------Переводимо з коеф 1.21889 отримуємо 2321

 ------Порахована вага : 2609 ------

##############
1028 - 29.05.17 - Сихів

--- Рахуємо : Перець болгарський
------Додаємо 197 з попередньої інвентаризації
------Додаємо 0 з переміщення
------Віднімаємо 620 з розходу

--- Рахуємо : НФ Соус Барбекю
------Додаємо 360 з попередньої інвентаризації
------Додаємо 0 з переміщення
------Віднімаємо 12730 з розходу
------З коефіцієнтом 0.11320754716981132 переводимо в інг. Рез : -1400

--- Рахуємо : Перець болгарський ваговий
------Додаємо 995 з попередньої інвентаризації
------Додаємо 2793 з приходу
------Додаємо 0 з переміщення
------Розроблено 0 отримано 0
------Вага продукту: 3788
------Переводимо з коеф 1.2 отримуємо 3156

 ------Порахована вага : 1333 ------

##############
1017 - 29.05.17 - Сихів

--- Рахуємо : Вугор
------Додаємо 1031 з попередньої інвентаризації
------Додаємо -95 з переміщення
------Віднімаємо 6470 з розходу

--- Рахуємо : НФ Соус Унагі
------Додаємо 1355 з попередньої інвентаризації
------Додаємо -1500 з переміщення
------Віднімаємо 4559 з розходу
------З коефіцієнтом 0.08108108108108109 переводимо в інг. Рез : -381

--- Рахуємо : Вугор обсмажений "Unagi Gold" Premium
------Додаємо 6335 з попередньої інвентаризації
------Додаємо 5300 з приходу
------Додаємо 0 з переміщення
------Розроблено 7377 отримано 4953
------Вага продукту: 4258
------Переводимо з коеф 1.49174 отримуємо 2854

--- Рахуємо : Вугор *JnP 9 ,в в/у ваговий
------Додаємо 465 з попередньої інвентаризації
------Додаємо 0 з приходу
------Додаємо 0 з переміщення
------Розроблено 466 отримано 288
------Вага продукту: -1
------Переводимо з коеф 1.55133 отримуємо 0

 ------Порахована вага : 2180 ------
ROW_COUNT = 34
Авокадо
Перець консервований Халапеньйо
Сир Фета
Сир тостовий
Вакаме
Імбир
Ковбаса Папероні
Окунь червоний
Перець болгарський
Вугор
Продукт/Інгредієнт/НФ
 -  -  -  -  -  - 
Продукт/Інгредієнт/НФ
 -  -  -  -  -  - 
Авокадо
 - #,### - #,### гр - #,### - #,### гр -  - 
Авокадо ваговий
 - #,### - #,### гр - #,### - #,### гр -  - 

 -  -  -  -  -  - 
Перець консервований Халапеньйо
 - #,### - #,### гр - #,### - #,### гр -  - 
Перець Халапеньйо *Manolito, 1банка/1,5кг
 - #,### банка - #,### гр - #,### банка - #,### гр -  - 

 -  -  -  -  -  - 
Сир Фета
 - #,### - #,### гр - #,### - #,### гр -  - 
Сир Фета *Premiale, 1шп/0.250гр
 - #,### уп - #,### гр - #,### уп - #,### гр -  - 

 -  -  -  -  -  - 
Сир тостовий
 - #,### - #,### гр - #,### - #,### гр -  - 
Сир тостовий *President, 1уп/0.200гр
 - #,### уп - #,### гр - #,### уп - #,### гр -  - 

 -  -  -  -  -  - 
Вакаме
 - #,### - #,### гр - #,### - #,### гр -  - 
Водорості суш. Фуеру Вакаме *JnP 1уп/0,5кг
 - #,### уп - #,### гр - #,### уп - #,### гр -  - 

 -  -  -  -  -  - 
Імбир
 - #,### - #,### гр - #,### - #,### гр -  - 
Імбир маринований *JnP, 1уп/1.4кг
 - #,### уп - #,### гр - #,### уп - #,### гр -  - 

 -  -  -  -  -  - 
Ковбаса Папероні
 - #,### - #,### гр - #,### - #,### гр -  - 
Ковбаса Папероні *Глобино вагова
 - #,### шт - #,### гр - #,### шт - #,### гр -  - 

 -  -  -  -  -  - 
Окунь червоний
 - #,### - #,### гр - #,### - #,### гр -  - 
Окунь морский (філе тілапії), в в/у ваговий
 - #,### шт - #,### гр - #,### шт - #,### гр -  - 

 -  -  -  -  -  - 
Перець болгарський
 - #,### - #,### гр - #,### - #,### гр -  - 
НФ Соус Барбекю
 - #,### - #,### гр - #,### - #,### гр -  - 
Перець болгарський ваговий
 - #,### шт - #,### гр - #,### шт - #,### гр -  - 

 -  -  -  -  -  - 
Вугор
 - #,### - #,### гр - #,### - #,### гр -  - 
НФ Соус Унагі
 - #,### - #,### гр - #,### - #,### гр -  - 
Вугор *JnP 9 ,в в/у ваговий
 - #,### шт - #,### гр - #,### шт - #,### гр -  - 
Вугор обсмажений "Unagi Gold" Premium
 - #,### шт - #,### гр - #,### шт - #,### гр -  - 
Сихів
Тарас Гродзіцький
Applicaton is started
initialized
5
Tab added
Tab added
Tab added
Tab added
Tab added
