Сихів
Тарас Гродзіцький
Applicaton is started
initialized
5
Tab added
Tab added
Tab added
Tab added
Tab added
Selected : Анчоус
Selected : Мамінорі
Selected : Мамінорі рожеве
Selected : Норі
Selected : Олія оливкова
Selected : Помідори Пелатті
Selected : Шинка
 - Selected : Анчоус
 - Selected : Мамінорі
 - Selected : Мамінорі рожеве
 - Selected : Норі
 - Selected : Олія оливкова
 - Selected : Помідори Пелатті
 - Selected : Шинка
Імбир
Авокадо
Ананас Консервований
Анчоус
Апельсин
Артишок
Базилік
Банан
Бекон
Борошно
Борошно Темпура
Бринза
Вакаме
Васабі порошок
Вершки
Вода
Вугор
Гірчиця
Гарбуз
Дріжді
Каперси
Кетчуп
Ковбаса Папероні
Комбо
Копчене куряче філе
Кріп
Креветка
Кукурудза консервована
Кунжут смажений
Лапша
Лимон
Листя салату
Лосось
Лосось копчений
Мірін
Місопаста
Міцукан
Майонез
Мамінорі
Мамінорі рожеве
Маслини
Масло 72%
Мед
Мисливські Ковбаски 
Морква
Мюнхенські Ковбаски 
Норі
НФ Васабі
НФ Заправка для рису
НФ Рис для суші
НФ Соус Альфредо
НФ Соус Барбекю
НФ Соус від Панди
НФ Соус Горіховий 
НФ Соус соєвий для суші
НФ Соус Спайс
НФ Соус Унагі
НФ Соус Цезар
НФ Суміш Темпура
НФ Тісто для піци
Огірок
Огірок Маринований
Окунь червоний
Олія оливкова
Оливки
Орегано
Перець болгарський
Перець консервований Халапеньйо
Перець мелений
Перець Чілі
Петрушка
Печериці
Полуниця
Помідори
Помідори Пелатті
Помідори Чері
Редька
Рис
Розпушувач
Руккола
Сіль
Салат Айсберг
Салат Чука
Сир Дорблю
Сир Мармуровий
Сир Моцарела
Сир Пармезан
Сир тостовий
Сир Тофу
Сир Філадельфія
Сир Фета
Сніжний краб
Соєвий соус концентрат
Соус Чілі
Стружка тунця
Сухарі
Тобіко червоне
Тунець
Тунець консервований
Хондаші
Цибуля зел
Цибуля Кримська
Цукор
Часник свіжий
Чорний кунжут
Шинка
Широмісу
Шпинат
Яйце перепелине

##############
1093 - 31.05.17 - Сихів

--- Рахуємо : Анчоус
------Додаємо 342 з попередньої інвентаризації
------Додаємо 0 з переміщення
------Віднімаємо 0 з розходу

--- Рахуємо : Анчоус *Porticello, 1б/396гр
------Додаємо 0 з попередньої інвентаризації
------Додаємо 0 з приходу
------Додаємо 0 з переміщення
------Розроблено 0 отримано 0
------Вага продукту: 0
------Переводимо з коеф 1.01 отримуємо 0

 ------Порахована вага : 342 ------

##############
1065 - 31.05.17 - Сихів

--- Рахуємо : Мамінорі
------Додаємо 23 з попередньої інвентаризації
------Додаємо 0 з переміщення
------Віднімаємо 1 з розходу

--- Рахуємо : Папір соєвий жовтогарячий Мамінорі *SushiParty, 1уп/20 лист 
------Додаємо 20 з попередньої інвентаризації
------Додаємо 0 з приходу
------Додаємо 0 з переміщення
------Розроблено 0 отримано 0
------Вага продукту: 20
------Переводимо з коеф 1.0 отримуємо 20

 ------Порахована вага : 42 ------

##############
1716 - 31.05.17 - Сихів

 ------Порахована вага : 0 ------

##############
1002 - 31.05.17 - Сихів

--- Рахуємо : Норі
------Додаємо 0 з попередньої інвентаризації
------Додаємо 0 з переміщення
------Віднімаємо 2664 з розходу

--- Рахуємо : Норі *KS silver, 1уп/50шт
------Додаємо 500 з попередньої інвентаризації
------Додаємо 0 з приходу
------Додаємо 0 з переміщення
------Розроблено 0 отримано 0
------Вага продукту: 500
------Переводимо з коеф 1.0 отримуємо 500

--- Рахуємо : Норі *KS gold, 1уп/50шт
------Додаємо 900 з попередньої інвентаризації
------Додаємо 0 з приходу
------Додаємо 0 з переміщення
------Розроблено 0 отримано 0
------Вага продукту: 900
------Переводимо з коеф 1.0 отримуємо 900

--- Рахуємо : Норі, *Gold, 1уп/50шт
------Додаємо 0 з попередньої інвентаризації
------Додаємо 0 з приходу
------Додаємо 0 з переміщення
------Розроблено 0 отримано 0
------Вага продукту: 0
------Переводимо з коеф 1.0 отримуємо 0

 ------Порахована вага : -1264 ------

##############
1035 - 31.05.17 - Сихів

--- Рахуємо : Олія оливкова
------Додаємо 1400 з попередньої інвентаризації
------Додаємо 0 з переміщення
------Віднімаємо 575 з розходу

--- Рахуємо : НФ Тісто для піци
------Додаємо 24240 з попередньої інвентаризації
------Додаємо -2580 з переміщення
------Віднімаємо 450060 з розходу
------З коефіцієнтом 0.018951358180669616 переводимо в інг. Рез : -8118

--- Рахуємо : НФ Соус Барбекю
------Додаємо 1300 з попередньої інвентаризації
------Додаємо -110 з переміщення
------Віднімаємо 27390 з розходу
------З коефіцієнтом 0.0660377358490566 переводимо в інг. Рез : -1730

--- Рахуємо : НФ Соус від Панди
------Додаємо 1120 з попередньої інвентаризації
------Додаємо -350 з переміщення
------Віднімаємо 61400 з розходу
------З коефіцієнтом 0.026985350809560524 переводимо в інг. Рез : -1636

--- Рахуємо : Олія оливкова *DeCecco, 1уп/1л
------Додаємо 5000 з попередньої інвентаризації
------Додаємо 0 з приходу
------Додаємо 0 з переміщення
------Розроблено 0 отримано 0
------Вага продукту: 5000
------Переводимо з коеф 1.1 отримуємо 4545

--- Рахуємо : Оливкова олія *Vesuvio 1шт/5л
------Додаємо 30000 з попередньої інвентаризації
------Додаємо 20000 з приходу
------Додаємо 0 з переміщення
------Розроблено 0 отримано 0
------Вага продукту: 50000
------Переводимо з коеф 1.01 отримуємо 49504

 ------Порахована вага : 43390 ------

##############
1078 - 31.05.17 - Сихів

--- Рахуємо : Помідори Пелатті
------Додаємо 0 з попередньої інвентаризації
------Додаємо 0 з переміщення
------Віднімаємо 0 з розходу

--- Рахуємо : НФ Соус від Панди
------Додаємо 380 з попередньої інвентаризації
------Додаємо 0 з переміщення
------Віднімаємо 2780 з розходу
------З коефіцієнтом 0.9830377794911334 переводимо в інг. Рез : -2359

--- Рахуємо : Помідори Пелатті *NOVI, 1шт/2.500гр
------Додаємо 27500 з попередньої інвентаризації
------Додаємо 0 з приходу
------Додаємо 0 з переміщення
------Розроблено 0 отримано 0
------Вага продукту: 27500
------Переводимо з коеф 1.0 отримуємо 27500

 ------Порахована вага : 25141 ------

##############
1020 - 31.05.17 - Сихів

--- Рахуємо : Шинка
------Додаємо 1921 з попередньої інвентаризації
------Додаємо 0 з переміщення
------Віднімаємо 1240 з розходу

--- Рахуємо : Шинка вагова
------Додаємо 12194 з попередньої інвентаризації
------Додаємо 0 з приходу
------Додаємо 0 з переміщення
------Розроблено 0 отримано 0
------Вага продукту: 12194
------Переводимо з коеф 1.09 отримуємо 11187

 ------Порахована вага : 11868 ------
ROW_COUNT = 28
Анчоус
Мамінорі
Норі
Олія оливкова
Помідори Пелатті
Шинка
Продукт/Інгредієнт/НФ
 -  -  -  -  -  - 
Продукт/Інгредієнт/НФ
 -  -  -  -  -  - 
Анчоус
 - #,### - #,### гр - #,### - #,### гр -  - 

 -  -  -  -  -  - 
Мамінорі
 - #,### - #,### гр - #,### - #,### гр -  - 
Папір соєвий жовтогарячий Мамінорі *SushiParty, 1уп/20 лист 
 - #,### уп - #,### гр - #,### уп - #,### гр -  - 

 -  -  -  -  -  - 
Мамінорі рожеве
 - #,### - #,### гр - #,### - #,### гр -  - 
Папір соєвий рожевий Мамінорі *SushiParty, 1уп/20 лист 
 - #,### уп - #,### гр - #,### уп - #,### гр -  - 

 -  -  -  -  -  - 
Норі
 - #,### - #,### гр - #,### - #,### гр -  - 
Норі *KS gold, 1уп/50шт
 - #,### уп - #,### гр - #,### уп - #,### гр -  - 
Норі *KS silver, 1уп/50шт
 - #,### уп - #,### гр - #,### уп - #,### гр -  - 
Норі, *Gold, 1уп/50шт
 - #,### уп - #,### гр - #,### уп - #,### гр -  - 

 -  -  -  -  -  - 
Олія оливкова
 - #,### - #,### гр - #,### - #,### гр -  - 
НФ Тісто для піци
 - #,### - #,### гр - #,### - #,### гр -  - 
НФ Соус від Панди
 - #,### - #,### гр - #,### - #,### гр -  - 
НФ Соус Барбекю
 - #,### - #,### гр - #,### - #,### гр -  - 
Олія оливкова *DeCecco, 1уп/1л
 - #,### шт - #,### мл - #,### шт - #,### мл -  - 
Оливкова олія *Vesuvio 1шт/5л
 - #,### шт - #,### мл - #,### шт - #,### мл -  - 

 -  -  -  -  -  - 
Помідори Пелатті
 - #,### - #,### гр - #,### - #,### гр -  - 
НФ Соус від Панди
 - #,### - #,### гр - #,### - #,### гр -  - 
Помідори Пелатті *NOVI, 1шт/2.500гр
 - #,### банка - #,### гр - #,### банка - #,### гр -  - 

 -  -  -  -  -  - 
Шинка
 - #,### - #,### гр - #,### - #,### гр -  - 
Шинка вагова
 - #,### - #,### гр - #,### - #,### гр -  - 
